2026-01-28 18:48:27,455	INFO worker.py:1998 -- Started a local Ray instance. View the dashboard at [1m[32m127.0.0.1:11015 [39m[22m
/m-coriander/coriander/wxdeng/conda-envs/piper_ref/lib/python3.10/site-packages/ray/_private/worker.py:2046: FutureWarning: Tip: In future versions of Ray, Ray will no longer override accelerator visible devices env var if num_gpus=0 or num_gpus=None (default). To enable this behavior and turn off this error message, set RAY_ACCEL_ENV_VAR_OVERRIDE_ON_ZERO=0
  warnings.warn(
session_dir = /home/wxdeng/ray_tmp/ray/session_2026-01-28_18-48-19_758530_1386771
logs_dir    = /home/wxdeng/ray_tmp/ray/session_2026-01-28_18-48-19_758530_1386771/logs
[36m(PiperProgramCoordinator pid=1388144)[0m 2026-01-28 18:48:34,467 - piper_coordinator - INFO - Running program with 1 DP ranks and 2 PP ranks
[36m(run_dp_rank pid=1388146)[0m Namespace(model='LLAMA_3B', schedule='1f1b', num_stages=2, dp_degree=1, pp_degree=2, batch_size=16, num_mbs=4, seq_len=256, warmup=1, iters=1, tracing=False, verify_weights=False)
[36m(run_dp_rank pid=1388146)[0m 2026-01-28 18:49:17,030 - piper_compile - INFO - DP rank 0 compiling 2 stages...
[33m(raylet)[0m WARNING: Device-side CUDA Event completion trace is currently enabled.
[33m(raylet)[0m          This may increase runtime overhead and the likelihood of false
[33m(raylet)[0m          dependencies across CUDA Streams. If you wish to avoid this, please
[33m(raylet)[0m          disable the feature with --cuda-event-trace=false.
[36m(PiperActor pid=1410369)[0m 2026-01-28 18:49:58,890 - piper_actor - INFO - Initializing Ray actor 0 global rank 0 with PID: 1410369
[33m(raylet)[0m WARNING: Device-side CUDA Event completion trace is currently enabled.
[33m(raylet)[0m          This may increase runtime overhead and the likelihood of false
[33m(raylet)[0m          dependencies across CUDA Streams. If you wish to avoid this, please
[33m(raylet)[0m          disable the feature with --cuda-event-trace=false.
[36m(PiperActor pid=1419989)[0m 2026-01-28 18:50:30,876 - piper_actor - INFO - Initializing Ray actor 1 global rank 1 with PID: 1419989
[36m(run_dp_rank pid=1388146)[0m 2026-01-28 18:51:09,979 - piper_compile - INFO - DP rank 0 joining process groups
[36m(run_dp_rank pid=1388146)[0m 2026-01-28 18:51:10,004 - piper_compile - INFO - DP rank 0 completed setup for 2 actors
[36m(run_dp_rank pid=1388146)[0m SCHEDULE:
[36m(run_dp_rank pid=1388146)[0m 0:0:f	0:1:f	0:2:f	0:0:b	0:3:f	0:1:b	 -- 	0:2:b	 -- 	0:3:b	0:3:u	
[36m(run_dp_rank pid=1388146)[0m  -- 	1:0:f	1:0:b	1:1:f	1:1:b	1:2:f	1:2:b	1:3:f	1:3:b	1:3:u	 -- 	
[36m(run_dp_rank pid=1388146)[0m 2026-01-28 18:51:10,630 - piper_compile - INFO - DP rank 0 Started NCCL group with 2 actors
[36m(run_dp_rank pid=1388146)[0m Running 1 warmup iterations...
[36m(PiperActor pid=1410369)[0m 2026-01-28 18:51:10,727 - piper_actor - INFO - Actor 0: Tracing disabled
[33m(raylet)[0m WARNING: Device-side CUDA Event completion trace is currently enabled.
[33m(raylet)[0m          This may increase runtime overhead and the likelihood of false
[33m(raylet)[0m          dependencies across CUDA Streams. If you wish to avoid this, please
[33m(raylet)[0m          disable the feature with --cuda-event-trace=false.
[36m(run_dp_rank pid=1388146)[0m Running 1 timed iterations...
[36m(run_dp_rank pid=1388146)[0m Iteration time: 4334 ms
[36m(run_dp_rank pid=1388146)[0m 1f1b throughput: 3781 tokens/sec
[36m(PiperActor pid=1419989)[0m 2026-01-28 18:51:10,727 - piper_actor - INFO - Actor 1: Tracing disabled
