2026-02-23 09:44:58,398	INFO worker.py:2007 -- Started a local Ray instance.
/m-coriander/coriander/wxdeng/conda-envs/piper_ref/lib/python3.10/site-packages/ray/_private/worker.py:2046: FutureWarning: Tip: In future versions of Ray, Ray will no longer override accelerator visible devices env var if num_gpus=0 or num_gpus=None (default). To enable this behavior and turn off this error message, set RAY_ACCEL_ENV_VAR_OVERRIDE_ON_ZERO=0
  warnings.warn(
[36m(run_dp_rank pid=3315950)[0m 2026-02-23 09:45:11,701 - piper_coordinator - DEBUG - Running DP rank 1 of 1
[36m(run_dp_rank pid=3315950)[0m 2026-02-23 09:45:11,723 - piper_compile - DEBUG - mbs: 4, stages: 4, devices: 2
[36m(run_dp_rank pid=3315950)[0m 2026-02-23 09:45:11,723 - piper_compile - DEBUG - Fwd/bwd schedule: [[Task(pp_rank=0, stage_id=0, mb_idx=0, is_fwd=True, upd=False), Task(pp_rank=0, stage_id=0, mb_idx=1, is_fwd=True, upd=False), Task(pp_rank=0, stage_id=2, mb_idx=0, is_fwd=True, upd=False), Task(pp_rank=0, stage_id=2, mb_idx=1, is_fwd=True, upd=False), Task(pp_rank=0, stage_id=0, mb_idx=2, is_fwd=True, upd=False), Task(pp_rank=0, stage_id=0, mb_idx=3, is_fwd=True, upd=False), Task(pp_rank=0, stage_id=2, mb_idx=0, is_fwd=False, upd=False), Task(pp_rank=0, stage_id=2, mb_idx=1, is_fwd=False, upd=False), Task(pp_rank=0, stage_id=2, mb_idx=2, is_fwd=True, upd=False), Task(pp_rank=0, stage_id=0, mb_idx=0, is_fwd=False, upd=False), Task(pp_rank=0, stage_id=2, mb_idx=3, is_fwd=True, upd=False), Task(pp_rank=0, stage_id=0, mb_idx=1, is_fwd=False, upd=False), Task(pp_rank=0, stage_id=2, mb_idx=2, is_fwd=False, upd=False), Task(pp_rank=0, stage_id=2, mb_idx=3, is_fwd=False, upd=False), Task(pp_rank=0, stage_id=0, mb_idx=2, is_fwd=False, upd=False), Task(pp_rank=0, stage_id=0, mb_idx=3, is_fwd=False, upd=False)], [Task(pp_rank=1, stage_id=1, mb_idx=0, is_fwd=True, upd=False), Task(pp_rank=1, stage_id=1, mb_idx=1, is_fwd=True, upd=False), Task(pp_rank=1, stage_id=3, mb_idx=0, is_fwd=True, upd=False), Task(pp_rank=1, stage_id=3, mb_idx=0, is_fwd=False, upd=False), Task(pp_rank=1, stage_id=3, mb_idx=1, is_fwd=True, upd=False), Task(pp_rank=1, stage_id=3, mb_idx=1, is_fwd=False, upd=False), Task(pp_rank=1, stage_id=1, mb_idx=2, is_fwd=True, upd=False), Task(pp_rank=1, stage_id=1, mb_idx=0, is_fwd=False, upd=False), Task(pp_rank=1, stage_id=1, mb_idx=3, is_fwd=True, upd=False), Task(pp_rank=1, stage_id=1, mb_idx=1, is_fwd=False, upd=False), Task(pp_rank=1, stage_id=3, mb_idx=2, is_fwd=True, upd=False), Task(pp_rank=1, stage_id=3, mb_idx=2, is_fwd=False, upd=False), Task(pp_rank=1, stage_id=3, mb_idx=3, is_fwd=True, upd=False), Task(pp_rank=1, stage_id=3, mb_idx=3, is_fwd=False, upd=False), Task(pp_rank=1, stage_id=1, mb_idx=2, is_fwd=False, upd=False), Task(pp_rank=1, stage_id=1, mb_idx=3, is_fwd=False, upd=False)]]
[36m(run_dp_rank pid=3315950)[0m 2026-02-23 09:45:11,723 - piper_compile - DEBUG - P2P comms: [(0, 1, 0), (0, 1, 1), (1, 2, 0), (2, 3, 0), (1, 2, 1), (2, 3, 1), (0, 1, 2), (3, 2, 0), (0, 1, 3), (2, 1, 0), (3, 2, 1), (2, 1, 1), (1, 2, 2), (2, 3, 2), (1, 0, 0), (1, 2, 3), (2, 3, 3), (1, 0, 1), (3, 2, 2), (2, 1, 2), (3, 2, 3), (2, 1, 3), (1, 0, 2), (1, 0, 3)]
[36m(run_dp_rank pid=3315950)[0m 2026-02-23 09:45:11,723 - piper_compile - DEBUG - P2P schedules: {0: [(0, 1, 0, True), (0, 1, 1, True), (1, 2, 0, False), (2, 3, 0, True), (1, 2, 1, False), (2, 3, 1, True), (0, 1, 2, True), (3, 2, 0, False), (0, 1, 3, True), (2, 1, 0, True), (3, 2, 1, False), (2, 1, 1, True), (1, 2, 2, False), (2, 3, 2, True), (1, 0, 0, False), (1, 2, 3, False), (2, 3, 3, True), (1, 0, 1, False), (3, 2, 2, False), (2, 1, 2, True), (3, 2, 3, False), (2, 1, 3, True), (1, 0, 2, False), (1, 0, 3, False)], 1: [(0, 1, 0, False), (0, 1, 1, False), (1, 2, 0, True), (2, 3, 0, False), (1, 2, 1, True), (2, 3, 1, False), (0, 1, 2, False), (3, 2, 0, True), (0, 1, 3, False), (2, 1, 0, False), (3, 2, 1, True), (2, 1, 1, False), (1, 2, 2, True), (2, 3, 2, False), (1, 0, 0, True), (1, 2, 3, True), (2, 3, 3, False), (1, 0, 1, True), (3, 2, 2, True), (2, 1, 2, False), (3, 2, 3, True), (2, 1, 3, False), (1, 0, 2, True), (1, 0, 3, True)]}
[36m(run_dp_rank pid=3315950)[0m 2026-02-23 09:45:11,796 - piper_actor - DEBUG - DP rank 0 created actor Actor(PiperActor, 9c128c7475d130471175682701000000) global rank 0
[36m(run_dp_rank pid=3315950)[0m 2026-02-23 09:45:11,797 - piper_actor - DEBUG - DP rank 0 created actor Actor(PiperActor, 81aafcede4df004b4c5ae53001000000) global rank 1
[36m(PiperActor pid=3315991)[0m 2026-02-23 09:45:14,600 - piper_actor - INFO - Initializing Ray actor 0 global rank 0 GPU 0
[36m(PiperActor pid=3315945)[0m 2026-02-23 09:45:16,226 - piper_actor - DEBUG - Actor 1 has GPU 1, joined the global process group
[36m(PiperActor pid=3315945)[0m 2026-02-23 09:45:16,227 - piper_actor - INFO - Global rank 1 joined its pp group 0 along with ranks [0, 1]
[36m(run_dp_rank pid=3315950)[0m 2026-02-23 09:45:16,443 - piper_compile - INFO - DP rank 1 compiling...
[36m(PiperActor pid=3315991)[0m 2026-02-23 09:45:18,948 - piper_actor - INFO - Loading stage 0 graph on actor 0
[36m(PiperActor pid=3315945)[0m 2026-02-23 09:45:14,806 - piper_actor - INFO - Initializing Ray actor 1 global rank 1 GPU 1
[36m(run_dp_rank pid=3315950)[0m 2026-02-23 09:45:20,627 - piper_backend - WARNING - Should not directly call compiled module, running non-distributed execution
[36m(run_dp_rank pid=3315950)[0m 2026-02-23 09:45:27,130 - piper_compile - INFO - DP rank 1 done.
[36m(PiperActor pid=3315991)[0m 2026-02-23 09:45:16,226 - piper_actor - DEBUG - Actor 0 has GPU 0, joined the global process group
[36m(PiperActor pid=3315991)[0m 2026-02-23 09:45:16,227 - piper_actor - INFO - Global rank 0 joined its pp group 0 along with ranks [0, 1]
[36m(PiperActor pid=3315945)[0m 2026-02-23 09:45:20,488 - piper_actor - INFO - Loading stage 3 graph on actor 1[32m [repeated 3x across cluster] (Ray deduplicates logs by default. Set RAY_DEDUP_LOGS=0 to disable log deduplication, or see https://docs.ray.io/en/master/ray-observability/user-guides/configure-logging.html#log-deduplication for more options.)[0m
[36m(PiperActor pid=3315945)[0m 2026-02-23 09:45:27,162 - piper_actor - DEBUG - Actor 1 loaded labels torch.Size([16, 256, 512])
[36m(PiperActor pid=3315945)[0m 2026-02-23 09:45:27,168 - piper_actor - DEBUG - Calling forward 1 mb 0 on actor 1
[36m(PiperActor pid=3315945)[0m 2026-02-23 09:45:27,169 - piper_actor - DEBUG - [DEBUG] Actor 1 executing p2p op: 0 -> 1, mb 0, is_sender=False
[36m(PiperActor pid=3315945)[0m 2026-02-23 09:45:27,169 - piper_actor - DEBUG - Dispatch fwd p2p recv on 1 from 0, op: (0 -> 1, mb 0)
[36m(PiperActor pid=3315945)[0m [rank1]:[W223 09:45:27.651186640 ProcessGroupNCCL.cpp:4068] Warning: An unbatched P2P op (send/recv) was called on this ProcessGroup with size 2.  In lazy initialization mode, this will result in a new 2-rank NCCL communicator to be created. (function operator())
[36m(PiperActor pid=3315991)[0m 2026-02-23 09:45:27,151 - piper_actor - DEBUG - Actor 0 loaded inputs 1
[36m(PiperActor pid=3315991)[0m 2026-02-23 09:45:27,505 - piper_actor - DEBUG - Saving output activation torch.Size([16, 256, 512]) for stage 0 mb 0
[36m(PiperActor pid=3315991)[0m 2026-02-23 09:45:27,505 - piper_actor - DEBUG - [DEBUG] Actor 0 executing p2p op: 0 -> 1, mb 0, is_sender=True
[36m(PiperActor pid=3315991)[0m 2026-02-23 09:45:27,505 - piper_actor - DEBUG - Dispatch fwd p2p send on 0 to 1, op: (0 -> 1, mb 0)
[36m(PiperActor pid=3315945)[0m 2026-02-23 09:45:30,155 - piper_actor - DEBUG - Completed fwd p2p recv on 1 from 0, op: (0 -> 1, mb 0)
[36m(PiperActor pid=3315945)[0m 2026-02-23 09:45:30,164 - piper_actor - DEBUG - Executed P2P(fwd_recv, stage 0 -> 1, mb 0) on actor 1
[36m(PiperActor pid=3315945)[0m 2026-02-23 09:45:30,164 - piper_actor - DEBUG - Saving input activation torch.Size([16, 256, 512]) for stage 1 mb 0
[36m(PiperActor pid=3315991)[0m 2026-02-23 09:45:30,149 - piper_actor - DEBUG - Completed fwd p2p send on 0 to 1, op: (0 -> 1, mb 0)
[36m(PiperActor pid=3315991)[0m 2026-02-23 09:45:30,161 - piper_actor - DEBUG - Forward 0 mb 0 on actor 0 returning [torch.Size([16, 256, 512]), torch.Size([256, 256]), torch.Size([256, 8])]
[36m(PiperActor pid=3315991)[0m 2026-02-23 09:45:30,171 - piper_actor - DEBUG - Saving output activation torch.Size([16, 256, 512]) for stage 0 mb 1
[36m(PiperActor pid=3315991)[0m 2026-02-23 09:45:30,171 - piper_actor - DEBUG - [DEBUG] Actor 0 executing p2p op: 0 -> 1, mb 1, is_sender=True
[36m(PiperActor pid=3315991)[0m 2026-02-23 09:45:30,171 - piper_actor - DEBUG - Dispatch fwd p2p send on 0 to 1, op: (0 -> 1, mb 1)
[36m(PiperActor pid=3315991)[0m 2026-02-23 09:45:30,171 - piper_actor - DEBUG - Completed fwd p2p send on 0 to 1, op: (0 -> 1, mb 1)
[36m(PiperActor pid=3315991)[0m 2026-02-23 09:45:30,182 - piper_actor - DEBUG - Forward 0 mb 1 on actor 0 returning [torch.Size([16, 256, 512]), torch.Size([256, 256]), torch.Size([256, 8])]
[36m(PiperActor pid=3315945)[0m 2026-02-23 09:45:30,455 - piper_actor - DEBUG - Completed fwd p2p recv on 1 from 0, op: (0 -> 1, mb 1)
[36m(PiperActor pid=3315945)[0m 2026-02-23 09:45:32,171 - piper_actor - DEBUG - P2P op (0, 1, 1, False) already executed on actor 1, skipping
[36m(PiperActor pid=3315945)[0m 2026-02-23 09:45:32,171 - piper_actor - DEBUG - Saving input activation torch.Size([16, 256, 512]) for stage 1 mb 1
[36m(PiperActor pid=3315945)[0m 2026-02-23 09:45:32,171 - piper_actor - DEBUG - Calling forward 1 mb 1 on actor 1[32m [repeated 4x across cluster][0m
[36m(PiperActor pid=3315945)[0m 2026-02-23 09:45:32,171 - piper_actor - DEBUG - [DEBUG] Actor 1 executing p2p op: 0 -> 1, mb 1, is_sender=False[32m [repeated 2x across cluster][0m
[36m(PiperActor pid=3315945)[0m 2026-02-23 09:45:32,180 - piper_actor - DEBUG - Dispatch fwd p2p recv on 1 from 0, op: (2 -> 3, mb 0)[32m [repeated 3x across cluster][0m
[36m(PiperActor pid=3315945)[0m [rank1]:[W223 09:45:30.952091798 ProcessGroupNCCL.cpp:4068] Warning: An unbatched P2P op (send/recv) was called on this ProcessGroup with size 2.  In lazy initialization mode, this will result in a new 2-rank NCCL communicator to be created. (function operator())[32m [repeated 3x across cluster][0m
[36m(PiperActor pid=3315945)[0m 2026-02-23 09:45:32,208 - piper_actor - DEBUG - P2P op (2, 3, 0, False) already executed on actor 1, skipping
[36m(PiperActor pid=3315945)[0m 2026-02-23 09:45:32,262 - piper_actor - DEBUG - Calling backward 3 mb 0 on actor 1
[36m(PiperActor pid=3315945)[0m 2026-02-23 09:45:32,387 - piper_actor - DEBUG - Dispatch bwd p2p send on 1 to 0, op: (3 -> 2, mb 0)
[36m(PiperActor pid=3315945)[0m 2026-02-23 09:45:32,387 - piper_actor - DEBUG - Completed bwd p2p send on 1 to 0, op: (3 -> 2, mb 0)
[36m(PiperActor pid=3315945)[0m 2026-02-23 09:45:32,395 - piper_actor - DEBUG - P2P op (2, 3, 1, False) already executed on actor 1, skipping
[36m(PiperActor pid=3315945)[0m 2026-02-23 09:45:32,399 - piper_actor - DEBUG - Calling backward 3 mb 1 on actor 1
[36m(PiperActor pid=3315945)[0m 2026-02-23 09:45:32,457 - piper_actor - DEBUG - Dispatch bwd p2p recv on 1 from 0, op: (2 -> 1, mb 0)
[36m(PiperActor pid=3315945)[0m 2026-02-23 09:45:32,458 - piper_actor - DEBUG - Completed bwd p2p recv on 1 from 0, op: (2 -> 1, mb 0)
[36m(PiperActor pid=3315945)[0m 2026-02-23 09:45:32,482 - piper_actor - DEBUG - Dispatch bwd p2p send on 1 to 0, op: (3 -> 2, mb 1)
[36m(PiperActor pid=3315945)[0m 2026-02-23 09:45:32,483 - piper_actor - DEBUG - Completed bwd p2p send on 1 to 0, op: (3 -> 2, mb 1)
[36m(PiperActor pid=3315945)[0m 2026-02-23 09:45:32,497 - piper_actor - DEBUG - P2P op (0, 1, 2, False) already executed on actor 1, skipping
[36m(PiperActor pid=3315991)[0m /m-coriander/coriander/wxdeng/conda-envs/piper_ref/lib/python3.10/site-packages/torch/autograd/graph.py:865: UserWarning: Attempting to run cuBLAS, but there was no current CUDA context! Attempting to set the primary context... (Triggered internally at /pytorch/aten/src/ATen/cuda/CublasHandlePool.cpp:330.)
[36m(PiperActor pid=3315991)[0m   return Variable._execution_engine.run_backward(  # Calls into the C++ engine to run the backward pass
[36m(PiperActor pid=3315945)[0m 2026-02-23 09:45:32,757 - piper_actor - DEBUG - Actor 1 waiting for backward sync events
[36m(PiperActor pid=3315945)[0m 2026-02-23 09:45:32,758 - piper_actor - DEBUG - Actor 1 waiting for p2p ops
[36m(PiperActor pid=3315945)[0m 2026-02-23 09:45:32,699 - piper_actor - DEBUG - Saving output activation torch.Size([16, 256, 512]) for stage 3 mb 3[32m [repeated 13x across cluster][0m
[36m(PiperActor pid=3315945)[0m 2026-02-23 09:45:32,750 - piper_actor - DEBUG - [DEBUG] Actor 1 executing p2p op: 1 -> 0, mb 3, is_sender=True[32m [repeated 19x across cluster][0m
[36m(PiperActor pid=3315945)[0m 2026-02-23 09:45:32,562 - piper_actor - DEBUG - Dispatch fwd p2p send on 1 to 0, op: (1 -> 2, mb 3)[32m [repeated 9x across cluster][0m
[36m(PiperActor pid=3315945)[0m 2026-02-23 09:45:32,845 - piper_actor - INFO - Actor 1: Tracing disabled
[36m(PiperActor pid=3315945)[0m [rank1]:[W223 09:45:34.272024998 ProcessGroupNCCL.cpp:1553] Warning: WARNING: destroy_process_group() was not called before program exit, which can leak resources. For more info, please see https://pytorch.org/docs/stable/distributed.html#shutdown (function operator())
[36m(PiperActor pid=3315991)[0m 2026-02-23 09:45:33,058 - piper_actor - DEBUG - Completed fwd p2p recv on 0 from 1, op: (1 -> 2, mb 3)[32m [repeated 22x across cluster][0m
[36m(PiperActor pid=3315991)[0m 2026-02-23 09:45:33,179 - piper_actor - DEBUG - Executed P2P(bwd_recv, stage 1 -> 0, mb 3) on actor 0[32m [repeated 95x across cluster][0m
[36m(PiperActor pid=3315945)[0m 2026-02-23 09:45:33,108 - piper_actor - DEBUG - Saving input activation torch.Size([16, 256, 512]) for stage 3 mb 3[32m [repeated 22x across cluster][0m
[36m(PiperActor pid=3315991)[0m 2026-02-23 09:45:33,069 - piper_actor - DEBUG - Completed fwd p2p send on 0 to 1, op: (2 -> 3, mb 3)[32m [repeated 22x across cluster][0m
[36m(PiperActor pid=3315945)[0m 2026-02-23 09:45:33,111 - piper_actor - DEBUG - Forward 3 mb 3 on actor 1 returning [torch.Size([16, 256, 512])][32m [repeated 30x across cluster][0m
[36m(PiperActor pid=3315945)[0m 2026-02-23 09:45:33,163 - piper_actor - DEBUG - P2P op (2, 1, 3, False) already executed on actor 1, skipping[32m [repeated 20x across cluster][0m
[36m(PiperActor pid=3315945)[0m 2026-02-23 09:45:33,108 - piper_actor - DEBUG - Calling forward 3 mb 3 on actor 1[32m [repeated 27x across cluster][0m
[36m(PiperActor pid=3315991)[0m 2026-02-23 09:45:33,168 - piper_actor - DEBUG - [DEBUG] Actor 0 executing p2p op: 1 -> 0, mb 3, is_sender=False[32m [repeated 45x across cluster][0m
[36m(PiperActor pid=3315991)[0m 2026-02-23 09:45:33,057 - piper_actor - DEBUG - Dispatch fwd p2p recv on 0 from 1, op: (1 -> 2, mb 3)[32m [repeated 20x across cluster][0m
[36m(PiperActor pid=3315991)[0m 2026-02-23 09:45:33,168 - piper_actor - DEBUG - Calling backward 0 mb 3 on actor 0[32m [repeated 30x across cluster][0m
[36m(PiperActor pid=3315991)[0m 2026-02-23 09:45:33,141 - piper_actor - DEBUG - Dispatch bwd p2p send on 0 to 1, op: (2 -> 1, mb 3)[32m [repeated 22x across cluster][0m
[36m(PiperActor pid=3315991)[0m 2026-02-23 09:45:33,142 - piper_actor - DEBUG - Completed bwd p2p send on 0 to 1, op: (2 -> 1, mb 3)[32m [repeated 22x across cluster][0m
[36m(PiperActor pid=3315991)[0m 2026-02-23 09:45:33,168 - piper_actor - DEBUG - Dispatch bwd p2p recv on 0 from 1, op: (1 -> 0, mb 3)[32m [repeated 23x across cluster][0m
[36m(PiperActor pid=3315991)[0m 2026-02-23 09:45:33,169 - piper_actor - DEBUG - Completed bwd p2p recv on 0 from 1, op: (1 -> 0, mb 3)[32m [repeated 23x across cluster][0m
[36m(PiperActor pid=3315991)[0m 2026-02-23 09:45:33,180 - piper_actor - DEBUG - Actor 0 waiting for backward sync events[32m [repeated 3x across cluster][0m
[36m(PiperActor pid=3315991)[0m 2026-02-23 09:45:33,181 - piper_actor - DEBUG - Actor 0 waiting for p2p ops[32m [repeated 3x across cluster][0m
[36m(PiperActor pid=3315945)[0m 2026-02-23 09:45:33,111 - piper_actor - DEBUG - Saving output activation torch.Size([16, 256, 512]) for stage 3 mb 3[32m [repeated 17x across cluster][0m
[36m(PiperActor pid=3315991)[0m 2026-02-23 09:45:33,141 - piper_actor - DEBUG - [DEBUG] Actor 0 executing p2p op: 2 -> 1, mb 3, is_sender=True[32m [repeated 27x across cluster][0m
[36m(PiperActor pid=3315991)[0m 2026-02-23 09:45:33,069 - piper_actor - DEBUG - Dispatch fwd p2p send on 0 to 1, op: (2 -> 3, mb 3)[32m [repeated 13x across cluster][0m
[36m(PiperActor pid=3315991)[0m 2026-02-23 09:45:32,845 - piper_actor - INFO - Actor 0: Tracing disabled
[36m(PiperActor pid=3315991)[0m [rank0]:[W223 09:45:35.605370703 ProcessGroupNCCL.cpp:1553] Warning: WARNING: destroy_process_group() was not called before program exit, which can leak resources. For more info, please see https://pytorch.org/docs/stable/distributed.html#shutdown (function operator())
[36m(run_dp_rank pid=3315950)[0m Namespace(model='debug', schedule='interleaved-1f1b', dp=1, pp=2, batch_size=16, mbs=4, seq_len=256, warmup=1, iters=1, tracing=False, naive_gradient_sync=False)
[36m(run_dp_rank pid=3315950)[0m Schedule:
[36m(run_dp_rank pid=3315950)[0m 0:0:f	0:1:f	2:0:f	2:1:f	0:2:f	0:3:f	2:0:b	 -- 	2:1:b	2:2:f	0:0:b	2:3:f	0:1:b	 -- 	2:2:b	2:3:b	0:2:b	0:3:b	0:0:u	
[36m(run_dp_rank pid=3315950)[0m  -- 	1:0:f	1:1:f	3:0:f	3:0:b	3:1:f	3:1:b	1:2:f	1:0:b	1:3:f	1:1:b	3:2:f	3:2:b	3:3:f	3:3:b	1:2:b	1:3:b	1:0:u	 -- 	
[36m(run_dp_rank pid=3315950)[0m Running 1 warmup iterations...
[36m(run_dp_rank pid=3315950)[0m Running 1 timed iterations...
[36m(run_dp_rank pid=3315950)[0m rank 0 iter time= 0.35 ± 0.00 s (1 samples)
[36m(run_dp_rank pid=3315950)[0m rank 0 throughput= 46453.47 tokens/sec (1 samples)
[36m(run_dp_rank pid=3315950)[0m Ray timeline saved to: out/debug-pp2-dp1-interleaved-1f1b.json
