2026-01-21 09:43:59,076	INFO worker.py:2007 -- Started a local Ray instance.
/m-coriander/coriander/wxdeng/conda-envs/piper_ref/lib/python3.10/site-packages/ray/_private/worker.py:2046: FutureWarning: Tip: In future versions of Ray, Ray will no longer override accelerator visible devices env var if num_gpus=0 or num_gpus=None (default). To enable this behavior and turn off this error message, set RAY_ACCEL_ENV_VAR_OVERRIDE_ON_ZERO=0
  warnings.warn(
[36m(PiperProgramCoordinator pid=2259609)[0m 2026-01-21 09:44:08,538 - piper_coordinator - INFO - Running program with 1 DP ranks and 2 PP ranks
[36m(run_dp_rank pid=2259571)[0m Namespace(model='LLAMA_1B', schedule='interleaved-1f1b', num_stages=4, dp_degree=1, pp_degree=2, batch_size=16, num_mbs=4, seq_len=256, warmup=5, iters=5, tracing=False, verify_weights=False)
[36m(run_dp_rank pid=2259571)[0m 2026-01-21 09:44:24,927 - piper_compile - INFO - DP rank 0 compiling 4 stages...
[36m(pid=gcs_server)[0m [2026-01-21 09:44:27,085 E 2258906 2258906] (gcs_server) gcs_server.cc:303: Failed to establish connection to the event+metrics exporter agent. Events and metrics will not be exported. Exporter agent status: RpcError: Running out of retries to initialize the metrics agent. rpc_code: 14
[36m(PiperActor pid=2259564)[0m 2026-01-21 09:44:28,818 - piper_actor - INFO - Initializing Ray actor 0 global rank 0 with PID: 2259564
[33m(raylet)[0m [2026-01-21 09:44:33,028 E 2259417 2259417] (raylet) main.cc:1032: Failed to establish connection to the metrics exporter agent. Metrics will not be exported. Exporter agent status: RpcError: Running out of retries to initialize the metrics agent. rpc_code: 14
[36m(PiperProgramCoordinator pid=2259609)[0m [2026-01-21 09:44:34,049 E 2259609 2266937] core_worker_process.cc:842: Failed to establish connection to the metrics exporter agent. Metrics will not be exported. Exporter agent status: RpcError: Running out of retries to initialize the metrics agent. rpc_code: 14
[2026-01-21 09:44:34,587 E 2258719 2259563] core_worker_process.cc:842: Failed to establish connection to the metrics exporter agent. Metrics will not be exported. Exporter agent status: RpcError: Running out of retries to initialize the metrics agent. rpc_code: 14
[36m(PiperActor pid=2259570)[0m 2026-01-21 09:44:39,685 - piper_actor - INFO - Initializing Ray actor 1 global rank 1 with PID: 2259570
[36m(pid=2266936)[0m [2026-01-21 09:44:34,573 E 2266936 2273579] core_worker_process.cc:842: Failed to establish connection to the metrics exporter agent. Metrics will not be exported. Exporter agent status: RpcError: Running out of retries to initialize the metrics agent. rpc_code: 14[32m [repeated 255x across cluster] (Ray deduplicates logs by default. Set RAY_DEDUP_LOGS=0 to disable log deduplication, or see https://docs.ray.io/en/master/ray-observability/user-guides/configure-logging.html#log-deduplication for more options.)[0m
[36m(run_dp_rank pid=2259571)[0m 2026-01-21 09:44:54,871 - piper_compile - INFO - DP rank 0 joining process groups
[36m(run_dp_rank pid=2259571)[0m 2026-01-21 09:44:55,610 - piper_compile - INFO - DP rank 0 completed setup for 2 actors
[36m(run_dp_rank pid=2259571)[0m SCHEDULE:
[36m(run_dp_rank pid=2259571)[0m 0:0:f	0:1:f	2:0:f	2:1:f	0:2:f	0:3:f	2:0:b	 -- 	2:1:b	2:2:f	0:0:b	2:3:f	0:1:b	 -- 	2:2:b	2:3:b	0:2:b	0:3:b	0:0:u	
[36m(run_dp_rank pid=2259571)[0m  -- 	1:0:f	1:1:f	3:0:f	3:0:b	3:1:f	3:1:b	1:2:f	1:0:b	1:3:f	1:1:b	3:2:f	3:2:b	3:3:f	3:3:b	1:2:b	1:3:b	1:0:u	 -- 	
[36m(run_dp_rank pid=2259571)[0m Running 5 warmup iterations...
[36m(run_dp_rank pid=2259571)[0m 2026-01-21 09:44:55,976 - piper_compile - INFO - DP rank 0 Started NCCL group with 2 actors
[36m(PiperActor pid=2259564)[0m 2026-01-21 09:44:56,007 - piper_actor - INFO - Actor 0: Tracing disabled
[36m(run_dp_rank pid=2259571)[0m Running 5 timed iterations...
[36m(run_dp_rank pid=2259571)[0m Iteration time: 2343 ms
[36m(run_dp_rank pid=2259571)[0m interleaved-1f1b throughput: 6992 tokens/sec
[36m(PiperActor pid=2259570)[0m 2026-01-21 09:44:56,007 - piper_actor - INFO - Actor 1: Tracing disabled
