2026-02-18 01:14:32,033	INFO worker.py:2007 -- Started a local Ray instance.
/m-coriander/coriander/wxdeng/conda-envs/piper_ref/lib/python3.10/site-packages/ray/_private/worker.py:2046: FutureWarning: Tip: In future versions of Ray, Ray will no longer override accelerator visible devices env var if num_gpus=0 or num_gpus=None (default). To enable this behavior and turn off this error message, set RAY_ACCEL_ENV_VAR_OVERRIDE_ON_ZERO=0
  warnings.warn(
[33m(raylet)[0m [2026-02-18 01:14:41,963 E 547965 547993] (raylet) file_system_monitor.cc:116: /home/wxdeng/ray_tmp/ray/session_2026-02-18_01-14-26_603447_547336 is over 95% full, available space: 19.2852 GB; capacity: 818.202 GB. Object creation will fail if spilling is required.
[36m(run_dp_rank pid=548109)[0m Namespace(model='3b', schedule='interleaved-1f1b', dp=1, pp=2, batch_size=16, mbs=4, seq_len=256, warmup=1, iters=1, tracing=False, naive_gradient_sync=False)
[36m(run_dp_rank pid=548109)[0m 2026-02-18 01:14:46,561 - piper_coordinator - DEBUG - Running DP rank 1 of 1
[36m(run_dp_rank pid=548109)[0m Schedule:
[36m(run_dp_rank pid=548109)[0m 0:0:f	0:1:f	2:0:f	2:1:f	0:2:f	0:3:f	2:0:b	 -- 	2:1:b	2:2:f	0:0:b	2:3:f	0:1:b	 -- 	2:2:b	2:3:b	0:2:b	0:3:b	0:0:u	
[36m(run_dp_rank pid=548109)[0m  -- 	1:0:f	1:1:f	3:0:f	3:0:b	3:1:f	3:1:b	1:2:f	1:0:b	1:3:f	1:1:b	3:2:f	3:2:b	3:3:f	3:3:b	1:2:b	1:3:b	1:0:u	 -- 	
[36m(run_dp_rank pid=548109)[0m 2026-02-18 01:14:49,679 - piper_compile - DEBUG - mbs: 4, stages: 4, devices: 2
[36m(run_dp_rank pid=548109)[0m 2026-02-18 01:14:49,679 - piper_compile - DEBUG - Fwd/bwd schedule: [[Task(pp_rank=0, stage_id=0, mb_idx=0, is_fwd=True, upd=False), Task(pp_rank=0, stage_id=0, mb_idx=1, is_fwd=True, upd=False), Task(pp_rank=0, stage_id=2, mb_idx=0, is_fwd=True, upd=False), Task(pp_rank=0, stage_id=2, mb_idx=1, is_fwd=True, upd=False), Task(pp_rank=0, stage_id=0, mb_idx=2, is_fwd=True, upd=False), Task(pp_rank=0, stage_id=0, mb_idx=3, is_fwd=True, upd=False), Task(pp_rank=0, stage_id=2, mb_idx=0, is_fwd=False, upd=False), Task(pp_rank=0, stage_id=2, mb_idx=1, is_fwd=False, upd=False), Task(pp_rank=0, stage_id=2, mb_idx=2, is_fwd=True, upd=False), Task(pp_rank=0, stage_id=0, mb_idx=0, is_fwd=False, upd=False), Task(pp_rank=0, stage_id=2, mb_idx=3, is_fwd=True, upd=False), Task(pp_rank=0, stage_id=0, mb_idx=1, is_fwd=False, upd=False), Task(pp_rank=0, stage_id=2, mb_idx=2, is_fwd=False, upd=False), Task(pp_rank=0, stage_id=2, mb_idx=3, is_fwd=False, upd=False), Task(pp_rank=0, stage_id=0, mb_idx=2, is_fwd=False, upd=False), Task(pp_rank=0, stage_id=0, mb_idx=3, is_fwd=False, upd=False)], [Task(pp_rank=1, stage_id=1, mb_idx=0, is_fwd=True, upd=False), Task(pp_rank=1, stage_id=1, mb_idx=1, is_fwd=True, upd=False), Task(pp_rank=1, stage_id=3, mb_idx=0, is_fwd=True, upd=False), Task(pp_rank=1, stage_id=3, mb_idx=0, is_fwd=False, upd=False), Task(pp_rank=1, stage_id=3, mb_idx=1, is_fwd=True, upd=False), Task(pp_rank=1, stage_id=3, mb_idx=1, is_fwd=False, upd=False), Task(pp_rank=1, stage_id=1, mb_idx=2, is_fwd=True, upd=False), Task(pp_rank=1, stage_id=1, mb_idx=0, is_fwd=False, upd=False), Task(pp_rank=1, stage_id=1, mb_idx=3, is_fwd=True, upd=False), Task(pp_rank=1, stage_id=1, mb_idx=1, is_fwd=False, upd=False), Task(pp_rank=1, stage_id=3, mb_idx=2, is_fwd=True, upd=False), Task(pp_rank=1, stage_id=3, mb_idx=2, is_fwd=False, upd=False), Task(pp_rank=1, stage_id=3, mb_idx=3, is_fwd=True, upd=False), Task(pp_rank=1, stage_id=3, mb_idx=3, is_fwd=False, upd=False), Task(pp_rank=1, stage_id=1, mb_idx=2, is_fwd=False, upd=False), Task(pp_rank=1, stage_id=1, mb_idx=3, is_fwd=False, upd=False)]]
[36m(run_dp_rank pid=548109)[0m 2026-02-18 01:14:49,680 - piper_compile - DEBUG - P2P comms: [(0, 1, 0), (0, 1, 1), (1, 2, 0), (2, 3, 0), (1, 2, 1), (2, 3, 1), (0, 1, 2), (3, 2, 0), (0, 1, 3), (2, 1, 0), (3, 2, 1), (2, 1, 1), (1, 2, 2), (2, 3, 2), (1, 0, 0), (1, 2, 3), (2, 3, 3), (1, 0, 1), (3, 2, 2), (2, 1, 2), (3, 2, 3), (2, 1, 3), (1, 0, 2), (1, 0, 3)]
[36m(run_dp_rank pid=548109)[0m 2026-02-18 01:14:49,680 - piper_compile - DEBUG - P2P schedules: {0: [(0, 1, 0, True), (0, 1, 1, True), (1, 2, 0, False), (2, 3, 0, True), (1, 2, 1, False), (2, 3, 1, True), (0, 1, 2, True), (3, 2, 0, False), (0, 1, 3, True), (2, 1, 0, True), (3, 2, 1, False), (2, 1, 1, True), (1, 2, 2, False), (2, 3, 2, True), (1, 0, 0, False), (1, 2, 3, False), (2, 3, 3, True), (1, 0, 1, False), (3, 2, 2, False), (2, 1, 2, True), (3, 2, 3, False), (2, 1, 3, True), (1, 0, 2, False), (1, 0, 3, False)], 1: [(0, 1, 0, False), (0, 1, 1, False), (1, 2, 0, True), (2, 3, 0, False), (1, 2, 1, True), (2, 3, 1, False), (0, 1, 2, False), (3, 2, 0, True), (0, 1, 3, False), (2, 1, 0, False), (3, 2, 1, True), (2, 1, 1, False), (1, 2, 2, True), (2, 3, 2, False), (1, 0, 0, True), (1, 2, 3, True), (2, 3, 3, False), (1, 0, 1, True), (3, 2, 2, True), (2, 1, 2, False), (3, 2, 3, True), (2, 1, 3, False), (1, 0, 2, True), (1, 0, 3, True)]}
[36m(run_dp_rank pid=548109)[0m 2026-02-18 01:14:49,742 - piper_actor - DEBUG - DP rank 0 created actor Actor(PiperActor, 23eb75ceb9bbc29488194ec001000000) global rank 0
[36m(run_dp_rank pid=548109)[0m 2026-02-18 01:14:49,743 - piper_actor - DEBUG - DP rank 0 created actor Actor(PiperActor, 50e1951897c68b6be0b2975201000000) global rank 1
[33m(raylet)[0m [2026-02-18 01:14:51,977 E 547965 547993] (raylet) file_system_monitor.cc:116: /home/wxdeng/ray_tmp/ray/session_2026-02-18_01-14-26_603447_547336 is over 95% full, available space: 19.2901 GB; capacity: 818.202 GB. Object creation will fail if spilling is required.
[36m(PiperActor pid=548114)[0m 2026-02-18 01:14:52,735 - piper_actor - INFO - Initializing Ray actor 0 global rank 0 GPU 1
[36m(PiperActor pid=548114)[0m 2026-02-18 01:14:55,093 - piper_actor - DEBUG - Actor 0 has GPU 1, joined the global process group
[36m(PiperActor pid=548114)[0m 2026-02-18 01:14:55,094 - piper_actor - INFO - Global rank 0 joined its pp group 0 along with ranks [0, 1]
[33m(raylet)[0m [2026-02-18 01:15:01,991 E 547965 547993] (raylet) file_system_monitor.cc:116: /home/wxdeng/ray_tmp/ray/session_2026-02-18_01-14-26_603447_547336 is over 95% full, available space: 19.2901 GB; capacity: 818.202 GB. Object creation will fail if spilling is required.
[36m(PiperActor pid=548124)[0m 2026-02-18 01:14:52,785 - piper_actor - INFO - Initializing Ray actor 1 global rank 1 GPU 2
[36m(PiperActor pid=548124)[0m 2026-02-18 01:14:55,089 - piper_actor - DEBUG - Actor 1 has GPU 2, joined the global process group
[36m(PiperActor pid=548124)[0m 2026-02-18 01:14:55,090 - piper_actor - INFO - Global rank 1 joined its pp group 0 along with ranks [0, 1]
[33m(raylet)[0m [2026-02-18 01:15:12,006 E 547965 547993] (raylet) file_system_monitor.cc:116: /home/wxdeng/ray_tmp/ray/session_2026-02-18_01-14-26_603447_547336 is over 95% full, available space: 19.2901 GB; capacity: 818.202 GB. Object creation will fail if spilling is required.
[36m(run_dp_rank pid=548109)[0m 2026-02-18 01:15:14,481 - piper_compile - INFO - DP rank 1 compiling...
[33m(raylet)[0m [2026-02-18 01:15:22,021 E 547965 547993] (raylet) file_system_monitor.cc:116: /home/wxdeng/ray_tmp/ray/session_2026-02-18_01-14-26_603447_547336 is over 95% full, available space: 19.2901 GB; capacity: 818.202 GB. Object creation will fail if spilling is required.
[36m(PiperActor pid=548114)[0m 2026-02-18 01:15:30,687 - piper_actor - INFO - Loading stage 0 graph on actor 0
[33m(raylet)[0m [2026-02-18 01:15:32,035 E 547965 547993] (raylet) file_system_monitor.cc:116: /home/wxdeng/ray_tmp/ray/session_2026-02-18_01-14-26_603447_547336 is over 95% full, available space: 19.29 GB; capacity: 818.202 GB. Object creation will fail if spilling is required.
[36m(PiperActor pid=548114)[0m 2026-02-18 01:15:36,374 - piper_actor - INFO - Loading stage 2 graph on actor 0[32m [repeated 2x across cluster] (Ray deduplicates logs by default. Set RAY_DEDUP_LOGS=0 to disable log deduplication, or see https://docs.ray.io/en/master/ray-observability/user-guides/configure-logging.html#log-deduplication for more options.)[0m
[33m(raylet)[0m [2026-02-18 01:15:42,050 E 547965 547993] (raylet) file_system_monitor.cc:116: /home/wxdeng/ray_tmp/ray/session_2026-02-18_01-14-26_603447_547336 is over 95% full, available space: 19.289 GB; capacity: 818.202 GB. Object creation will fail if spilling is required.
[36m(PiperActor pid=548124)[0m 2026-02-18 01:15:44,715 - piper_actor - INFO - Loading stage 3 graph on actor 1
[36m(run_dp_rank pid=548109)[0m 2026-02-18 01:15:45,835 - piper_backend - WARNING - Should not directly call compiled module, running non-distributed execution
[33m(raylet)[0m [2026-02-18 01:15:52,066 E 547965 547993] (raylet) file_system_monitor.cc:116: /home/wxdeng/ray_tmp/ray/session_2026-02-18_01-14-26_603447_547336 is over 95% full, available space: 19.289 GB; capacity: 818.202 GB. Object creation will fail if spilling is required.
[33m(raylet)[0m [2026-02-18 01:16:02,081 E 547965 547993] (raylet) file_system_monitor.cc:116: /home/wxdeng/ray_tmp/ray/session_2026-02-18_01-14-26_603447_547336 is over 95% full, available space: 19.289 GB; capacity: 818.202 GB. Object creation will fail if spilling is required.
[33m(raylet)[0m [2026-02-18 01:16:12,096 E 547965 547993] (raylet) file_system_monitor.cc:116: /home/wxdeng/ray_tmp/ray/session_2026-02-18_01-14-26_603447_547336 is over 95% full, available space: 19.289 GB; capacity: 818.202 GB. Object creation will fail if spilling is required.
[33m(raylet)[0m [2026-02-18 01:16:22,110 E 547965 547993] (raylet) file_system_monitor.cc:116: /home/wxdeng/ray_tmp/ray/session_2026-02-18_01-14-26_603447_547336 is over 95% full, available space: 19.289 GB; capacity: 818.202 GB. Object creation will fail if spilling is required.
[33m(raylet)[0m [2026-02-18 01:16:32,124 E 547965 547993] (raylet) file_system_monitor.cc:116: /home/wxdeng/ray_tmp/ray/session_2026-02-18_01-14-26_603447_547336 is over 95% full, available space: 19.2889 GB; capacity: 818.202 GB. Object creation will fail if spilling is required.
[33m(raylet)[0m [2026-02-18 01:16:42,142 E 547965 547993] (raylet) file_system_monitor.cc:116: /home/wxdeng/ray_tmp/ray/session_2026-02-18_01-14-26_603447_547336 is over 95% full, available space: 19.287 GB; capacity: 818.202 GB. Object creation will fail if spilling is required.
[33m(raylet)[0m [2026-02-18 01:16:52,157 E 547965 547993] (raylet) file_system_monitor.cc:116: /home/wxdeng/ray_tmp/ray/session_2026-02-18_01-14-26_603447_547336 is over 95% full, available space: 19.287 GB; capacity: 818.202 GB. Object creation will fail if spilling is required.
[33m(raylet)[0m [2026-02-18 01:17:02,172 E 547965 547993] (raylet) file_system_monitor.cc:116: /home/wxdeng/ray_tmp/ray/session_2026-02-18_01-14-26_603447_547336 is over 95% full, available space: 19.287 GB; capacity: 818.202 GB. Object creation will fail if spilling is required.
[33m(raylet)[0m [2026-02-18 01:17:12,187 E 547965 547993] (raylet) file_system_monitor.cc:116: /home/wxdeng/ray_tmp/ray/session_2026-02-18_01-14-26_603447_547336 is over 95% full, available space: 19.287 GB; capacity: 818.202 GB. Object creation will fail if spilling is required.
[33m(raylet)[0m [2026-02-18 01:17:22,202 E 547965 547993] (raylet) file_system_monitor.cc:116: /home/wxdeng/ray_tmp/ray/session_2026-02-18_01-14-26_603447_547336 is over 95% full, available space: 19.287 GB; capacity: 818.202 GB. Object creation will fail if spilling is required.
[33m(raylet)[0m [2026-02-18 01:17:32,217 E 547965 547993] (raylet) file_system_monitor.cc:116: /home/wxdeng/ray_tmp/ray/session_2026-02-18_01-14-26_603447_547336 is over 95% full, available space: 19.2869 GB; capacity: 818.202 GB. Object creation will fail if spilling is required.
[33m(raylet)[0m [2026-02-18 01:17:42,232 E 547965 547993] (raylet) file_system_monitor.cc:116: /home/wxdeng/ray_tmp/ray/session_2026-02-18_01-14-26_603447_547336 is over 95% full, available space: 19.2859 GB; capacity: 818.202 GB. Object creation will fail if spilling is required.
[33m(raylet)[0m [2026-02-18 01:17:52,246 E 547965 547993] (raylet) file_system_monitor.cc:116: /home/wxdeng/ray_tmp/ray/session_2026-02-18_01-14-26_603447_547336 is over 95% full, available space: 19.2858 GB; capacity: 818.202 GB. Object creation will fail if spilling is required.
[33m(raylet)[0m [2026-02-18 01:18:02,261 E 547965 547993] (raylet) file_system_monitor.cc:116: /home/wxdeng/ray_tmp/ray/session_2026-02-18_01-14-26_603447_547336 is over 95% full, available space: 19.2858 GB; capacity: 818.202 GB. Object creation will fail if spilling is required.
[33m(raylet)[0m [2026-02-18 01:18:12,276 E 547965 547993] (raylet) file_system_monitor.cc:116: /home/wxdeng/ray_tmp/ray/session_2026-02-18_01-14-26_603447_547336 is over 95% full, available space: 19.2857 GB; capacity: 818.202 GB. Object creation will fail if spilling is required.
[33m(raylet)[0m [2026-02-18 01:18:22,291 E 547965 547993] (raylet) file_system_monitor.cc:116: /home/wxdeng/ray_tmp/ray/session_2026-02-18_01-14-26_603447_547336 is over 95% full, available space: 19.2857 GB; capacity: 818.202 GB. Object creation will fail if spilling is required.
[33m(raylet)[0m [2026-02-18 01:18:32,306 E 547965 547993] (raylet) file_system_monitor.cc:116: /home/wxdeng/ray_tmp/ray/session_2026-02-18_01-14-26_603447_547336 is over 95% full, available space: 19.2858 GB; capacity: 818.202 GB. Object creation will fail if spilling is required.
[33m(raylet)[0m [2026-02-18 01:18:42,321 E 547965 547993] (raylet) file_system_monitor.cc:116: /home/wxdeng/ray_tmp/ray/session_2026-02-18_01-14-26_603447_547336 is over 95% full, available space: 19.2839 GB; capacity: 818.202 GB. Object creation will fail if spilling is required.
[33m(raylet)[0m [2026-02-18 01:18:52,336 E 547965 547993] (raylet) file_system_monitor.cc:116: /home/wxdeng/ray_tmp/ray/session_2026-02-18_01-14-26_603447_547336 is over 95% full, available space: 19.2838 GB; capacity: 818.202 GB. Object creation will fail if spilling is required.
[33m(raylet)[0m [2026-02-18 01:19:02,351 E 547965 547993] (raylet) file_system_monitor.cc:116: /home/wxdeng/ray_tmp/ray/session_2026-02-18_01-14-26_603447_547336 is over 95% full, available space: 19.2838 GB; capacity: 818.202 GB. Object creation will fail if spilling is required.
[33m(raylet)[0m [2026-02-18 01:19:12,366 E 547965 547993] (raylet) file_system_monitor.cc:116: /home/wxdeng/ray_tmp/ray/session_2026-02-18_01-14-26_603447_547336 is over 95% full, available space: 19.2838 GB; capacity: 818.202 GB. Object creation will fail if spilling is required.
[33m(raylet)[0m [2026-02-18 01:19:22,381 E 547965 547993] (raylet) file_system_monitor.cc:116: /home/wxdeng/ray_tmp/ray/session_2026-02-18_01-14-26_603447_547336 is over 95% full, available space: 19.2838 GB; capacity: 818.202 GB. Object creation will fail if spilling is required.
[33m(raylet)[0m [2026-02-18 01:19:32,396 E 547965 547993] (raylet) file_system_monitor.cc:116: /home/wxdeng/ray_tmp/ray/session_2026-02-18_01-14-26_603447_547336 is over 95% full, available space: 19.2839 GB; capacity: 818.202 GB. Object creation will fail if spilling is required.
[33m(raylet)[0m [2026-02-18 01:19:42,411 E 547965 547993] (raylet) file_system_monitor.cc:116: /home/wxdeng/ray_tmp/ray/session_2026-02-18_01-14-26_603447_547336 is over 95% full, available space: 19.2819 GB; capacity: 818.202 GB. Object creation will fail if spilling is required.
[33m(raylet)[0m [2026-02-18 01:19:52,424 E 547965 547993] (raylet) file_system_monitor.cc:116: /home/wxdeng/ray_tmp/ray/session_2026-02-18_01-14-26_603447_547336 is over 95% full, available space: 19.2818 GB; capacity: 818.202 GB. Object creation will fail if spilling is required.
[33m(raylet)[0m [2026-02-18 01:20:02,438 E 547965 547993] (raylet) file_system_monitor.cc:116: /home/wxdeng/ray_tmp/ray/session_2026-02-18_01-14-26_603447_547336 is over 95% full, available space: 19.2818 GB; capacity: 818.202 GB. Object creation will fail if spilling is required.
[33m(raylet)[0m [2026-02-18 01:20:12,452 E 547965 547993] (raylet) file_system_monitor.cc:116: /home/wxdeng/ray_tmp/ray/session_2026-02-18_01-14-26_603447_547336 is over 95% full, available space: 19.2818 GB; capacity: 818.202 GB. Object creation will fail if spilling is required.
[33m(raylet)[0m [2026-02-18 01:20:22,466 E 547965 547993] (raylet) file_system_monitor.cc:116: /home/wxdeng/ray_tmp/ray/session_2026-02-18_01-14-26_603447_547336 is over 95% full, available space: 19.2818 GB; capacity: 818.202 GB. Object creation will fail if spilling is required.
[33m(raylet)[0m [2026-02-18 01:20:32,480 E 547965 547993] (raylet) file_system_monitor.cc:116: /home/wxdeng/ray_tmp/ray/session_2026-02-18_01-14-26_603447_547336 is over 95% full, available space: 19.2816 GB; capacity: 818.202 GB. Object creation will fail if spilling is required.
[33m(raylet)[0m [2026-02-18 01:20:42,496 E 547965 547993] (raylet) file_system_monitor.cc:116: /home/wxdeng/ray_tmp/ray/session_2026-02-18_01-14-26_603447_547336 is over 95% full, available space: 19.2806 GB; capacity: 818.202 GB. Object creation will fail if spilling is required.
[33m(raylet)[0m [2026-02-18 01:20:52,510 E 547965 547993] (raylet) file_system_monitor.cc:116: /home/wxdeng/ray_tmp/ray/session_2026-02-18_01-14-26_603447_547336 is over 95% full, available space: 19.2805 GB; capacity: 818.202 GB. Object creation will fail if spilling is required.
[33m(raylet)[0m [2026-02-18 01:21:02,526 E 547965 547993] (raylet) file_system_monitor.cc:116: /home/wxdeng/ray_tmp/ray/session_2026-02-18_01-14-26_603447_547336 is over 95% full, available space: 19.2805 GB; capacity: 818.202 GB. Object creation will fail if spilling is required.
[33m(raylet)[0m [2026-02-18 01:21:12,542 E 547965 547993] (raylet) file_system_monitor.cc:116: /home/wxdeng/ray_tmp/ray/session_2026-02-18_01-14-26_603447_547336 is over 95% full, available space: 19.2805 GB; capacity: 818.202 GB. Object creation will fail if spilling is required.
Traceback (most recent call last):
  File "/m-coriander/coriander/wxdeng/conda-envs/piper_ref/lib/python3.10/runpy.py", line 196, in _run_module_as_main
    return _run_code(code, main_globals, None,
  File "/m-coriander/coriander/wxdeng/conda-envs/piper_ref/lib/python3.10/runpy.py", line 86, in _run_code
    exec(code, run_globals)
  File "/m-coriander/coriander/wxdeng/mlsys/piper_ref/test/test_llama.py", line 161, in <module>
    ray.get(piper_coordinator.run_program.remote(main, args))
  File "/m-coriander/coriander/wxdeng/conda-envs/piper_ref/lib/python3.10/site-packages/ray/_private/auto_init_hook.py", line 22, in auto_init_wrapper
    return fn(*args, **kwargs)
  File "/m-coriander/coriander/wxdeng/conda-envs/piper_ref/lib/python3.10/site-packages/ray/_private/client_mode_hook.py", line 104, in wrapper
    return func(*args, **kwargs)
  File "/m-coriander/coriander/wxdeng/conda-envs/piper_ref/lib/python3.10/site-packages/ray/_private/worker.py", line 2967, in get
    values, debugger_breakpoint = worker.get_objects(
  File "/m-coriander/coriander/wxdeng/conda-envs/piper_ref/lib/python3.10/site-packages/ray/_private/worker.py", line 976, in get_objects
    ] = self.core_worker.get_objects(
  File "python/ray/_raylet.pyx", line 2875, in ray._raylet.CoreWorker.get_objects
  File "python/ray/includes/common.pxi", line 99, in ray._raylet.check_status
KeyboardInterrupt
Exception ignored in atexit callback: <function shutdown at 0x7f25f93f7c70>
Traceback (most recent call last):
  File "/m-coriander/coriander/wxdeng/conda-envs/piper_ref/lib/python3.10/site-packages/ray/_private/client_mode_hook.py", line 104, in wrapper
    return func(*args, **kwargs)
  File "/m-coriander/coriander/wxdeng/conda-envs/piper_ref/lib/python3.10/site-packages/ray/_private/worker.py", line 1147, in wrapper
    return func(*args, **kwargs)
  File "/m-coriander/coriander/wxdeng/conda-envs/piper_ref/lib/python3.10/site-packages/ray/_private/worker.py", line 2118, in shutdown
    _global_node.kill_all_processes(check_alive=False, allow_graceful=True)
  File "/m-coriander/coriander/wxdeng/conda-envs/piper_ref/lib/python3.10/site-packages/ray/_private/node.py", line 1679, in kill_all_processes
    self._kill_process_type(
  File "/m-coriander/coriander/wxdeng/conda-envs/piper_ref/lib/python3.10/site-packages/ray/_private/node.py", line 1503, in _kill_process_type
    self._kill_process_impl(
  File "/m-coriander/coriander/wxdeng/conda-envs/piper_ref/lib/python3.10/site-packages/ray/_private/node.py", line 1559, in _kill_process_impl
    process.wait(timeout_seconds)
  File "/m-coriander/coriander/wxdeng/conda-envs/piper_ref/lib/python3.10/subprocess.py", line 1209, in wait
    return self._wait(timeout=timeout)
  File "/m-coriander/coriander/wxdeng/conda-envs/piper_ref/lib/python3.10/subprocess.py", line 1953, in _wait
    time.sleep(delay)
KeyboardInterrupt: 
