2026-01-21 09:46:31,984	INFO worker.py:2007 -- Started a local Ray instance.
/m-coriander/coriander/wxdeng/conda-envs/piper_ref/lib/python3.10/site-packages/ray/_private/worker.py:2046: FutureWarning: Tip: In future versions of Ray, Ray will no longer override accelerator visible devices env var if num_gpus=0 or num_gpus=None (default). To enable this behavior and turn off this error message, set RAY_ACCEL_ENV_VAR_OVERRIDE_ON_ZERO=0
  warnings.warn(
[36m(PiperProgramCoordinator pid=2277646)[0m 2026-01-21 09:46:42,345 - piper_coordinator - INFO - Running program with 1 DP ranks and 2 PP ranks
[36m(run_dp_rank pid=2277608)[0m Namespace(model='LLAMA_3B', schedule='interleaved-1f1b', num_stages=4, dp_degree=1, pp_degree=2, batch_size=16, num_mbs=4, seq_len=256, warmup=5, iters=5, tracing=False, verify_weights=False)
[36m(pid=gcs_server)[0m [2026-01-21 09:47:00,264 E 2276995 2276995] (gcs_server) gcs_server.cc:303: Failed to establish connection to the event+metrics exporter agent. Events and metrics will not be exported. Exporter agent status: RpcError: Running out of retries to initialize the metrics agent. rpc_code: 14
[33m(raylet)[0m [2026-01-21 09:47:06,601 E 2277460 2277460] (raylet) main.cc:1032: Failed to establish connection to the metrics exporter agent. Metrics will not be exported. Exporter agent status: RpcError: Running out of retries to initialize the metrics agent. rpc_code: 14
[36m(PiperProgramCoordinator pid=2277646)[0m [2026-01-21 09:47:07,617 E 2277646 2285063] core_worker_process.cc:842: Failed to establish connection to the metrics exporter agent. Metrics will not be exported. Exporter agent status: RpcError: Running out of retries to initialize the metrics agent. rpc_code: 14
[2026-01-21 09:47:08,175 E 2276804 2277603] core_worker_process.cc:842: Failed to establish connection to the metrics exporter agent. Metrics will not be exported. Exporter agent status: RpcError: Running out of retries to initialize the metrics agent. rpc_code: 14
[36m(run_dp_rank pid=2277608)[0m 2026-01-21 09:47:14,468 - piper_compile - INFO - DP rank 0 compiling 4 stages...
[36m(pid=2285040)[0m [2026-01-21 09:47:08,158 E 2285040 2291641] core_worker_process.cc:842: Failed to establish connection to the metrics exporter agent. Metrics will not be exported. Exporter agent status: RpcError: Running out of retries to initialize the metrics agent. rpc_code: 14[32m [repeated 255x across cluster] (Ray deduplicates logs by default. Set RAY_DEDUP_LOGS=0 to disable log deduplication, or see https://docs.ray.io/en/master/ray-observability/user-guides/configure-logging.html#log-deduplication for more options.)[0m
[36m(PiperActor pid=2277616)[0m 2026-01-21 09:47:18,569 - piper_actor - INFO - Initializing Ray actor 0 global rank 0 with PID: 2277616
[36m(PiperActor pid=2277605)[0m 2026-01-21 09:47:36,505 - piper_actor - INFO - Initializing Ray actor 1 global rank 1 with PID: 2277605
[36m(run_dp_rank pid=2277608)[0m 2026-01-21 09:48:03,891 - piper_compile - INFO - DP rank 0 joining process groups
[36m(run_dp_rank pid=2277608)[0m 2026-01-21 09:48:03,903 - piper_compile - INFO - DP rank 0 completed setup for 2 actors
[36m(run_dp_rank pid=2277608)[0m SCHEDULE:
[36m(run_dp_rank pid=2277608)[0m 0:0:f	0:1:f	2:0:f	2:1:f	0:2:f	0:3:f	2:0:b	 -- 	2:1:b	2:2:f	0:0:b	2:3:f	0:1:b	 -- 	2:2:b	2:3:b	0:2:b	0:3:b	0:0:u	
[36m(run_dp_rank pid=2277608)[0m  -- 	1:0:f	1:1:f	3:0:f	3:0:b	3:1:f	3:1:b	1:2:f	1:0:b	1:3:f	1:1:b	3:2:f	3:2:b	3:3:f	3:3:b	1:2:b	1:3:b	1:0:u	 -- 	
[36m(run_dp_rank pid=2277608)[0m Running 5 warmup iterations...
[36m(run_dp_rank pid=2277608)[0m 2026-01-21 09:48:04,291 - piper_compile - INFO - DP rank 0 Started NCCL group with 2 actors
[36m(PiperActor pid=2277616)[0m 2026-01-21 09:48:04,380 - piper_actor - INFO - Actor 0: Tracing disabled
[36m(run_dp_rank pid=2277608)[0m Running 5 timed iterations...
[36m(run_dp_rank pid=2277608)[0m Iteration time: 5842 ms
[36m(run_dp_rank pid=2277608)[0m interleaved-1f1b throughput: 2804 tokens/sec
[36m(PiperActor pid=2277605)[0m 2026-01-21 09:48:04,380 - piper_actor - INFO - Actor 1: Tracing disabled
