2026-02-18 03:28:24,904	INFO worker.py:2007 -- Started a local Ray instance.
/m-coriander/coriander/wxdeng/conda-envs/piper_ref/lib/python3.10/site-packages/ray/_private/worker.py:2046: FutureWarning: Tip: In future versions of Ray, Ray will no longer override accelerator visible devices env var if num_gpus=0 or num_gpus=None (default). To enable this behavior and turn off this error message, set RAY_ACCEL_ENV_VAR_OVERRIDE_ON_ZERO=0
  warnings.warn(
[33m(raylet)[0m [2026-02-18 03:28:34,869 E 1541124 1541157] (raylet) file_system_monitor.cc:116: /m-coriander/coriander/tmp/ray/ray/session_2026-02-18_03-28-19_547514_1540242 is over 95% full, available space: 42.9818 GB; capacity: 29074.8 GB. Object creation will fail if spilling is required.
[36m(run_dp_rank pid=1541271)[0m Namespace(model='3b', schedule='interleaved-1f1b', dp=1, pp=2, batch_size=16, mbs=4, seq_len=256, warmup=5, iters=10, tracing=False, naive_gradient_sync=False)
[36m(run_dp_rank pid=1541271)[0m 2026-02-18 03:28:39,245 - piper_coordinator - DEBUG - Running DP rank 1 of 1
[36m(run_dp_rank pid=1541271)[0m Schedule:
[36m(run_dp_rank pid=1541271)[0m 0:0:f	0:1:f	2:0:f	2:1:f	0:2:f	0:3:f	2:0:b	 -- 	2:1:b	2:2:f	0:0:b	2:3:f	0:1:b	 -- 	2:2:b	2:3:b	0:2:b	0:3:b	0:0:u	
[36m(run_dp_rank pid=1541271)[0m  -- 	1:0:f	1:1:f	3:0:f	3:0:b	3:1:f	3:1:b	1:2:f	1:0:b	1:3:f	1:1:b	3:2:f	3:2:b	3:3:f	3:3:b	1:2:b	1:3:b	1:0:u	 -- 	
[36m(run_dp_rank pid=1541271)[0m 2026-02-18 03:28:42,382 - piper_compile - DEBUG - mbs: 4, stages: 4, devices: 2
[36m(run_dp_rank pid=1541271)[0m 2026-02-18 03:28:42,382 - piper_compile - DEBUG - Fwd/bwd schedule: [[Task(pp_rank=0, stage_id=0, mb_idx=0, is_fwd=True, upd=False), Task(pp_rank=0, stage_id=0, mb_idx=1, is_fwd=True, upd=False), Task(pp_rank=0, stage_id=2, mb_idx=0, is_fwd=True, upd=False), Task(pp_rank=0, stage_id=2, mb_idx=1, is_fwd=True, upd=False), Task(pp_rank=0, stage_id=0, mb_idx=2, is_fwd=True, upd=False), Task(pp_rank=0, stage_id=0, mb_idx=3, is_fwd=True, upd=False), Task(pp_rank=0, stage_id=2, mb_idx=0, is_fwd=False, upd=False), Task(pp_rank=0, stage_id=2, mb_idx=1, is_fwd=False, upd=False), Task(pp_rank=0, stage_id=2, mb_idx=2, is_fwd=True, upd=False), Task(pp_rank=0, stage_id=0, mb_idx=0, is_fwd=False, upd=False), Task(pp_rank=0, stage_id=2, mb_idx=3, is_fwd=True, upd=False), Task(pp_rank=0, stage_id=0, mb_idx=1, is_fwd=False, upd=False), Task(pp_rank=0, stage_id=2, mb_idx=2, is_fwd=False, upd=False), Task(pp_rank=0, stage_id=2, mb_idx=3, is_fwd=False, upd=False), Task(pp_rank=0, stage_id=0, mb_idx=2, is_fwd=False, upd=False), Task(pp_rank=0, stage_id=0, mb_idx=3, is_fwd=False, upd=False)], [Task(pp_rank=1, stage_id=1, mb_idx=0, is_fwd=True, upd=False), Task(pp_rank=1, stage_id=1, mb_idx=1, is_fwd=True, upd=False), Task(pp_rank=1, stage_id=3, mb_idx=0, is_fwd=True, upd=False), Task(pp_rank=1, stage_id=3, mb_idx=0, is_fwd=False, upd=False), Task(pp_rank=1, stage_id=3, mb_idx=1, is_fwd=True, upd=False), Task(pp_rank=1, stage_id=3, mb_idx=1, is_fwd=False, upd=False), Task(pp_rank=1, stage_id=1, mb_idx=2, is_fwd=True, upd=False), Task(pp_rank=1, stage_id=1, mb_idx=0, is_fwd=False, upd=False), Task(pp_rank=1, stage_id=1, mb_idx=3, is_fwd=True, upd=False), Task(pp_rank=1, stage_id=1, mb_idx=1, is_fwd=False, upd=False), Task(pp_rank=1, stage_id=3, mb_idx=2, is_fwd=True, upd=False), Task(pp_rank=1, stage_id=3, mb_idx=2, is_fwd=False, upd=False), Task(pp_rank=1, stage_id=3, mb_idx=3, is_fwd=True, upd=False), Task(pp_rank=1, stage_id=3, mb_idx=3, is_fwd=False, upd=False), Task(pp_rank=1, stage_id=1, mb_idx=2, is_fwd=False, upd=False), Task(pp_rank=1, stage_id=1, mb_idx=3, is_fwd=False, upd=False)]]
[36m(run_dp_rank pid=1541271)[0m 2026-02-18 03:28:42,382 - piper_compile - DEBUG - P2P comms: [(0, 1, 0), (0, 1, 1), (1, 2, 0), (2, 3, 0), (1, 2, 1), (2, 3, 1), (0, 1, 2), (3, 2, 0), (0, 1, 3), (2, 1, 0), (3, 2, 1), (2, 1, 1), (1, 2, 2), (2, 3, 2), (1, 0, 0), (1, 2, 3), (2, 3, 3), (1, 0, 1), (3, 2, 2), (2, 1, 2), (3, 2, 3), (2, 1, 3), (1, 0, 2), (1, 0, 3)]
[36m(run_dp_rank pid=1541271)[0m 2026-02-18 03:28:42,382 - piper_compile - DEBUG - P2P schedules: {0: [(0, 1, 0, True), (0, 1, 1, True), (1, 2, 0, False), (2, 3, 0, True), (1, 2, 1, False), (2, 3, 1, True), (0, 1, 2, True), (3, 2, 0, False), (0, 1, 3, True), (2, 1, 0, True), (3, 2, 1, False), (2, 1, 1, True), (1, 2, 2, False), (2, 3, 2, True), (1, 0, 0, False), (1, 2, 3, False), (2, 3, 3, True), (1, 0, 1, False), (3, 2, 2, False), (2, 1, 2, True), (3, 2, 3, False), (2, 1, 3, True), (1, 0, 2, False), (1, 0, 3, False)], 1: [(0, 1, 0, False), (0, 1, 1, False), (1, 2, 0, True), (2, 3, 0, False), (1, 2, 1, True), (2, 3, 1, False), (0, 1, 2, False), (3, 2, 0, True), (0, 1, 3, False), (2, 1, 0, False), (3, 2, 1, True), (2, 1, 1, False), (1, 2, 2, True), (2, 3, 2, False), (1, 0, 0, True), (1, 2, 3, True), (2, 3, 3, False), (1, 0, 1, True), (3, 2, 2, True), (2, 1, 2, False), (3, 2, 3, True), (2, 1, 3, False), (1, 0, 2, True), (1, 0, 3, True)]}
[36m(run_dp_rank pid=1541271)[0m 2026-02-18 03:28:42,445 - piper_actor - DEBUG - DP rank 0 created actor Actor(PiperActor, 6519c06f37bcc0198b57361e01000000) global rank 0
[36m(run_dp_rank pid=1541271)[0m 2026-02-18 03:28:42,446 - piper_actor - DEBUG - DP rank 0 created actor Actor(PiperActor, 7372a9e516aef2991244e5d801000000) global rank 1
[33m(raylet)[0m [2026-02-18 03:28:44,897 E 1541124 1541157] (raylet) file_system_monitor.cc:116: /m-coriander/coriander/tmp/ray/ray/session_2026-02-18_03-28-19_547514_1540242 is over 95% full, available space: 42.9817 GB; capacity: 29074.8 GB. Object creation will fail if spilling is required.
[36m(PiperActor pid=1541268)[0m 2026-02-18 03:28:45,503 - piper_actor - INFO - Initializing Ray actor 0 global rank 0 GPU 6
[36m(PiperActor pid=1541268)[0m 2026-02-18 03:28:47,981 - piper_actor - DEBUG - Actor 0 has GPU 6, joined the global process group
[36m(PiperActor pid=1541268)[0m 2026-02-18 03:28:47,982 - piper_actor - INFO - Global rank 0 joined its pp group 0 along with ranks [0, 1]
[33m(raylet)[0m [2026-02-18 03:28:54,925 E 1541124 1541157] (raylet) file_system_monitor.cc:116: /m-coriander/coriander/tmp/ray/ray/session_2026-02-18_03-28-19_547514_1540242 is over 95% full, available space: 42.9817 GB; capacity: 29074.8 GB. Object creation will fail if spilling is required.
[36m(PiperActor pid=1541282)[0m 2026-02-18 03:28:45,454 - piper_actor - INFO - Initializing Ray actor 1 global rank 1 GPU 7
[36m(PiperActor pid=1541282)[0m 2026-02-18 03:28:47,977 - piper_actor - DEBUG - Actor 1 has GPU 7, joined the global process group
[36m(PiperActor pid=1541282)[0m 2026-02-18 03:28:47,978 - piper_actor - INFO - Global rank 1 joined its pp group 0 along with ranks [0, 1]
[33m(raylet)[0m [2026-02-18 03:29:04,954 E 1541124 1541157] (raylet) file_system_monitor.cc:116: /m-coriander/coriander/tmp/ray/ray/session_2026-02-18_03-28-19_547514_1540242 is over 95% full, available space: 42.9817 GB; capacity: 29074.8 GB. Object creation will fail if spilling is required.
[36m(run_dp_rank pid=1541271)[0m 2026-02-18 03:29:07,561 - piper_compile - INFO - DP rank 1 compiling...
[33m(raylet)[0m [2026-02-18 03:29:14,982 E 1541124 1541157] (raylet) file_system_monitor.cc:116: /m-coriander/coriander/tmp/ray/ray/session_2026-02-18_03-28-19_547514_1540242 is over 95% full, available space: 42.9817 GB; capacity: 29074.8 GB. Object creation will fail if spilling is required.
[36m(PiperActor pid=1541268)[0m 2026-02-18 03:29:23,900 - piper_actor - INFO - Loading stage 0 graph on actor 0
[33m(raylet)[0m [2026-02-18 03:29:25,010 E 1541124 1541157] (raylet) file_system_monitor.cc:116: /m-coriander/coriander/tmp/ray/ray/session_2026-02-18_03-28-19_547514_1540242 is over 95% full, available space: 42.9817 GB; capacity: 29074.8 GB. Object creation will fail if spilling is required.
[36m(PiperActor pid=1541268)[0m 2026-02-18 03:29:26,077 - piper_actor - INFO - Loaded stage 0 graph on actor 0
[36m(PiperActor pid=1541268)[0m 2026-02-18 03:29:29,901 - piper_actor - INFO - Loading stage 2 graph on actor 0[32m [repeated 2x across cluster] (Ray deduplicates logs by default. Set RAY_DEDUP_LOGS=0 to disable log deduplication, or see https://docs.ray.io/en/master/ray-observability/user-guides/configure-logging.html#log-deduplication for more options.)[0m
[36m(PiperActor pid=1541268)[0m 2026-02-18 03:29:30,742 - piper_actor - INFO - Loaded stage 2 graph on actor 0[32m [repeated 2x across cluster][0m
[36m(run_dp_rank pid=1541271)[0m 2026-02-18 03:29:34,691 - piper_backend - DEBUG - Finished loading stages on actors
[33m(raylet)[0m [2026-02-18 03:29:35,036 E 1541124 1541157] (raylet) file_system_monitor.cc:116: /m-coriander/coriander/tmp/ray/ray/session_2026-02-18_03-28-19_547514_1540242 is over 95% full, available space: 42.9814 GB; capacity: 29074.8 GB. Object creation will fail if spilling is required.
[36m(PiperActor pid=1541282)[0m 2026-02-18 03:29:33,705 - piper_actor - INFO - Loading stage 3 graph on actor 1
[36m(run_dp_rank pid=1541271)[0m 2026-02-18 03:29:35,056 - piper_backend - WARNING - Should not directly call compiled module, running non-distributed execution
[36m(PiperActor pid=1541282)[0m 2026-02-18 03:29:34,660 - piper_actor - INFO - Loaded stage 3 graph on actor 1
[33m(raylet)[0m [2026-02-18 03:29:45,064 E 1541124 1541157] (raylet) file_system_monitor.cc:116: /m-coriander/coriander/tmp/ray/ray/session_2026-02-18_03-28-19_547514_1540242 is over 95% full, available space: 42.9814 GB; capacity: 29074.8 GB. Object creation will fail if spilling is required.
[33m(raylet)[0m [2026-02-18 03:29:55,092 E 1541124 1541157] (raylet) file_system_monitor.cc:116: /m-coriander/coriander/tmp/ray/ray/session_2026-02-18_03-28-19_547514_1540242 is over 95% full, available space: 42.9813 GB; capacity: 29074.8 GB. Object creation will fail if spilling is required.
[33m(raylet)[0m [2026-02-18 03:30:05,120 E 1541124 1541157] (raylet) file_system_monitor.cc:116: /m-coriander/coriander/tmp/ray/ray/session_2026-02-18_03-28-19_547514_1540242 is over 95% full, available space: 42.9813 GB; capacity: 29074.8 GB. Object creation will fail if spilling is required.
[33m(raylet)[0m [2026-02-18 03:30:15,148 E 1541124 1541157] (raylet) file_system_monitor.cc:116: /m-coriander/coriander/tmp/ray/ray/session_2026-02-18_03-28-19_547514_1540242 is over 95% full, available space: 42.9813 GB; capacity: 29074.8 GB. Object creation will fail if spilling is required.
[33m(raylet)[0m [2026-02-18 03:30:25,176 E 1541124 1541157] (raylet) file_system_monitor.cc:116: /m-coriander/coriander/tmp/ray/ray/session_2026-02-18_03-28-19_547514_1540242 is over 95% full, available space: 42.9813 GB; capacity: 29074.8 GB. Object creation will fail if spilling is required.
[33m(raylet)[0m [2026-02-18 03:30:35,204 E 1541124 1541157] (raylet) file_system_monitor.cc:116: /m-coriander/coriander/tmp/ray/ray/session_2026-02-18_03-28-19_547514_1540242 is over 95% full, available space: 42.9812 GB; capacity: 29074.8 GB. Object creation will fail if spilling is required.
[33m(raylet)[0m [2026-02-18 03:30:45,231 E 1541124 1541157] (raylet) file_system_monitor.cc:116: /m-coriander/coriander/tmp/ray/ray/session_2026-02-18_03-28-19_547514_1540242 is over 95% full, available space: 42.9812 GB; capacity: 29074.8 GB. Object creation will fail if spilling is required.
[33m(raylet)[0m [2026-02-18 03:30:55,257 E 1541124 1541157] (raylet) file_system_monitor.cc:116: /m-coriander/coriander/tmp/ray/ray/session_2026-02-18_03-28-19_547514_1540242 is over 95% full, available space: 42.9812 GB; capacity: 29074.8 GB. Object creation will fail if spilling is required.
[33m(raylet)[0m [2026-02-18 03:31:05,285 E 1541124 1541157] (raylet) file_system_monitor.cc:116: /m-coriander/coriander/tmp/ray/ray/session_2026-02-18_03-28-19_547514_1540242 is over 95% full, available space: 42.9812 GB; capacity: 29074.8 GB. Object creation will fail if spilling is required.
[33m(raylet)[0m [2026-02-18 03:31:15,312 E 1541124 1541157] (raylet) file_system_monitor.cc:116: /m-coriander/coriander/tmp/ray/ray/session_2026-02-18_03-28-19_547514_1540242 is over 95% full, available space: 42.9812 GB; capacity: 29074.8 GB. Object creation will fail if spilling is required.
[33m(raylet)[0m [2026-02-18 03:31:25,340 E 1541124 1541157] (raylet) file_system_monitor.cc:116: /m-coriander/coriander/tmp/ray/ray/session_2026-02-18_03-28-19_547514_1540242 is over 95% full, available space: 42.9812 GB; capacity: 29074.8 GB. Object creation will fail if spilling is required.
[33m(raylet)[0m [2026-02-18 03:31:35,368 E 1541124 1541157] (raylet) file_system_monitor.cc:116: /m-coriander/coriander/tmp/ray/ray/session_2026-02-18_03-28-19_547514_1540242 is over 95% full, available space: 42.981 GB; capacity: 29074.8 GB. Object creation will fail if spilling is required.
[33m(raylet)[0m [2026-02-18 03:31:45,396 E 1541124 1541157] (raylet) file_system_monitor.cc:116: /m-coriander/coriander/tmp/ray/ray/session_2026-02-18_03-28-19_547514_1540242 is over 95% full, available space: 42.981 GB; capacity: 29074.8 GB. Object creation will fail if spilling is required.
[33m(raylet)[0m [2026-02-18 03:31:55,423 E 1541124 1541157] (raylet) file_system_monitor.cc:116: /m-coriander/coriander/tmp/ray/ray/session_2026-02-18_03-28-19_547514_1540242 is over 95% full, available space: 42.981 GB; capacity: 29074.8 GB. Object creation will fail if spilling is required.
[33m(raylet)[0m [2026-02-18 03:32:05,451 E 1541124 1541157] (raylet) file_system_monitor.cc:116: /m-coriander/coriander/tmp/ray/ray/session_2026-02-18_03-28-19_547514_1540242 is over 95% full, available space: 42.981 GB; capacity: 29074.8 GB. Object creation will fail if spilling is required.
[33m(raylet)[0m [2026-02-18 03:32:15,479 E 1541124 1541157] (raylet) file_system_monitor.cc:116: /m-coriander/coriander/tmp/ray/ray/session_2026-02-18_03-28-19_547514_1540242 is over 95% full, available space: 42.981 GB; capacity: 29074.8 GB. Object creation will fail if spilling is required.
[33m(raylet)[0m [2026-02-18 03:32:25,507 E 1541124 1541157] (raylet) file_system_monitor.cc:116: /m-coriander/coriander/tmp/ray/ray/session_2026-02-18_03-28-19_547514_1540242 is over 95% full, available space: 42.9808 GB; capacity: 29074.8 GB. Object creation will fail if spilling is required.
[33m(raylet)[0m [2026-02-18 03:32:35,534 E 1541124 1541157] (raylet) file_system_monitor.cc:116: /m-coriander/coriander/tmp/ray/ray/session_2026-02-18_03-28-19_547514_1540242 is over 95% full, available space: 42.9808 GB; capacity: 29074.8 GB. Object creation will fail if spilling is required.
[33m(raylet)[0m [2026-02-18 03:32:45,562 E 1541124 1541157] (raylet) file_system_monitor.cc:116: /m-coriander/coriander/tmp/ray/ray/session_2026-02-18_03-28-19_547514_1540242 is over 95% full, available space: 42.9808 GB; capacity: 29074.8 GB. Object creation will fail if spilling is required.
[33m(raylet)[0m [2026-02-18 03:32:55,589 E 1541124 1541157] (raylet) file_system_monitor.cc:116: /m-coriander/coriander/tmp/ray/ray/session_2026-02-18_03-28-19_547514_1540242 is over 95% full, available space: 42.9808 GB; capacity: 29074.8 GB. Object creation will fail if spilling is required.
[33m(raylet)[0m [2026-02-18 03:33:05,617 E 1541124 1541157] (raylet) file_system_monitor.cc:116: /m-coriander/coriander/tmp/ray/ray/session_2026-02-18_03-28-19_547514_1540242 is over 95% full, available space: 42.9808 GB; capacity: 29074.8 GB. Object creation will fail if spilling is required.
[33m(raylet)[0m [2026-02-18 03:33:15,644 E 1541124 1541157] (raylet) file_system_monitor.cc:116: /m-coriander/coriander/tmp/ray/ray/session_2026-02-18_03-28-19_547514_1540242 is over 95% full, available space: 42.9808 GB; capacity: 29074.8 GB. Object creation will fail if spilling is required.
[33m(raylet)[0m [2026-02-18 03:33:25,672 E 1541124 1541157] (raylet) file_system_monitor.cc:116: /m-coriander/coriander/tmp/ray/ray/session_2026-02-18_03-28-19_547514_1540242 is over 95% full, available space: 42.9807 GB; capacity: 29074.8 GB. Object creation will fail if spilling is required.
[33m(raylet)[0m [2026-02-18 03:33:35,700 E 1541124 1541157] (raylet) file_system_monitor.cc:116: /m-coriander/coriander/tmp/ray/ray/session_2026-02-18_03-28-19_547514_1540242 is over 95% full, available space: 42.9807 GB; capacity: 29074.8 GB. Object creation will fail if spilling is required.
[33m(raylet)[0m [2026-02-18 03:33:45,727 E 1541124 1541157] (raylet) file_system_monitor.cc:116: /m-coriander/coriander/tmp/ray/ray/session_2026-02-18_03-28-19_547514_1540242 is over 95% full, available space: 42.9807 GB; capacity: 29074.8 GB. Object creation will fail if spilling is required.
[33m(raylet)[0m [2026-02-18 03:33:55,755 E 1541124 1541157] (raylet) file_system_monitor.cc:116: /m-coriander/coriander/tmp/ray/ray/session_2026-02-18_03-28-19_547514_1540242 is over 95% full, available space: 42.9807 GB; capacity: 29074.8 GB. Object creation will fail if spilling is required.
[33m(raylet)[0m [2026-02-18 03:34:05,783 E 1541124 1541157] (raylet) file_system_monitor.cc:116: /m-coriander/coriander/tmp/ray/ray/session_2026-02-18_03-28-19_547514_1540242 is over 95% full, available space: 42.9806 GB; capacity: 29074.8 GB. Object creation will fail if spilling is required.
[33m(raylet)[0m [2026-02-18 03:34:15,810 E 1541124 1541157] (raylet) file_system_monitor.cc:116: /m-coriander/coriander/tmp/ray/ray/session_2026-02-18_03-28-19_547514_1540242 is over 95% full, available space: 42.9806 GB; capacity: 29074.8 GB. Object creation will fail if spilling is required.
[33m(raylet)[0m [2026-02-18 03:34:25,838 E 1541124 1541157] (raylet) file_system_monitor.cc:116: /m-coriander/coriander/tmp/ray/ray/session_2026-02-18_03-28-19_547514_1540242 is over 95% full, available space: 42.9806 GB; capacity: 29074.8 GB. Object creation will fail if spilling is required.
[33m(raylet)[0m [2026-02-18 03:34:35,865 E 1541124 1541157] (raylet) file_system_monitor.cc:116: /m-coriander/coriander/tmp/ray/ray/session_2026-02-18_03-28-19_547514_1540242 is over 95% full, available space: 42.9803 GB; capacity: 29074.8 GB. Object creation will fail if spilling is required.
[33m(raylet)[0m [2026-02-18 03:34:45,892 E 1541124 1541157] (raylet) file_system_monitor.cc:116: /m-coriander/coriander/tmp/ray/ray/session_2026-02-18_03-28-19_547514_1540242 is over 95% full, available space: 42.9803 GB; capacity: 29074.8 GB. Object creation will fail if spilling is required.
[33m(raylet)[0m [2026-02-18 03:34:55,920 E 1541124 1541157] (raylet) file_system_monitor.cc:116: /m-coriander/coriander/tmp/ray/ray/session_2026-02-18_03-28-19_547514_1540242 is over 95% full, available space: 42.9803 GB; capacity: 29074.8 GB. Object creation will fail if spilling is required.
[33m(raylet)[0m [2026-02-18 03:35:05,948 E 1541124 1541157] (raylet) file_system_monitor.cc:116: /m-coriander/coriander/tmp/ray/ray/session_2026-02-18_03-28-19_547514_1540242 is over 95% full, available space: 42.9803 GB; capacity: 29074.8 GB. Object creation will fail if spilling is required.
[33m(raylet)[0m [2026-02-18 03:35:15,975 E 1541124 1541157] (raylet) file_system_monitor.cc:116: /m-coriander/coriander/tmp/ray/ray/session_2026-02-18_03-28-19_547514_1540242 is over 95% full, available space: 42.9803 GB; capacity: 29074.8 GB. Object creation will fail if spilling is required.
[33m(raylet)[0m [2026-02-18 03:35:26,002 E 1541124 1541157] (raylet) file_system_monitor.cc:116: /m-coriander/coriander/tmp/ray/ray/session_2026-02-18_03-28-19_547514_1540242 is over 95% full, available space: 42.9803 GB; capacity: 29074.8 GB. Object creation will fail if spilling is required.
[33m(raylet)[0m [2026-02-18 03:35:36,030 E 1541124 1541157] (raylet) file_system_monitor.cc:116: /m-coriander/coriander/tmp/ray/ray/session_2026-02-18_03-28-19_547514_1540242 is over 95% full, available space: 42.9803 GB; capacity: 29074.8 GB. Object creation will fail if spilling is required.
[33m(raylet)[0m [2026-02-18 03:35:46,058 E 1541124 1541157] (raylet) file_system_monitor.cc:116: /m-coriander/coriander/tmp/ray/ray/session_2026-02-18_03-28-19_547514_1540242 is over 95% full, available space: 42.9802 GB; capacity: 29074.8 GB. Object creation will fail if spilling is required.
[33m(raylet)[0m [2026-02-18 03:35:56,085 E 1541124 1541157] (raylet) file_system_monitor.cc:116: /m-coriander/coriander/tmp/ray/ray/session_2026-02-18_03-28-19_547514_1540242 is over 95% full, available space: 42.9802 GB; capacity: 29074.8 GB. Object creation will fail if spilling is required.
[33m(raylet)[0m [2026-02-18 03:36:06,113 E 1541124 1541157] (raylet) file_system_monitor.cc:116: /m-coriander/coriander/tmp/ray/ray/session_2026-02-18_03-28-19_547514_1540242 is over 95% full, available space: 42.9803 GB; capacity: 29074.8 GB. Object creation will fail if spilling is required.
[33m(raylet)[0m [2026-02-18 03:36:16,141 E 1541124 1541157] (raylet) file_system_monitor.cc:116: /m-coriander/coriander/tmp/ray/ray/session_2026-02-18_03-28-19_547514_1540242 is over 95% full, available space: 42.9805 GB; capacity: 29074.8 GB. Object creation will fail if spilling is required.
[33m(raylet)[0m [2026-02-18 03:36:26,168 E 1541124 1541157] (raylet) file_system_monitor.cc:116: /m-coriander/coriander/tmp/ray/ray/session_2026-02-18_03-28-19_547514_1540242 is over 95% full, available space: 42.9805 GB; capacity: 29074.8 GB. Object creation will fail if spilling is required.
[33m(raylet)[0m [2026-02-18 03:36:36,196 E 1541124 1541157] (raylet) file_system_monitor.cc:116: /m-coriander/coriander/tmp/ray/ray/session_2026-02-18_03-28-19_547514_1540242 is over 95% full, available space: 42.9803 GB; capacity: 29074.8 GB. Object creation will fail if spilling is required.
[33m(raylet)[0m [2026-02-18 03:36:46,223 E 1541124 1541157] (raylet) file_system_monitor.cc:116: /m-coriander/coriander/tmp/ray/ray/session_2026-02-18_03-28-19_547514_1540242 is over 95% full, available space: 42.9803 GB; capacity: 29074.8 GB. Object creation will fail if spilling is required.
[33m(raylet)[0m [2026-02-18 03:36:56,250 E 1541124 1541157] (raylet) file_system_monitor.cc:116: /m-coriander/coriander/tmp/ray/ray/session_2026-02-18_03-28-19_547514_1540242 is over 95% full, available space: 42.9803 GB; capacity: 29074.8 GB. Object creation will fail if spilling is required.
[33m(raylet)[0m [2026-02-18 03:37:06,278 E 1541124 1541157] (raylet) file_system_monitor.cc:116: /m-coriander/coriander/tmp/ray/ray/session_2026-02-18_03-28-19_547514_1540242 is over 95% full, available space: 42.9803 GB; capacity: 29074.8 GB. Object creation will fail if spilling is required.
[33m(raylet)[0m [2026-02-18 03:37:16,306 E 1541124 1541157] (raylet) file_system_monitor.cc:116: /m-coriander/coriander/tmp/ray/ray/session_2026-02-18_03-28-19_547514_1540242 is over 95% full, available space: 42.9803 GB; capacity: 29074.8 GB. Object creation will fail if spilling is required.
[33m(raylet)[0m [2026-02-18 03:37:26,333 E 1541124 1541157] (raylet) file_system_monitor.cc:116: /m-coriander/coriander/tmp/ray/ray/session_2026-02-18_03-28-19_547514_1540242 is over 95% full, available space: 42.9805 GB; capacity: 29074.8 GB. Object creation will fail if spilling is required.
[33m(raylet)[0m [2026-02-18 03:37:36,361 E 1541124 1541157] (raylet) file_system_monitor.cc:116: /m-coriander/coriander/tmp/ray/ray/session_2026-02-18_03-28-19_547514_1540242 is over 95% full, available space: 42.9803 GB; capacity: 29074.8 GB. Object creation will fail if spilling is required.
[36m(run_dp_rank pid=1541271)[0m 2026-02-18 03:37:38,065 - piper_compile - INFO - DP rank 1 done.
[36m(PiperActor pid=1541268)[0m 2026-02-18 03:37:38,347 - piper_actor - DEBUG - Actor 0 loaded inputs 1
[36m(run_dp_rank pid=1541271)[0m Running 5 warmup iterations...
[36m(PiperActor pid=1541268)[0m 2026-02-18 03:37:41,124 - piper_actor - DEBUG - Calling forward 0 mb 0 on actor 0
[36m(PiperActor pid=1541282)[0m 2026-02-18 03:37:41,112 - piper_actor - DEBUG - Actor 1 loaded labels torch.Size([16, 256, 128256])
[36m(PiperActor pid=1541282)[0m 2026-02-18 03:37:41,125 - piper_actor - DEBUG - Dispatch fwd p2p recv on 1 from 0
[36m(PiperActor pid=1541282)[0m [rank1]:[W218 03:37:41.607340058 ProcessGroupNCCL.cpp:4068] Warning: An unbatched P2P op (send/recv) was called on this ProcessGroup with size 2.  In lazy initialization mode, this will result in a new 2-rank NCCL communicator to be created. (function operator())
[36m(PiperActor pid=1541268)[0m 2026-02-18 03:37:41,983 - piper_actor - DEBUG - Saving output activation torch.Size([16, 256, 3072]) for stage 0 mb 0
[36m(PiperActor pid=1541268)[0m 2026-02-18 03:37:41,983 - piper_actor - DEBUG - Dispatch fwd p2p send on 0 to 1
[33m(raylet)[0m [2026-02-18 03:37:46,389 E 1541124 1541157] (raylet) file_system_monitor.cc:116: /m-coriander/coriander/tmp/ray/ray/session_2026-02-18_03-28-19_547514_1540242 is over 95% full, available space: 42.9802 GB; capacity: 29074.8 GB. Object creation will fail if spilling is required.
[36m(PiperActor pid=1541282)[0m 2026-02-18 03:37:41,124 - piper_actor - DEBUG - Calling forward 1 mb 0 on actor 1
[36m(PiperActor pid=1541268)[0m [rank0]:[W218 03:37:41.465666473 ProcessGroupNCCL.cpp:4068] Warning: An unbatched P2P op (send/recv) was called on this ProcessGroup with size 2.  In lazy initialization mode, this will result in a new 2-rank NCCL communicator to be created. (function operator())
[36m(PiperActor pid=1541268)[0m 2026-02-18 03:37:50,265 - piper_actor - DEBUG - Completed fwd p2p send on 0 to 1
[36m(PiperActor pid=1541268)[0m 2026-02-18 03:37:50,265 - piper_actor - DEBUG - Executed P2P(fwd_send, stage 0 -> 1, mb 0) on actor 0
[36m(PiperActor pid=1541268)[0m 2026-02-18 03:37:50,265 - piper_actor - DEBUG - Forward 0 mb 0 on actor 0 returning [torch.Size([256, 64]), torch.Size([256, 256]), torch.Size([16, 256, 3072])]
[36m(PiperActor pid=1541268)[0m 2026-02-18 03:37:50,267 - piper_actor - DEBUG - Calling forward 0 mb 1 on actor 0
[36m(PiperActor pid=1541282)[0m 2026-02-18 03:37:50,274 - piper_actor - DEBUG - Completed fwd p2p recv on 1 from 0
[36m(PiperActor pid=1541282)[0m 2026-02-18 03:37:50,274 - piper_actor - DEBUG - Saving input activation torch.Size([16, 256, 3072]) for stage 1 mb 0
[36m(PiperActor pid=1541268)[0m 2026-02-18 03:37:50,340 - piper_actor - DEBUG - Saving output activation torch.Size([16, 256, 3072]) for stage 0 mb 1
[36m(PiperActor pid=1541268)[0m 2026-02-18 03:37:50,340 - piper_actor - DEBUG - Dispatch fwd p2p send on 0 to 1
[36m(PiperActor pid=1541268)[0m 2026-02-18 03:37:50,341 - piper_actor - DEBUG - Completed fwd p2p send on 0 to 1
[36m(PiperActor pid=1541268)[0m 2026-02-18 03:37:50,341 - piper_actor - DEBUG - Forward 0 mb 1 on actor 0 returning [torch.Size([256, 64]), torch.Size([256, 256]), torch.Size([16, 256, 3072])]
[36m(PiperActor pid=1541268)[0m 2026-02-18 03:37:50,411 - piper_actor - DEBUG - Calling forward 2 mb 0 on actor 0
[36m(PiperActor pid=1541268)[0m 2026-02-18 03:37:50,411 - piper_actor - DEBUG - Dispatch fwd p2p recv on 0 from 1
[36m(PiperActor pid=1541268)[0m [rank0]:[W218 03:37:50.893603554 ProcessGroupNCCL.cpp:4068] Warning: An unbatched P2P op (send/recv) was called on this ProcessGroup with size 2.  In lazy initialization mode, this will result in a new 2-rank NCCL communicator to be created. (function operator())
[36m(PiperActor pid=1541282)[0m 2026-02-18 03:37:51,238 - piper_actor - DEBUG - Completed fwd p2p recv on 1 from 0
[33m(raylet)[0m [2026-02-18 03:37:56,417 E 1541124 1541157] (raylet) file_system_monitor.cc:116: /m-coriander/coriander/tmp/ray/ray/session_2026-02-18_03-28-19_547514_1540242 is over 95% full, available space: 42.9805 GB; capacity: 29074.8 GB. Object creation will fail if spilling is required.
[36m(PiperActor pid=1541282)[0m 2026-02-18 03:37:51,238 - piper_actor - DEBUG - Executed P2P(fwd_recv, stage 0 -> 1, mb 1) on actor 1[32m [repeated 3x across cluster][0m
[36m(PiperActor pid=1541282)[0m 2026-02-18 03:37:51,237 - piper_actor - DEBUG - Saving output activation torch.Size([16, 256, 3072]) for stage 1 mb 0
[36m(PiperActor pid=1541282)[0m 2026-02-18 03:37:51,238 - piper_actor - DEBUG - Dispatch fwd p2p send on 1 to 0
[36m(PiperActor pid=1541282)[0m 2026-02-18 03:37:51,237 - piper_actor - DEBUG - Dispatch fwd p2p recv on 1 from 0
[36m(PiperActor pid=1541282)[0m [rank1]:[W218 03:37:51.720508758 ProcessGroupNCCL.cpp:4068] Warning: An unbatched P2P op (send/recv) was called on this ProcessGroup with size 2.  In lazy initialization mode, this will result in a new 2-rank NCCL communicator to be created. (function operator())
[36m(PiperActor pid=1541268)[0m 2026-02-18 03:37:57,288 - piper_actor - DEBUG - Completed fwd p2p recv on 0 from 1
[36m(PiperActor pid=1541268)[0m 2026-02-18 03:37:57,288 - piper_actor - DEBUG - Saving input activation torch.Size([16, 256, 3072]) for stage 2 mb 0
[36m(PiperActor pid=1541282)[0m 2026-02-18 03:37:57,288 - piper_actor - DEBUG - Completed fwd p2p send on 1 to 0
[36m(PiperActor pid=1541282)[0m 2026-02-18 03:37:57,288 - piper_actor - DEBUG - Forward 1 mb 0 on actor 1 returning [torch.Size([16, 256, 3072])]
[36m(PiperActor pid=1541282)[0m 2026-02-18 03:37:57,290 - piper_actor - DEBUG - Calling forward 1 mb 1 on actor 1
[36m(PiperActor pid=1541268)[0m 2026-02-18 03:37:57,349 - piper_actor - DEBUG - Saving output activation torch.Size([16, 256, 3072]) for stage 2 mb 0
[36m(PiperActor pid=1541268)[0m 2026-02-18 03:37:57,349 - piper_actor - DEBUG - Dispatch fwd p2p send on 0 to 1
[36m(PiperActor pid=1541268)[0m 2026-02-18 03:37:57,414 - piper_actor - DEBUG - Dispatch fwd p2p recv on 0 from 1
[36m(PiperActor pid=1541268)[0m 2026-02-18 03:37:57,414 - piper_actor - DEBUG - Completed fwd p2p recv on 0 from 1
[36m(PiperActor pid=1541282)[0m 2026-02-18 03:37:58,274 - piper_actor - DEBUG - Calling backward 3 mb 0 on actor 1
[36m(PiperActor pid=1541282)[0m 2026-02-18 03:37:58,704 - piper_actor - DEBUG - Dispatch bwd p2p send on 1 to 0
[36m(PiperActor pid=1541282)[0m 2026-02-18 03:37:58,704 - piper_actor - DEBUG - Completed bwd p2p send on 1 to 0
[36m(PiperActor pid=1541282)[0m 2026-02-18 03:37:58,970 - piper_actor - DEBUG - Calling backward 3 mb 1 on actor 1
[36m(PiperActor pid=1541268)[0m 2026-02-18 03:37:59,174 - piper_actor - DEBUG - Dispatch bwd p2p recv on 0 from 1
[36m(PiperActor pid=1541268)[0m 2026-02-18 03:37:59,174 - piper_actor - DEBUG - Completed bwd p2p recv on 0 from 1
[36m(PiperActor pid=1541268)[0m 2026-02-18 03:37:59,504 - piper_actor - DEBUG - Dispatch bwd p2p recv on 0 from 1
[36m(PiperActor pid=1541268)[0m 2026-02-18 03:37:59,505 - piper_actor - DEBUG - Completed bwd p2p recv on 0 from 1
[36m(PiperActor pid=1541268)[0m 2026-02-18 03:38:01,443 - piper_actor - DEBUG - Executed P2P(bwd_send, stage 2 -> 1, mb 3) on actor 0[32m [repeated 37x across cluster][0m
[36m(PiperActor pid=1541268)[0m 2026-02-18 03:38:00,400 - piper_actor - DEBUG - Completed fwd p2p recv on 0 from 1[32m [repeated 8x across cluster][0m
[36m(PiperActor pid=1541282)[0m 2026-02-18 03:38:01,427 - piper_actor - DEBUG - Saving input activation torch.Size([16, 256, 3072]) for stage 3 mb 3[32m [repeated 10x across cluster][0m
[36m(PiperActor pid=1541268)[0m 2026-02-18 03:38:00,408 - piper_actor - DEBUG - Completed fwd p2p send on 0 to 1[32m [repeated 9x across cluster][0m
[36m(PiperActor pid=1541282)[0m 2026-02-18 03:38:01,435 - piper_actor - DEBUG - Forward 3 mb 3 on actor 1 returning [torch.Size([16, 256, 128256])][32m [repeated 13x across cluster][0m
[36m(PiperActor pid=1541282)[0m 2026-02-18 03:38:01,427 - piper_actor - DEBUG - Calling forward 3 mb 3 on actor 1[32m [repeated 11x across cluster][0m
[36m(PiperActor pid=1541282)[0m 2026-02-18 03:38:01,435 - piper_actor - DEBUG - Saving output activation torch.Size([16, 256, 128256]) for stage 3 mb 3[32m [repeated 12x across cluster][0m
[36m(PiperActor pid=1541268)[0m 2026-02-18 03:38:00,407 - piper_actor - DEBUG - Dispatch fwd p2p send on 0 to 1[32m [repeated 8x across cluster][0m
[36m(PiperActor pid=1541268)[0m 2026-02-18 03:38:00,399 - piper_actor - DEBUG - Dispatch fwd p2p recv on 0 from 1[32m [repeated 8x across cluster][0m
[36m(PiperActor pid=1541282)[0m 2026-02-18 03:38:02,685 - piper_actor - DEBUG - Actor 1 waiting for backward sync events
[36m(PiperActor pid=1541282)[0m 2026-02-18 03:38:02,685 - piper_actor - DEBUG - Actor 1 waiting for p2p ops
[36m(PiperActor pid=1541282)[0m 2026-02-18 03:38:02,684 - piper_actor - DEBUG - Calling backward 1 mb 3 on actor 1[32m [repeated 14x across cluster][0m
[36m(PiperActor pid=1541282)[0m 2026-02-18 03:38:02,684 - piper_actor - DEBUG - Dispatch bwd p2p send on 1 to 0[32m [repeated 11x across cluster][0m
[36m(PiperActor pid=1541282)[0m 2026-02-18 03:38:02,684 - piper_actor - DEBUG - Completed bwd p2p send on 1 to 0[32m [repeated 11x across cluster][0m
[36m(PiperActor pid=1541282)[0m 2026-02-18 03:38:02,436 - piper_actor - DEBUG - Dispatch bwd p2p recv on 1 from 0[32m [repeated 10x across cluster][0m
[36m(PiperActor pid=1541282)[0m 2026-02-18 03:38:02,437 - piper_actor - DEBUG - Completed bwd p2p recv on 1 from 0[32m [repeated 10x across cluster][0m
[33m(raylet)[0m [2026-02-18 03:38:06,445 E 1541124 1541157] (raylet) file_system_monitor.cc:116: /m-coriander/coriander/tmp/ray/ray/session_2026-02-18_03-28-19_547514_1540242 is over 95% full, available space: 42.9805 GB; capacity: 29074.8 GB. Object creation will fail if spilling is required.
[36m(PiperActor pid=1541282)[0m 2026-02-18 03:38:02,684 - piper_actor - DEBUG - Executed P2P(bwd_send, stage 1 -> 0, mb 3) on actor 1[32m [repeated 7x across cluster][0m
[36m(PiperActor pid=1541282)[0m 2026-02-18 03:38:07,637 - piper_actor - DEBUG - Saving input activation torch.Size([16, 256, 3072]) for stage 1 mb 2[32m [repeated 21x across cluster][0m
[36m(PiperActor pid=1541282)[0m 2026-02-18 03:38:07,645 - piper_actor - DEBUG - Forward 1 mb 2 on actor 1 returning [torch.Size([16, 256, 3072])][32m [repeated 29x across cluster][0m
[36m(PiperActor pid=1541282)[0m 2026-02-18 03:38:07,637 - piper_actor - DEBUG - Calling forward 1 mb 2 on actor 1[32m [repeated 29x across cluster][0m
[36m(PiperActor pid=1541282)[0m 2026-02-18 03:38:07,645 - piper_actor - DEBUG - Saving output activation torch.Size([16, 256, 3072]) for stage 1 mb 2[32m [repeated 29x across cluster][0m
[36m(PiperActor pid=1541268)[0m 2026-02-18 03:38:07,265 - piper_actor - DEBUG - Actor 0 waiting for backward sync events[32m [repeated 4x across cluster][0m
[36m(PiperActor pid=1541268)[0m 2026-02-18 03:38:07,265 - piper_actor - DEBUG - Actor 0 waiting for p2p ops[32m [repeated 4x across cluster][0m
[36m(PiperActor pid=1541282)[0m 2026-02-18 03:38:08,071 - piper_actor - DEBUG - Calling backward 3 mb 2 on actor 1[32m [repeated 29x across cluster][0m
[36m(PiperActor pid=1541268)[0m 2026-02-18 03:38:12,739 - piper_actor - DEBUG - Saving input activation torch.Size([16, 256, 3072]) for stage 2 mb 3[32m [repeated 23x across cluster][0m
[36m(PiperActor pid=1541268)[0m 2026-02-18 03:38:12,746 - piper_actor - DEBUG - Forward 2 mb 3 on actor 0 returning [torch.Size([16, 256, 3072])][32m [repeated 31x across cluster][0m
[36m(PiperActor pid=1541268)[0m 2026-02-18 03:38:12,739 - piper_actor - DEBUG - Calling forward 2 mb 3 on actor 0[32m [repeated 31x across cluster][0m
[36m(PiperActor pid=1541268)[0m 2026-02-18 03:38:12,746 - piper_actor - DEBUG - Saving output activation torch.Size([16, 256, 3072]) for stage 2 mb 3[32m [repeated 31x across cluster][0m
[36m(PiperActor pid=1541268)[0m 2026-02-18 03:38:12,865 - piper_actor - DEBUG - Actor 0 waiting for backward sync events[32m [repeated 4x across cluster][0m
[36m(PiperActor pid=1541268)[0m 2026-02-18 03:38:12,865 - piper_actor - DEBUG - Actor 0 waiting for p2p ops[32m [repeated 4x across cluster][0m
[36m(PiperActor pid=1541282)[0m 2026-02-18 03:38:13,651 - piper_actor - DEBUG - Calling backward 3 mb 2 on actor 1[32m [repeated 32x across cluster][0m
[36m(run_dp_rank pid=1541271)[0m Running 10 timed iterations...
[36m(PiperActor pid=1541268)[0m 2026-02-18 03:38:14,630 - piper_actor - INFO - Actor 0: Tracing disabled
[33m(raylet)[0m [2026-02-18 03:38:16,472 E 1541124 1541157] (raylet) file_system_monitor.cc:116: /m-coriander/coriander/tmp/ray/ray/session_2026-02-18_03-28-19_547514_1540242 is over 95% full, available space: 42.9803 GB; capacity: 29074.8 GB. Object creation will fail if spilling is required.
[36m(PiperActor pid=1541268)[0m 2026-02-18 03:38:17,793 - piper_actor - DEBUG - Saving input activation torch.Size([16, 256, 3072]) for stage 2 mb 1[32m [repeated 21x across cluster][0m
[36m(PiperActor pid=1541268)[0m 2026-02-18 03:38:17,800 - piper_actor - DEBUG - Forward 2 mb 1 on actor 0 returning [torch.Size([16, 256, 3072])][32m [repeated 27x across cluster][0m
[36m(PiperActor pid=1541268)[0m 2026-02-18 03:38:17,793 - piper_actor - DEBUG - Calling forward 2 mb 1 on actor 0[32m [repeated 27x across cluster][0m
[36m(PiperActor pid=1541268)[0m 2026-02-18 03:38:17,800 - piper_actor - DEBUG - Saving output activation torch.Size([16, 256, 3072]) for stage 2 mb 1[32m [repeated 27x across cluster][0m
[36m(PiperActor pid=1541268)[0m 2026-02-18 03:38:18,416 - piper_actor - DEBUG - Actor 0 waiting for backward sync events[32m [repeated 4x across cluster][0m
[36m(PiperActor pid=1541268)[0m 2026-02-18 03:38:18,416 - piper_actor - DEBUG - Actor 0 waiting for p2p ops[32m [repeated 4x across cluster][0m
[36m(PiperActor pid=1541282)[0m 2026-02-18 03:38:18,416 - piper_actor - DEBUG - Calling backward 3 mb 1 on actor 1[32m [repeated 29x across cluster][0m
[36m(PiperActor pid=1541282)[0m 2026-02-18 03:38:14,630 - piper_actor - INFO - Actor 1: Tracing disabled
[36m(PiperActor pid=1541282)[0m 2026-02-18 03:38:22,407 - piper_actor - DEBUG - Saving input activation torch.Size([16, 256, 3072]) for stage 3 mb 3[32m [repeated 19x across cluster][0m
[36m(PiperActor pid=1541268)[0m 2026-02-18 03:38:23,012 - piper_actor - DEBUG - Forward 0 mb 0 on actor 0 returning [torch.Size([256, 64]), torch.Size([256, 256]), torch.Size([16, 256, 3072])][32m [repeated 26x across cluster][0m
[36m(PiperActor pid=1541268)[0m 2026-02-18 03:38:23,004 - piper_actor - DEBUG - Calling forward 0 mb 0 on actor 0[32m [repeated 26x across cluster][0m
[36m(PiperActor pid=1541268)[0m 2026-02-18 03:38:23,011 - piper_actor - DEBUG - Saving output activation torch.Size([16, 256, 3072]) for stage 0 mb 0[32m [repeated 26x across cluster][0m
[36m(PiperActor pid=1541282)[0m 2026-02-18 03:38:22,977 - piper_actor - DEBUG - Actor 1 waiting for backward sync events[32m [repeated 3x across cluster][0m
[36m(PiperActor pid=1541282)[0m 2026-02-18 03:38:22,977 - piper_actor - DEBUG - Actor 1 waiting for p2p ops[32m [repeated 3x across cluster][0m
[36m(PiperActor pid=1541268)[0m 2026-02-18 03:38:23,997 - piper_actor - DEBUG - Calling backward 0 mb 3 on actor 0[32m [repeated 31x across cluster][0m
[33m(raylet)[0m [2026-02-18 03:38:26,498 E 1541124 1541157] (raylet) file_system_monitor.cc:116: /m-coriander/coriander/tmp/ray/ray/session_2026-02-18_03-28-19_547514_1540242 is over 95% full, available space: 42.9803 GB; capacity: 29074.8 GB. Object creation will fail if spilling is required.
[36m(PiperActor pid=1541282)[0m 2026-02-18 03:38:27,993 - piper_actor - DEBUG - Saving input activation torch.Size([16, 256, 3072]) for stage 3 mb 3[32m [repeated 24x across cluster][0m
[36m(PiperActor pid=1541282)[0m 2026-02-18 03:38:28,001 - piper_actor - DEBUG - Forward 3 mb 3 on actor 1 returning [torch.Size([16, 256, 128256])][32m [repeated 31x across cluster][0m
[36m(PiperActor pid=1541282)[0m 2026-02-18 03:38:27,993 - piper_actor - DEBUG - Calling forward 3 mb 3 on actor 1[32m [repeated 31x across cluster][0m
[36m(PiperActor pid=1541282)[0m 2026-02-18 03:38:28,001 - piper_actor - DEBUG - Saving output activation torch.Size([16, 256, 128256]) for stage 3 mb 3[32m [repeated 31x across cluster][0m
[36m(PiperActor pid=1541268)[0m 2026-02-18 03:38:26,790 - piper_actor - DEBUG - Actor 0 waiting for backward sync events[32m [repeated 3x across cluster][0m
[36m(PiperActor pid=1541268)[0m 2026-02-18 03:38:26,790 - piper_actor - DEBUG - Actor 0 waiting for p2p ops[32m [repeated 3x across cluster][0m
[36m(PiperActor pid=1541282)[0m 2026-02-18 03:38:28,565 - piper_actor - DEBUG - Calling backward 1 mb 3 on actor 1[32m [repeated 23x across cluster][0m
[36m(PiperActor pid=1541282)[0m 2026-02-18 03:38:33,017 - piper_actor - DEBUG - Saving input activation torch.Size([16, 256, 3072]) for stage 3 mb 2[32m [repeated 23x across cluster][0m
[36m(PiperActor pid=1541282)[0m 2026-02-18 03:38:33,024 - piper_actor - DEBUG - Forward 3 mb 2 on actor 1 returning [torch.Size([16, 256, 128256])][32m [repeated 31x across cluster][0m
[36m(PiperActor pid=1541282)[0m 2026-02-18 03:38:33,017 - piper_actor - DEBUG - Calling forward 3 mb 2 on actor 1[32m [repeated 31x across cluster][0m
[36m(PiperActor pid=1541282)[0m 2026-02-18 03:38:33,024 - piper_actor - DEBUG - Saving output activation torch.Size([16, 256, 128256]) for stage 3 mb 2[32m [repeated 31x across cluster][0m
[36m(PiperActor pid=1541268)[0m 2026-02-18 03:38:32,382 - piper_actor - DEBUG - Actor 0 waiting for backward sync events[32m [repeated 4x across cluster][0m
[36m(PiperActor pid=1541268)[0m 2026-02-18 03:38:32,382 - piper_actor - DEBUG - Actor 0 waiting for p2p ops[32m [repeated 4x across cluster][0m
[36m(PiperActor pid=1541282)[0m 2026-02-18 03:38:33,771 - piper_actor - DEBUG - Calling backward 3 mb 3 on actor 1[32m [repeated 30x across cluster][0m
[33m(raylet)[0m [2026-02-18 03:38:36,526 E 1541124 1541157] (raylet) file_system_monitor.cc:116: /m-coriander/coriander/tmp/ray/ray/session_2026-02-18_03-28-19_547514_1540242 is over 95% full, available space: 42.9803 GB; capacity: 29074.8 GB. Object creation will fail if spilling is required.
[36m(PiperActor pid=1541282)[0m 2026-02-18 03:38:38,354 - piper_actor - DEBUG - Saving input activation torch.Size([16, 256, 3072]) for stage 1 mb 2[32m [repeated 22x across cluster][0m
[36m(PiperActor pid=1541282)[0m 2026-02-18 03:38:37,792 - piper_actor - DEBUG - Forward 3 mb 1 on actor 1 returning [torch.Size([16, 256, 128256])][32m [repeated 29x across cluster][0m
[36m(PiperActor pid=1541282)[0m 2026-02-18 03:38:38,354 - piper_actor - DEBUG - Calling forward 1 mb 2 on actor 1[32m [repeated 30x across cluster][0m
[36m(PiperActor pid=1541282)[0m 2026-02-18 03:38:37,792 - piper_actor - DEBUG - Saving output activation torch.Size([16, 256, 128256]) for stage 3 mb 1[32m [repeated 29x across cluster][0m
[36m(PiperActor pid=1541268)[0m 2026-02-18 03:38:37,967 - piper_actor - DEBUG - Actor 0 waiting for backward sync events[32m [repeated 4x across cluster][0m
[36m(PiperActor pid=1541268)[0m 2026-02-18 03:38:37,967 - piper_actor - DEBUG - Actor 0 waiting for p2p ops[32m [repeated 4x across cluster][0m
[36m(PiperActor pid=1541282)[0m 2026-02-18 03:38:38,787 - piper_actor - DEBUG - Calling backward 3 mb 2 on actor 1[32m [repeated 31x across cluster][0m
[36m(run_dp_rank pid=1541271)[0m rank 0 iter time= 2.79 ± 0.00 s (10 samples)
[36m(run_dp_rank pid=1541271)[0m rank 0 throughput= 5867.17 tokens/sec (10 samples)
[36m(run_dp_rank pid=1541271)[0m Ray timeline saved to: out/3b-pp2-dp1-interleaved-1f1b.json
[36m(PiperActor pid=1541268)[0m [rank0]:[W218 03:38:44.918974255 ProcessGroupNCCL.cpp:1553] Warning: WARNING: destroy_process_group() was not called before program exit, which can leak resources. For more info, please see https://pytorch.org/docs/stable/distributed.html#shutdown (function operator())
[36m(PiperActor pid=1541282)[0m 2026-02-18 03:38:41,963 - piper_actor - DEBUG - Saving input activation torch.Size([16, 256, 3072]) for stage 3 mb 3[32m [repeated 15x across cluster][0m
[36m(PiperActor pid=1541282)[0m 2026-02-18 03:38:41,970 - piper_actor - DEBUG - Forward 3 mb 3 on actor 1 returning [torch.Size([16, 256, 128256])][32m [repeated 20x across cluster][0m
[36m(PiperActor pid=1541282)[0m 2026-02-18 03:38:41,962 - piper_actor - DEBUG - Calling forward 3 mb 3 on actor 1[32m [repeated 19x across cluster][0m
[36m(PiperActor pid=1541282)[0m 2026-02-18 03:38:41,970 - piper_actor - DEBUG - Saving output activation torch.Size([16, 256, 128256]) for stage 3 mb 3[32m [repeated 20x across cluster][0m
[36m(PiperActor pid=1541282)[0m 2026-02-18 03:38:42,531 - piper_actor - DEBUG - Actor 1 waiting for backward sync events[32m [repeated 3x across cluster][0m
[36m(PiperActor pid=1541282)[0m 2026-02-18 03:38:42,531 - piper_actor - DEBUG - Actor 1 waiting for p2p ops[32m [repeated 3x across cluster][0m
[36m(PiperActor pid=1541282)[0m 2026-02-18 03:38:42,531 - piper_actor - DEBUG - Calling backward 1 mb 3 on actor 1[32m [repeated 19x across cluster][0m
[33m(raylet)[0m [2026-02-18 03:38:46,554 E 1541124 1541157] (raylet) file_system_monitor.cc:116: /m-coriander/coriander/tmp/ray/ray/session_2026-02-18_03-28-19_547514_1540242 is over 95% full, available space: 42.9803 GB; capacity: 29074.8 GB. Object creation will fail if spilling is required.
[36m(PiperActor pid=1541282)[0m [rank1]:[W218 03:38:44.016977156 ProcessGroupNCCL.cpp:1553] Warning: WARNING: destroy_process_group() was not called before program exit, which can leak resources. For more info, please see https://pytorch.org/docs/stable/distributed.html#shutdown (function operator())
