2026-02-18 02:11:06,705	INFO worker.py:2007 -- Started a local Ray instance.
/m-coriander/coriander/wxdeng/conda-envs/piper_ref/lib/python3.10/site-packages/ray/_private/worker.py:2046: FutureWarning: Tip: In future versions of Ray, Ray will no longer override accelerator visible devices env var if num_gpus=0 or num_gpus=None (default). To enable this behavior and turn off this error message, set RAY_ACCEL_ENV_VAR_OVERRIDE_ON_ZERO=0
  warnings.warn(
[33m(raylet)[0m [2026-02-18 02:11:16,649 E 1257850 1257880] (raylet) file_system_monitor.cc:116: /m-coriander/coriander/tmp/ray/ray/session_2026-02-18_02-11-01_220691_1257167 is over 95% full, available space: 23.1046 GB; capacity: 29054.8 GB. Object creation will fail if spilling is required.
[36m(run_dp_rank pid=1258021)[0m Namespace(model='3b', schedule='interleaved-1f1b', dp=1, pp=2, batch_size=16, mbs=4, seq_len=256, warmup=1, iters=1, tracing=False, naive_gradient_sync=False)
[36m(run_dp_rank pid=1258021)[0m 2026-02-18 02:11:20,513 - piper_coordinator - DEBUG - Running DP rank 1 of 1
[36m(run_dp_rank pid=1258021)[0m Schedule:
[36m(run_dp_rank pid=1258021)[0m 0:0:f	0:1:f	2:0:f	2:1:f	0:2:f	0:3:f	2:0:b	 -- 	2:1:b	2:2:f	0:0:b	2:3:f	0:1:b	 -- 	2:2:b	2:3:b	0:2:b	0:3:b	0:0:u	
[36m(run_dp_rank pid=1258021)[0m  -- 	1:0:f	1:1:f	3:0:f	3:0:b	3:1:f	3:1:b	1:2:f	1:0:b	1:3:f	1:1:b	3:2:f	3:2:b	3:3:f	3:3:b	1:2:b	1:3:b	1:0:u	 -- 	
[36m(run_dp_rank pid=1258021)[0m 2026-02-18 02:11:23,668 - piper_compile - DEBUG - mbs: 4, stages: 4, devices: 2
[36m(run_dp_rank pid=1258021)[0m 2026-02-18 02:11:23,668 - piper_compile - DEBUG - Fwd/bwd schedule: [[Task(pp_rank=0, stage_id=0, mb_idx=0, is_fwd=True, upd=False), Task(pp_rank=0, stage_id=0, mb_idx=1, is_fwd=True, upd=False), Task(pp_rank=0, stage_id=2, mb_idx=0, is_fwd=True, upd=False), Task(pp_rank=0, stage_id=2, mb_idx=1, is_fwd=True, upd=False), Task(pp_rank=0, stage_id=0, mb_idx=2, is_fwd=True, upd=False), Task(pp_rank=0, stage_id=0, mb_idx=3, is_fwd=True, upd=False), Task(pp_rank=0, stage_id=2, mb_idx=0, is_fwd=False, upd=False), Task(pp_rank=0, stage_id=2, mb_idx=1, is_fwd=False, upd=False), Task(pp_rank=0, stage_id=2, mb_idx=2, is_fwd=True, upd=False), Task(pp_rank=0, stage_id=0, mb_idx=0, is_fwd=False, upd=False), Task(pp_rank=0, stage_id=2, mb_idx=3, is_fwd=True, upd=False), Task(pp_rank=0, stage_id=0, mb_idx=1, is_fwd=False, upd=False), Task(pp_rank=0, stage_id=2, mb_idx=2, is_fwd=False, upd=False), Task(pp_rank=0, stage_id=2, mb_idx=3, is_fwd=False, upd=False), Task(pp_rank=0, stage_id=0, mb_idx=2, is_fwd=False, upd=False), Task(pp_rank=0, stage_id=0, mb_idx=3, is_fwd=False, upd=False)], [Task(pp_rank=1, stage_id=1, mb_idx=0, is_fwd=True, upd=False), Task(pp_rank=1, stage_id=1, mb_idx=1, is_fwd=True, upd=False), Task(pp_rank=1, stage_id=3, mb_idx=0, is_fwd=True, upd=False), Task(pp_rank=1, stage_id=3, mb_idx=0, is_fwd=False, upd=False), Task(pp_rank=1, stage_id=3, mb_idx=1, is_fwd=True, upd=False), Task(pp_rank=1, stage_id=3, mb_idx=1, is_fwd=False, upd=False), Task(pp_rank=1, stage_id=1, mb_idx=2, is_fwd=True, upd=False), Task(pp_rank=1, stage_id=1, mb_idx=0, is_fwd=False, upd=False), Task(pp_rank=1, stage_id=1, mb_idx=3, is_fwd=True, upd=False), Task(pp_rank=1, stage_id=1, mb_idx=1, is_fwd=False, upd=False), Task(pp_rank=1, stage_id=3, mb_idx=2, is_fwd=True, upd=False), Task(pp_rank=1, stage_id=3, mb_idx=2, is_fwd=False, upd=False), Task(pp_rank=1, stage_id=3, mb_idx=3, is_fwd=True, upd=False), Task(pp_rank=1, stage_id=3, mb_idx=3, is_fwd=False, upd=False), Task(pp_rank=1, stage_id=1, mb_idx=2, is_fwd=False, upd=False), Task(pp_rank=1, stage_id=1, mb_idx=3, is_fwd=False, upd=False)]]
[36m(run_dp_rank pid=1258021)[0m 2026-02-18 02:11:23,668 - piper_compile - DEBUG - P2P comms: [(0, 1, 0), (0, 1, 1), (1, 2, 0), (2, 3, 0), (1, 2, 1), (2, 3, 1), (0, 1, 2), (3, 2, 0), (0, 1, 3), (2, 1, 0), (3, 2, 1), (2, 1, 1), (1, 2, 2), (2, 3, 2), (1, 0, 0), (1, 2, 3), (2, 3, 3), (1, 0, 1), (3, 2, 2), (2, 1, 2), (3, 2, 3), (2, 1, 3), (1, 0, 2), (1, 0, 3)]
[36m(run_dp_rank pid=1258021)[0m 2026-02-18 02:11:23,669 - piper_compile - DEBUG - P2P schedules: {0: [(0, 1, 0, True), (0, 1, 1, True), (1, 2, 0, False), (2, 3, 0, True), (1, 2, 1, False), (2, 3, 1, True), (0, 1, 2, True), (3, 2, 0, False), (0, 1, 3, True), (2, 1, 0, True), (3, 2, 1, False), (2, 1, 1, True), (1, 2, 2, False), (2, 3, 2, True), (1, 0, 0, False), (1, 2, 3, False), (2, 3, 3, True), (1, 0, 1, False), (3, 2, 2, False), (2, 1, 2, True), (3, 2, 3, False), (2, 1, 3, True), (1, 0, 2, False), (1, 0, 3, False)], 1: [(0, 1, 0, False), (0, 1, 1, False), (1, 2, 0, True), (2, 3, 0, False), (1, 2, 1, True), (2, 3, 1, False), (0, 1, 2, False), (3, 2, 0, True), (0, 1, 3, False), (2, 1, 0, False), (3, 2, 1, True), (2, 1, 1, False), (1, 2, 2, True), (2, 3, 2, False), (1, 0, 0, True), (1, 2, 3, True), (2, 3, 3, False), (1, 0, 1, True), (3, 2, 2, True), (2, 1, 2, False), (3, 2, 3, True), (2, 1, 3, False), (1, 0, 2, True), (1, 0, 3, True)]}
[36m(run_dp_rank pid=1258021)[0m 2026-02-18 02:11:23,732 - piper_actor - DEBUG - DP rank 0 created actor Actor(PiperActor, c291e1b4a5bbe6bd0f38bf5901000000) global rank 0
[36m(run_dp_rank pid=1258021)[0m 2026-02-18 02:11:23,733 - piper_actor - DEBUG - DP rank 0 created actor Actor(PiperActor, 5327d492af5d43e982d732cd01000000) global rank 1
[33m(raylet)[0m [2026-02-18 02:11:26,674 E 1257850 1257880] (raylet) file_system_monitor.cc:116: /m-coriander/coriander/tmp/ray/ray/session_2026-02-18_02-11-01_220691_1257167 is over 95% full, available space: 43.3032 GB; capacity: 29075 GB. Object creation will fail if spilling is required.
[36m(PiperActor pid=1258024)[0m 2026-02-18 02:11:26,831 - piper_actor - INFO - Initializing Ray actor 1 global rank 1 GPU 7
[36m(PiperActor pid=1258024)[0m 2026-02-18 02:11:29,322 - piper_actor - DEBUG - Actor 1 has GPU 7, joined the global process group
[36m(PiperActor pid=1258024)[0m 2026-02-18 02:11:29,323 - piper_actor - INFO - Global rank 1 joined its pp group 0 along with ranks [0, 1]
[33m(raylet)[0m [2026-02-18 02:11:36,698 E 1257850 1257880] (raylet) file_system_monitor.cc:116: /m-coriander/coriander/tmp/ray/ray/session_2026-02-18_02-11-01_220691_1257167 is over 95% full, available space: 43.303 GB; capacity: 29075 GB. Object creation will fail if spilling is required.
[36m(PiperActor pid=1258029)[0m 2026-02-18 02:11:26,757 - piper_actor - INFO - Initializing Ray actor 0 global rank 0 GPU 6
[36m(PiperActor pid=1258029)[0m 2026-02-18 02:11:29,328 - piper_actor - DEBUG - Actor 0 has GPU 6, joined the global process group
[36m(PiperActor pid=1258029)[0m 2026-02-18 02:11:29,328 - piper_actor - INFO - Global rank 0 joined its pp group 0 along with ranks [0, 1]
[33m(raylet)[0m [2026-02-18 02:11:46,723 E 1257850 1257880] (raylet) file_system_monitor.cc:116: /m-coriander/coriander/tmp/ray/ray/session_2026-02-18_02-11-01_220691_1257167 is over 95% full, available space: 43.3031 GB; capacity: 29075 GB. Object creation will fail if spilling is required.
[36m(run_dp_rank pid=1258021)[0m 2026-02-18 02:11:48,705 - piper_compile - INFO - DP rank 1 compiling...
[33m(raylet)[0m [2026-02-18 02:11:56,748 E 1257850 1257880] (raylet) file_system_monitor.cc:116: /m-coriander/coriander/tmp/ray/ray/session_2026-02-18_02-11-01_220691_1257167 is over 95% full, available space: 43.3031 GB; capacity: 29075 GB. Object creation will fail if spilling is required.
[36m(PiperActor pid=1258029)[0m 2026-02-18 02:12:05,105 - piper_actor - INFO - Loading stage 0 graph on actor 0
[33m(raylet)[0m [2026-02-18 02:12:06,772 E 1257850 1257880] (raylet) file_system_monitor.cc:116: /m-coriander/coriander/tmp/ray/ray/session_2026-02-18_02-11-01_220691_1257167 is over 95% full, available space: 43.3031 GB; capacity: 29075 GB. Object creation will fail if spilling is required.
[36m(PiperActor pid=1258029)[0m 2026-02-18 02:12:07,862 - piper_actor - INFO - Loaded stage 0 graph on actor 0
[36m(PiperActor pid=1258029)[0m 2026-02-18 02:12:10,522 - piper_actor - INFO - Loading stage 2 graph on actor 0[32m [repeated 2x across cluster] (Ray deduplicates logs by default. Set RAY_DEDUP_LOGS=0 to disable log deduplication, or see https://docs.ray.io/en/master/ray-observability/user-guides/configure-logging.html#log-deduplication for more options.)[0m
[36m(PiperActor pid=1258029)[0m 2026-02-18 02:12:10,901 - piper_actor - INFO - Loaded stage 2 graph on actor 0
[33m(raylet)[0m [2026-02-18 02:12:16,797 E 1257850 1257880] (raylet) file_system_monitor.cc:116: /m-coriander/coriander/tmp/ray/ray/session_2026-02-18_02-11-01_220691_1257167 is over 95% full, available space: 43.303 GB; capacity: 29075 GB. Object creation will fail if spilling is required.
[36m(PiperActor pid=1258024)[0m 2026-02-18 02:12:11,705 - piper_actor - INFO - Loaded stage 1 graph on actor 1
[36m(PiperActor pid=1258024)[0m 2026-02-18 02:12:19,049 - piper_actor - INFO - Loading stage 3 graph on actor 1
[36m(PiperActor pid=1258024)[0m 2026-02-18 02:12:19,541 - piper_actor - INFO - Loaded stage 3 graph on actor 1
[36m(run_dp_rank pid=1258021)[0m 2026-02-18 02:12:19,571 - piper_backend - DEBUG - Finished loading stages on actors
[36m(run_dp_rank pid=1258021)[0m 2026-02-18 02:12:19,868 - piper_backend - WARNING - Should not directly call compiled module, running non-distributed execution
[33m(raylet)[0m [2026-02-18 02:12:26,822 E 1257850 1257880] (raylet) file_system_monitor.cc:116: /m-coriander/coriander/tmp/ray/ray/session_2026-02-18_02-11-01_220691_1257167 is over 95% full, available space: 43.3029 GB; capacity: 29075 GB. Object creation will fail if spilling is required.
[33m(raylet)[0m [2026-02-18 02:12:36,846 E 1257850 1257880] (raylet) file_system_monitor.cc:116: /m-coriander/coriander/tmp/ray/ray/session_2026-02-18_02-11-01_220691_1257167 is over 95% full, available space: 43.3029 GB; capacity: 29075 GB. Object creation will fail if spilling is required.
[33m(raylet)[0m [2026-02-18 02:12:46,870 E 1257850 1257880] (raylet) file_system_monitor.cc:116: /m-coriander/coriander/tmp/ray/ray/session_2026-02-18_02-11-01_220691_1257167 is over 95% full, available space: 43.3027 GB; capacity: 29075 GB. Object creation will fail if spilling is required.
[33m(raylet)[0m [2026-02-18 02:12:56,895 E 1257850 1257880] (raylet) file_system_monitor.cc:116: /m-coriander/coriander/tmp/ray/ray/session_2026-02-18_02-11-01_220691_1257167 is over 95% full, available space: 43.3032 GB; capacity: 29075 GB. Object creation will fail if spilling is required.
[33m(raylet)[0m [2026-02-18 02:13:06,920 E 1257850 1257880] (raylet) file_system_monitor.cc:116: /m-coriander/coriander/tmp/ray/ray/session_2026-02-18_02-11-01_220691_1257167 is over 95% full, available space: 43.3032 GB; capacity: 29075 GB. Object creation will fail if spilling is required.
[33m(raylet)[0m [2026-02-18 02:13:16,944 E 1257850 1257880] (raylet) file_system_monitor.cc:116: /m-coriander/coriander/tmp/ray/ray/session_2026-02-18_02-11-01_220691_1257167 is over 95% full, available space: 43.3031 GB; capacity: 29075 GB. Object creation will fail if spilling is required.
[33m(raylet)[0m [2026-02-18 02:13:26,968 E 1257850 1257880] (raylet) file_system_monitor.cc:116: /m-coriander/coriander/tmp/ray/ray/session_2026-02-18_02-11-01_220691_1257167 is over 95% full, available space: 43.3031 GB; capacity: 29075 GB. Object creation will fail if spilling is required.
[33m(raylet)[0m [2026-02-18 02:13:36,995 E 1257850 1257880] (raylet) file_system_monitor.cc:116: /m-coriander/coriander/tmp/ray/ray/session_2026-02-18_02-11-01_220691_1257167 is over 95% full, available space: 43.3032 GB; capacity: 29075 GB. Object creation will fail if spilling is required.
[33m(raylet)[0m [2026-02-18 02:13:47,020 E 1257850 1257880] (raylet) file_system_monitor.cc:116: /m-coriander/coriander/tmp/ray/ray/session_2026-02-18_02-11-01_220691_1257167 is over 95% full, available space: 43.3032 GB; capacity: 29075 GB. Object creation will fail if spilling is required.
[33m(raylet)[0m [2026-02-18 02:13:57,044 E 1257850 1257880] (raylet) file_system_monitor.cc:116: /m-coriander/coriander/tmp/ray/ray/session_2026-02-18_02-11-01_220691_1257167 is over 95% full, available space: 43.3032 GB; capacity: 29075 GB. Object creation will fail if spilling is required.
[33m(raylet)[0m [2026-02-18 02:14:07,069 E 1257850 1257880] (raylet) file_system_monitor.cc:116: /m-coriander/coriander/tmp/ray/ray/session_2026-02-18_02-11-01_220691_1257167 is over 95% full, available space: 43.3033 GB; capacity: 29075 GB. Object creation will fail if spilling is required.
[33m(raylet)[0m [2026-02-18 02:14:17,093 E 1257850 1257880] (raylet) file_system_monitor.cc:116: /m-coriander/coriander/tmp/ray/ray/session_2026-02-18_02-11-01_220691_1257167 is over 95% full, available space: 43.3032 GB; capacity: 29075 GB. Object creation will fail if spilling is required.
[33m(raylet)[0m [2026-02-18 02:14:27,118 E 1257850 1257880] (raylet) file_system_monitor.cc:116: /m-coriander/coriander/tmp/ray/ray/session_2026-02-18_02-11-01_220691_1257167 is over 95% full, available space: 43.3032 GB; capacity: 29075 GB. Object creation will fail if spilling is required.
[33m(raylet)[0m [2026-02-18 02:14:37,142 E 1257850 1257880] (raylet) file_system_monitor.cc:116: /m-coriander/coriander/tmp/ray/ray/session_2026-02-18_02-11-01_220691_1257167 is over 95% full, available space: 43.3032 GB; capacity: 29075 GB. Object creation will fail if spilling is required.
[33m(raylet)[0m [2026-02-18 02:14:47,166 E 1257850 1257880] (raylet) file_system_monitor.cc:116: /m-coriander/coriander/tmp/ray/ray/session_2026-02-18_02-11-01_220691_1257167 is over 95% full, available space: 43.3032 GB; capacity: 29075 GB. Object creation will fail if spilling is required.
[33m(raylet)[0m [2026-02-18 02:14:57,190 E 1257850 1257880] (raylet) file_system_monitor.cc:116: /m-coriander/coriander/tmp/ray/ray/session_2026-02-18_02-11-01_220691_1257167 is over 95% full, available space: 43.3032 GB; capacity: 29075 GB. Object creation will fail if spilling is required.
[33m(raylet)[0m [2026-02-18 02:15:07,214 E 1257850 1257880] (raylet) file_system_monitor.cc:116: /m-coriander/coriander/tmp/ray/ray/session_2026-02-18_02-11-01_220691_1257167 is over 95% full, available space: 43.3032 GB; capacity: 29075 GB. Object creation will fail if spilling is required.
[33m(raylet)[0m [2026-02-18 02:15:17,238 E 1257850 1257880] (raylet) file_system_monitor.cc:116: /m-coriander/coriander/tmp/ray/ray/session_2026-02-18_02-11-01_220691_1257167 is over 95% full, available space: 43.3032 GB; capacity: 29075 GB. Object creation will fail if spilling is required.
[33m(raylet)[0m [2026-02-18 02:15:27,262 E 1257850 1257880] (raylet) file_system_monitor.cc:116: /m-coriander/coriander/tmp/ray/ray/session_2026-02-18_02-11-01_220691_1257167 is over 95% full, available space: 43.3031 GB; capacity: 29075 GB. Object creation will fail if spilling is required.
[33m(raylet)[0m [2026-02-18 02:15:37,286 E 1257850 1257880] (raylet) file_system_monitor.cc:116: /m-coriander/coriander/tmp/ray/ray/session_2026-02-18_02-11-01_220691_1257167 is over 95% full, available space: 43.3031 GB; capacity: 29075 GB. Object creation will fail if spilling is required.
[33m(raylet)[0m [2026-02-18 02:15:47,311 E 1257850 1257880] (raylet) file_system_monitor.cc:116: /m-coriander/coriander/tmp/ray/ray/session_2026-02-18_02-11-01_220691_1257167 is over 95% full, available space: 43.3031 GB; capacity: 29075 GB. Object creation will fail if spilling is required.
[33m(raylet)[0m [2026-02-18 02:15:57,335 E 1257850 1257880] (raylet) file_system_monitor.cc:116: /m-coriander/coriander/tmp/ray/ray/session_2026-02-18_02-11-01_220691_1257167 is over 95% full, available space: 43.3031 GB; capacity: 29075 GB. Object creation will fail if spilling is required.
[33m(raylet)[0m [2026-02-18 02:16:07,360 E 1257850 1257880] (raylet) file_system_monitor.cc:116: /m-coriander/coriander/tmp/ray/ray/session_2026-02-18_02-11-01_220691_1257167 is over 95% full, available space: 43.3032 GB; capacity: 29075 GB. Object creation will fail if spilling is required.
[33m(raylet)[0m [2026-02-18 02:16:17,384 E 1257850 1257880] (raylet) file_system_monitor.cc:116: /m-coriander/coriander/tmp/ray/ray/session_2026-02-18_02-11-01_220691_1257167 is over 95% full, available space: 43.3032 GB; capacity: 29075 GB. Object creation will fail if spilling is required.
[33m(raylet)[0m [2026-02-18 02:16:27,408 E 1257850 1257880] (raylet) file_system_monitor.cc:116: /m-coriander/coriander/tmp/ray/ray/session_2026-02-18_02-11-01_220691_1257167 is over 95% full, available space: 43.3035 GB; capacity: 29075 GB. Object creation will fail if spilling is required.
[33m(raylet)[0m [2026-02-18 02:16:37,433 E 1257850 1257880] (raylet) file_system_monitor.cc:116: /m-coriander/coriander/tmp/ray/ray/session_2026-02-18_02-11-01_220691_1257167 is over 95% full, available space: 43.3035 GB; capacity: 29075 GB. Object creation will fail if spilling is required.
[33m(raylet)[0m [2026-02-18 02:16:47,458 E 1257850 1257880] (raylet) file_system_monitor.cc:116: /m-coriander/coriander/tmp/ray/ray/session_2026-02-18_02-11-01_220691_1257167 is over 95% full, available space: 43.3035 GB; capacity: 29075 GB. Object creation will fail if spilling is required.
[33m(raylet)[0m [2026-02-18 02:16:57,482 E 1257850 1257880] (raylet) file_system_monitor.cc:116: /m-coriander/coriander/tmp/ray/ray/session_2026-02-18_02-11-01_220691_1257167 is over 95% full, available space: 43.3043 GB; capacity: 29075 GB. Object creation will fail if spilling is required.
[33m(raylet)[0m [2026-02-18 02:17:07,506 E 1257850 1257880] (raylet) file_system_monitor.cc:116: /m-coriander/coriander/tmp/ray/ray/session_2026-02-18_02-11-01_220691_1257167 is over 95% full, available space: 43.3043 GB; capacity: 29075 GB. Object creation will fail if spilling is required.
[33m(raylet)[0m [2026-02-18 02:17:17,531 E 1257850 1257880] (raylet) file_system_monitor.cc:116: /m-coriander/coriander/tmp/ray/ray/session_2026-02-18_02-11-01_220691_1257167 is over 95% full, available space: 43.3041 GB; capacity: 29075 GB. Object creation will fail if spilling is required.
[33m(raylet)[0m [2026-02-18 02:17:27,556 E 1257850 1257880] (raylet) file_system_monitor.cc:116: /m-coriander/coriander/tmp/ray/ray/session_2026-02-18_02-11-01_220691_1257167 is over 95% full, available space: 43.3041 GB; capacity: 29075 GB. Object creation will fail if spilling is required.
Traceback (most recent call last):
  File "/m-coriander/coriander/wxdeng/conda-envs/piper_ref/lib/python3.10/runpy.py", line 196, in _run_module_as_main
    return _run_code(code, main_globals, None,
  File "/m-coriander/coriander/wxdeng/conda-envs/piper_ref/lib/python3.10/runpy.py", line 86, in _run_code
    exec(code, run_globals)
  File "/m-coriander/coriander/wxdeng/mlsys/piper_ref/test/test_llama.py", line 161, in <module>
    ray.get(piper_coordinator.run_program.remote(main, args))
  File "/m-coriander/coriander/wxdeng/conda-envs/piper_ref/lib/python3.10/site-packages/ray/_private/auto_init_hook.py", line 22, in auto_init_wrapper
    return fn(*args, **kwargs)
  File "/m-coriander/coriander/wxdeng/conda-envs/piper_ref/lib/python3.10/site-packages/ray/_private/client_mode_hook.py", line 104, in wrapper
    return func(*args, **kwargs)
  File "/m-coriander/coriander/wxdeng/conda-envs/piper_ref/lib/python3.10/site-packages/ray/_private/worker.py", line 2967, in get
    values, debugger_breakpoint = worker.get_objects(
  File "/m-coriander/coriander/wxdeng/conda-envs/piper_ref/lib/python3.10/site-packages/ray/_private/worker.py", line 976, in get_objects
    ] = self.core_worker.get_objects(
  File "python/ray/_raylet.pyx", line 2875, in ray._raylet.CoreWorker.get_objects
  File "python/ray/includes/common.pxi", line 99, in ray._raylet.check_status
KeyboardInterrupt
