2026-01-27 23:55:10,811	INFO worker.py:2007 -- Started a local Ray instance.
/m-coriander/coriander/wxdeng/conda-envs/piper_ref/lib/python3.10/site-packages/ray/_private/worker.py:2046: FutureWarning: Tip: In future versions of Ray, Ray will no longer override accelerator visible devices env var if num_gpus=0 or num_gpus=None (default). To enable this behavior and turn off this error message, set RAY_ACCEL_ENV_VAR_OVERRIDE_ON_ZERO=0
  warnings.warn(
session_dir = /home/wxdeng/ray_tmp/ray/session_2026-01-27_23-55-05_674719_3838666
logs_dir    = /home/wxdeng/ray_tmp/ray/session_2026-01-27_23-55-05_674719_3838666/logs
[36m(PiperProgramCoordinator pid=3839965)[0m 2026-01-27 23:55:19,991 - piper_coordinator - INFO - Running program with 1 DP ranks and 2 PP ranks
[36m(run_dp_rank pid=3839927)[0m Namespace(model='LLAMA_3B', schedule='interleaved-1f1b', num_stages=4, dp_degree=1, pp_degree=2, batch_size=16, num_mbs=4, seq_len=256, warmup=1, iters=1, tracing=False, verify_weights=False)
[36m(pid=gcs_server)[0m [2026-01-27 23:55:38,963 E 3838952 3838952] (gcs_server) gcs_server.cc:303: Failed to establish connection to the event+metrics exporter agent. Events and metrics will not be exported. Exporter agent status: RpcError: Running out of retries to initialize the metrics agent. rpc_code: 14
[33m(raylet)[0m [2026-01-27 23:55:43,837 E 3839755 3839755] (raylet) main.cc:1032: Failed to establish connection to the metrics exporter agent. Metrics will not be exported. Exporter agent status: RpcError: Running out of retries to initialize the metrics agent. rpc_code: 14
[36m(PiperProgramCoordinator pid=3839965)[0m [2026-01-27 23:55:44,865 E 3839965 3850426] core_worker_process.cc:842: Failed to establish connection to the metrics exporter agent. Metrics will not be exported. Exporter agent status: RpcError: Running out of retries to initialize the metrics agent. rpc_code: 14
[2026-01-27 23:55:45,556 E 3838666 3839911] core_worker_process.cc:842: Failed to establish connection to the metrics exporter agent. Metrics will not be exported. Exporter agent status: RpcError: Running out of retries to initialize the metrics agent. rpc_code: 14
[36m(run_dp_rank pid=3839927)[0m 2026-01-27 23:56:00,181 - piper_compile - INFO - DP rank 0 compiling 4 stages...
[36m(pid=3850400)[0m [2026-01-27 23:55:45,490 E 3850400 3858803] core_worker_process.cc:842: Failed to establish connection to the metrics exporter agent. Metrics will not be exported. Exporter agent status: RpcError: Running out of retries to initialize the metrics agent. rpc_code: 14[32m [repeated 255x across cluster] (Ray deduplicates logs by default. Set RAY_DEDUP_LOGS=0 to disable log deduplication, or see https://docs.ray.io/en/master/ray-observability/user-guides/configure-logging.html#log-deduplication for more options.)[0m
[33m(raylet)[0m WARNING: Device-side CUDA Event completion trace is currently enabled.
[33m(raylet)[0m          This may increase runtime overhead and the likelihood of false
[33m(raylet)[0m          dependencies across CUDA Streams. If you wish to avoid this, please
[33m(raylet)[0m          disable the feature with --cuda-event-trace=false.
[36m(PiperActor pid=3877659)[0m 2026-01-27 23:56:32,010 - piper_actor - INFO - Initializing Ray actor 0 global rank 0 with PID: 3877659
[33m(raylet)[0m WARNING: Device-side CUDA Event completion trace is currently enabled.
[33m(raylet)[0m          This may increase runtime overhead and the likelihood of false
[33m(raylet)[0m          dependencies across CUDA Streams. If you wish to avoid this, please
[33m(raylet)[0m          disable the feature with --cuda-event-trace=false.
[36m(PiperActor pid=3881479)[0m 2026-01-27 23:56:54,092 - piper_actor - INFO - Initializing Ray actor 1 global rank 1 with PID: 3881479
[36m(PiperActor pid=3877659)[0m [2026-01-27 23:56:58,074 E 3877659 3878974] core_worker_process.cc:842: Failed to establish connection to the metrics exporter agent. Metrics will not be exported. Exporter agent status: RpcError: Running out of retries to initialize the metrics agent. rpc_code: 14
[36m(PiperActor pid=3881479)[0m [2026-01-27 23:57:20,221 E 3881479 3882701] core_worker_process.cc:842: Failed to establish connection to the metrics exporter agent. Metrics will not be exported. Exporter agent status: RpcError: Running out of retries to initialize the metrics agent. rpc_code: 14
[36m(run_dp_rank pid=3839927)[0m 2026-01-27 23:57:28,309 - piper_compile - INFO - DP rank 0 joining process groups
[36m(run_dp_rank pid=3839927)[0m 2026-01-27 23:57:28,599 - piper_compile - INFO - DP rank 0 completed setup for 2 actors
[36m(run_dp_rank pid=3839927)[0m SCHEDULE:
[36m(run_dp_rank pid=3839927)[0m 0:0:f	0:1:f	2:0:f	2:1:f	0:2:f	0:3:f	2:0:b	 -- 	2:1:b	2:2:f	0:0:b	2:3:f	0:1:b	 -- 	2:2:b	2:3:b	0:2:b	0:3:b	0:0:u	
[36m(run_dp_rank pid=3839927)[0m  -- 	1:0:f	1:1:f	3:0:f	3:0:b	3:1:f	3:1:b	1:2:f	1:0:b	1:3:f	1:1:b	3:2:f	3:2:b	3:3:f	3:3:b	1:2:b	1:3:b	1:0:u	 -- 	
[36m(run_dp_rank pid=3839927)[0m Running 1 warmup iterations...
[36m(run_dp_rank pid=3839927)[0m 2026-01-27 23:57:28,994 - piper_compile - INFO - DP rank 0 Started NCCL group with 2 actors
[36m(PiperActor pid=3877659)[0m 2026-01-27 23:57:29,043 - piper_actor - INFO - Actor 0: Tracing disabled
[33m(raylet)[0m WARNING: Device-side CUDA Event completion trace is currently enabled.
[33m(raylet)[0m          This may increase runtime overhead and the likelihood of false
[33m(raylet)[0m          dependencies across CUDA Streams. If you wish to avoid this, please
[33m(raylet)[0m          disable the feature with --cuda-event-trace=false.
[36m(run_dp_rank pid=3839927)[0m Running 1 timed iterations...
[36m(run_dp_rank pid=3839927)[0m Iteration time: 5876 ms
[36m(run_dp_rank pid=3839927)[0m interleaved-1f1b throughput: 2788 tokens/sec
[36m(PiperActor pid=3881479)[0m 2026-01-27 23:57:29,042 - piper_actor - INFO - Actor 1: Tracing disabled
