2026-01-28 09:42:46,767	INFO worker.py:2007 -- Started a local Ray instance.
/m-coriander/coriander/wxdeng/conda-envs/piper_ref/lib/python3.10/site-packages/ray/_private/worker.py:2046: FutureWarning: Tip: In future versions of Ray, Ray will no longer override accelerator visible devices env var if num_gpus=0 or num_gpus=None (default). To enable this behavior and turn off this error message, set RAY_ACCEL_ENV_VAR_OVERRIDE_ON_ZERO=0
  warnings.warn(
session_dir = /home/wxdeng/ray_tmp/ray/session_2026-01-28_09-42-40_953006_1038571
logs_dir    = /home/wxdeng/ray_tmp/ray/session_2026-01-28_09-42-40_953006_1038571/logs
[36m(PiperProgramCoordinator pid=1039297)[0m 2026-01-28 09:42:55,309 - piper_coordinator - INFO - Running program with 1 DP ranks and 2 PP ranks
[36m(run_dp_rank pid=1039263)[0m Namespace(model='LLAMA_3B', schedule='interleaved-1f1b', num_stages=4, dp_degree=1, pp_degree=2, batch_size=16, num_mbs=4, seq_len=256, warmup=1, iters=1, tracing=False, verify_weights=False)
[36m(pid=gcs_server)[0m [2026-01-28 09:43:15,162 E 1038679 1038679] (gcs_server) gcs_server.cc:303: Failed to establish connection to the event+metrics exporter agent. Events and metrics will not be exported. Exporter agent status: RpcError: Running out of retries to initialize the metrics agent. rpc_code: 14
[33m(raylet)[0m [2026-01-28 09:43:19,414 E 1039107 1039107] (raylet) main.cc:1032: Failed to establish connection to the metrics exporter agent. Metrics will not be exported. Exporter agent status: RpcError: Running out of retries to initialize the metrics agent. rpc_code: 14
[36m(PiperProgramCoordinator pid=1039297)[0m [2026-01-28 09:43:20,432 E 1039297 1046299] core_worker_process.cc:842: Failed to establish connection to the metrics exporter agent. Metrics will not be exported. Exporter agent status: RpcError: Running out of retries to initialize the metrics agent. rpc_code: 14
[2026-01-28 09:43:20,977 E 1038571 1039250] core_worker_process.cc:842: Failed to establish connection to the metrics exporter agent. Metrics will not be exported. Exporter agent status: RpcError: Running out of retries to initialize the metrics agent. rpc_code: 14
[36m(run_dp_rank pid=1039263)[0m 2026-01-28 09:43:26,288 - piper_compile - INFO - DP rank 0 compiling 4 stages...
[36m(pid=1046291)[0m [2026-01-28 09:43:20,962 E 1046291 1053188] core_worker_process.cc:842: Failed to establish connection to the metrics exporter agent. Metrics will not be exported. Exporter agent status: RpcError: Running out of retries to initialize the metrics agent. rpc_code: 14[32m [repeated 255x across cluster] (Ray deduplicates logs by default. Set RAY_DEDUP_LOGS=0 to disable log deduplication, or see https://docs.ray.io/en/master/ray-observability/user-guides/configure-logging.html#log-deduplication for more options.)[0m
[33m(raylet)[0m WARNING: Device-side CUDA Event completion trace is currently enabled.
[33m(raylet)[0m          This may increase runtime overhead and the likelihood of false
[33m(raylet)[0m          dependencies across CUDA Streams. If you wish to avoid this, please
[33m(raylet)[0m          disable the feature with --cuda-event-trace=false.
[36m(PiperActor pid=1054301)[0m 2026-01-28 09:43:48,018 - piper_actor - INFO - Initializing Ray actor 0 global rank 0 with PID: 1054301
[33m(raylet)[0m WARNING: Device-side CUDA Event completion trace is currently enabled.
[33m(raylet)[0m          This may increase runtime overhead and the likelihood of false
[33m(raylet)[0m          dependencies across CUDA Streams. If you wish to avoid this, please
[33m(raylet)[0m          disable the feature with --cuda-event-trace=false.
[36m(PiperActor pid=1054499)[0m 2026-01-28 09:44:01,310 - piper_actor - INFO - Initializing Ray actor 1 global rank 1 with PID: 1054499
[36m(PiperActor pid=1054301)[0m [2026-01-28 09:44:14,063 E 1054301 1054372] core_worker_process.cc:842: Failed to establish connection to the metrics exporter agent. Metrics will not be exported. Exporter agent status: RpcError: Running out of retries to initialize the metrics agent. rpc_code: 14
[36m(PiperActor pid=1054499)[0m [2026-01-28 09:44:27,371 E 1054499 1054584] core_worker_process.cc:842: Failed to establish connection to the metrics exporter agent. Metrics will not be exported. Exporter agent status: RpcError: Running out of retries to initialize the metrics agent. rpc_code: 14
[36m(run_dp_rank pid=1039263)[0m 2026-01-28 09:44:37,384 - piper_compile - INFO - DP rank 0 joining process groups
[36m(run_dp_rank pid=1039263)[0m 2026-01-28 09:44:37,765 - piper_compile - INFO - DP rank 0 completed setup for 2 actors
[36m(run_dp_rank pid=1039263)[0m SCHEDULE:
[36m(run_dp_rank pid=1039263)[0m 0:0:f	0:1:f	2:0:f	2:1:f	0:2:f	0:3:f	2:0:b	 -- 	2:1:b	2:2:f	0:0:b	2:3:f	0:1:b	 -- 	2:2:b	2:3:b	0:2:b	0:3:b	0:0:u	
[36m(run_dp_rank pid=1039263)[0m  -- 	1:0:f	1:1:f	3:0:f	3:0:b	3:1:f	3:1:b	1:2:f	1:0:b	1:3:f	1:1:b	3:2:f	3:2:b	3:3:f	3:3:b	1:2:b	1:3:b	1:0:u	 -- 	
[36m(run_dp_rank pid=1039263)[0m Running 1 warmup iterations...
[36m(run_dp_rank pid=1039263)[0m 2026-01-28 09:44:38,187 - piper_compile - INFO - DP rank 0 Started NCCL group with 2 actors
[36m(PiperActor pid=1054301)[0m 2026-01-28 09:44:38,236 - piper_actor - INFO - Actor 0: Tracing disabled
[33m(raylet)[0m WARNING: Device-side CUDA Event completion trace is currently enabled.
[33m(raylet)[0m          This may increase runtime overhead and the likelihood of false
[33m(raylet)[0m          dependencies across CUDA Streams. If you wish to avoid this, please
[33m(raylet)[0m          disable the feature with --cuda-event-trace=false.
[36m(run_dp_rank pid=1039263)[0m Running 1 timed iterations...
[36m(run_dp_rank pid=1039263)[0m Iteration time: 5887 ms
[36m(run_dp_rank pid=1039263)[0m interleaved-1f1b throughput: 2783 tokens/sec
[36m(PiperActor pid=1054499)[0m 2026-01-28 09:44:38,236 - piper_actor - INFO - Actor 1: Tracing disabled
