2026-02-20 01:25:55,222	INFO worker.py:2007 -- Started a local Ray instance.
/m-coriander/coriander/wxdeng/conda-envs/piper_ref/lib/python3.10/site-packages/ray/_private/worker.py:2046: FutureWarning: Tip: In future versions of Ray, Ray will no longer override accelerator visible devices env var if num_gpus=0 or num_gpus=None (default). To enable this behavior and turn off this error message, set RAY_ACCEL_ENV_VAR_OVERRIDE_ON_ZERO=0
  warnings.warn(
[36m(run_dp_rank pid=841337)[0m Namespace(model='debug', schedule='interleaved-1f1b', dp=1, pp=2, batch_size=16, mbs=4, seq_len=256, warmup=1, iters=1, tracing=False, naive_gradient_sync=False)
[36m(run_dp_rank pid=841337)[0m Schedule:
[36m(run_dp_rank pid=841337)[0m 0:0:f	0:1:f	2:0:f	2:1:f	0:2:f	0:3:f	2:0:b	 -- 	2:1:b	2:2:f	0:0:b	2:3:f	0:1:b	 -- 	2:2:b	2:3:b	0:2:b	0:3:b	0:0:u	
[36m(run_dp_rank pid=841337)[0m  -- 	1:0:f	1:1:f	3:0:f	3:0:b	3:1:f	3:1:b	1:2:f	1:0:b	1:3:f	1:1:b	3:2:f	3:2:b	3:3:f	3:3:b	1:2:b	1:3:b	1:0:u	 -- 	
[36m(run_dp_rank pid=841337)[0m 2026-02-20 01:26:09,526 - piper_coordinator - DEBUG - Running DP rank 1 of 1
[36m(run_dp_rank pid=841337)[0m 2026-02-20 01:26:09,549 - piper_compile - DEBUG - mbs: 4, stages: 4, devices: 2
[36m(run_dp_rank pid=841337)[0m 2026-02-20 01:26:09,549 - piper_compile - DEBUG - Fwd/bwd schedule: [[Task(pp_rank=0, stage_id=0, mb_idx=0, is_fwd=True, upd=False), Task(pp_rank=0, stage_id=0, mb_idx=1, is_fwd=True, upd=False), Task(pp_rank=0, stage_id=2, mb_idx=0, is_fwd=True, upd=False), Task(pp_rank=0, stage_id=2, mb_idx=1, is_fwd=True, upd=False), Task(pp_rank=0, stage_id=0, mb_idx=2, is_fwd=True, upd=False), Task(pp_rank=0, stage_id=0, mb_idx=3, is_fwd=True, upd=False), Task(pp_rank=0, stage_id=2, mb_idx=0, is_fwd=False, upd=False), Task(pp_rank=0, stage_id=2, mb_idx=1, is_fwd=False, upd=False), Task(pp_rank=0, stage_id=2, mb_idx=2, is_fwd=True, upd=False), Task(pp_rank=0, stage_id=0, mb_idx=0, is_fwd=False, upd=False), Task(pp_rank=0, stage_id=2, mb_idx=3, is_fwd=True, upd=False), Task(pp_rank=0, stage_id=0, mb_idx=1, is_fwd=False, upd=False), Task(pp_rank=0, stage_id=2, mb_idx=2, is_fwd=False, upd=False), Task(pp_rank=0, stage_id=2, mb_idx=3, is_fwd=False, upd=False), Task(pp_rank=0, stage_id=0, mb_idx=2, is_fwd=False, upd=False), Task(pp_rank=0, stage_id=0, mb_idx=3, is_fwd=False, upd=False)], [Task(pp_rank=1, stage_id=1, mb_idx=0, is_fwd=True, upd=False), Task(pp_rank=1, stage_id=1, mb_idx=1, is_fwd=True, upd=False), Task(pp_rank=1, stage_id=3, mb_idx=0, is_fwd=True, upd=False), Task(pp_rank=1, stage_id=3, mb_idx=0, is_fwd=False, upd=False), Task(pp_rank=1, stage_id=3, mb_idx=1, is_fwd=True, upd=False), Task(pp_rank=1, stage_id=3, mb_idx=1, is_fwd=False, upd=False), Task(pp_rank=1, stage_id=1, mb_idx=2, is_fwd=True, upd=False), Task(pp_rank=1, stage_id=1, mb_idx=0, is_fwd=False, upd=False), Task(pp_rank=1, stage_id=1, mb_idx=3, is_fwd=True, upd=False), Task(pp_rank=1, stage_id=1, mb_idx=1, is_fwd=False, upd=False), Task(pp_rank=1, stage_id=3, mb_idx=2, is_fwd=True, upd=False), Task(pp_rank=1, stage_id=3, mb_idx=2, is_fwd=False, upd=False), Task(pp_rank=1, stage_id=3, mb_idx=3, is_fwd=True, upd=False), Task(pp_rank=1, stage_id=3, mb_idx=3, is_fwd=False, upd=False), Task(pp_rank=1, stage_id=1, mb_idx=2, is_fwd=False, upd=False), Task(pp_rank=1, stage_id=1, mb_idx=3, is_fwd=False, upd=False)]]
[36m(run_dp_rank pid=841337)[0m 2026-02-20 01:26:09,549 - piper_compile - DEBUG - P2P comms: 
[(0, 1, 0), (0, 1, 1), (1, 2, 0), (2, 3, 0), (1, 2, 1), (2, 3, 1), (0, 1, 2), (3, 2, 0), (0, 1, 3), (2, 1, 0), (3, 2, 1), (2, 1, 1), (1, 2, 2), (2, 3, 2), (1, 0, 0), (1, 2, 3), (2, 3, 3), (1, 0, 1), (3, 2, 2), (2, 1, 2), (3, 2, 3), (2, 1, 3), (1, 0, 2), (1, 0, 3)]
[36m(run_dp_rank pid=841337)[0m 2026-02-20 01:26:09,549 - piper_compile - DEBUG - P2P schedules: {
0: [(0, 1, 0, True), (0, 1, 1, True), (1, 2, 0, False), (2, 3, 0, True), (1, 2, 1, False), (2, 3, 1, True), (0, 1, 2, True), (3, 2, 0, False), (0, 1, 3, True), (2, 1, 0, True), (3, 2, 1, False), (2, 1, 1, True), (1, 2, 2, False), (2, 3, 2, True), (1, 0, 0, False), (1, 2, 3, False), (2, 3, 3, True), (1, 0, 1, False), (3, 2, 2, False), (2, 1, 2, True), (3, 2, 3, False), (2, 1, 3, True), (1, 0, 2, False), (1, 0, 3, False)],
1: [(0, 1, 0, False), (0, 1, 1, False), (1, 2, 0, True), (2, 3, 0, False), (1, 2, 1, True), (2, 3, 1, False), (0, 1, 2, False), (3, 2, 0, True), (0, 1, 3, False), (2, 1, 0, False), (3, 2, 1, True), (2, 1, 1, False), (1, 2, 2, True), (2, 3, 2, False), (1, 0, 0, True), (1, 2, 3, True), (2, 3, 3, False), (1, 0, 1, True), (3, 2, 2, True), (2, 1, 2, False), (3, 2, 3, True), (2, 1, 3, False), (1, 0, 2, True), (1, 0, 3, True)]
}
[36m(run_dp_rank pid=841337)[0m 2026-02-20 01:26:09,615 - piper_actor - DEBUG - DP rank 0 created actor Actor(PiperActor, 7e3c38e5f4c64be09e368f2901000000) global rank 0
[36m(run_dp_rank pid=841337)[0m 2026-02-20 01:26:09,616 - piper_actor - DEBUG - DP rank 0 created actor Actor(PiperActor, dc7ca51c30ec954ff3b0615001000000) global rank 1
[36m(PiperActor pid=841341)[0m 2026-02-20 01:26:12,718 - piper_actor - INFO - Initializing Ray actor 1 global rank 1 GPU 2
[36m(PiperActor pid=841331)[0m 2026-02-20 01:26:12,685 - piper_actor - INFO - Initializing Ray actor 0 global rank 0 GPU 1
[36m(PiperActor pid=841341)[0m 2026-02-20 01:26:15,873 - piper_actor - DEBUG - Actor 1 has GPU 2, joined the global process group
[36m(PiperActor pid=841341)[0m 2026-02-20 01:26:15,873 - piper_actor - INFO - Global rank 1 joined its pp group 0 along with ranks [0, 1]
[36m(PiperActor pid=841331)[0m 2026-02-20 01:26:15,883 - piper_actor - DEBUG - Actor 0 has GPU 1, joined the global process group
[36m(PiperActor pid=841331)[0m 2026-02-20 01:26:15,883 - piper_actor - INFO - Global rank 0 joined its pp group 0 along with ranks [0, 1]
[36m(run_dp_rank pid=841337)[0m 2026-02-20 01:26:16,094 - piper_compile - INFO - DP rank 1 compiling...
[36m(PiperActor pid=841331)[0m 2026-02-20 01:26:20,599 - piper_actor - INFO - Loading stage 0 graph on actor 0
[36m(PiperActor pid=841341)[0m 2026-02-20 01:26:20,770 - piper_actor - INFO - Loading stage 1 graph on actor 1
[36m(PiperActor pid=841331)[0m 2026-02-20 01:26:22,068 - piper_actor - INFO - Loading stage 2 graph on actor 0
[36m(PiperActor pid=841341)[0m 2026-02-20 01:26:22,648 - piper_actor - INFO - Loading stage 3 graph on actor 1
[36m(run_dp_rank pid=841337)[0m 2026-02-20 01:26:23,248 - piper_backend - WARNING - Should not directly call compiled module, running non-distributed execution
[36m(run_dp_rank pid=841337)[0m 2026-02-20 01:26:32,888 - piper_compile - INFO - DP rank 1 done.
[36m(run_dp_rank pid=841337)[0m Running 1 warmup iterations...
[36m(PiperActor pid=841341)[0m 2026-02-20 01:26:33,159 - piper_actor - DEBUG - Actor 1 loaded labels torch.Size([16, 256, 512])
[36m(PiperActor pid=841341)[0m 2026-02-20 01:26:33,164 - piper_actor - DEBUG - Calling forward 1 mb 0 on actor 1
[36m(PiperActor pid=841341)[0m 2026-02-20 01:26:33,164 - piper_actor - DEBUG - Dispatch fwd p2p recv on 1 from 0, op: (0 -> 1, mb 0)
[36m(PiperActor pid=841341)[0m [rank1]:[W220 01:26:33.646901436 ProcessGroupNCCL.cpp:4068] Warning: An unbatched P2P op (send/recv) was called on this ProcessGroup with size 2.  In lazy initialization mode, this will result in a new 2-rank NCCL communicator to be created. (function operator())
[36m(PiperActor pid=841331)[0m 2026-02-20 01:26:33,148 - piper_actor - DEBUG - Actor 0 loaded inputs 1
[36m(PiperActor pid=841331)[0m 2026-02-20 01:26:33,163 - piper_actor - DEBUG - Calling forward 0 mb 0 on actor 0
[36m(PiperActor pid=841331)[0m 2026-02-20 01:26:33,942 - piper_actor - DEBUG - Saving output activation torch.Size([16, 256, 512]) for stage 0 mb 0
[36m(PiperActor pid=841331)[0m 2026-02-20 01:26:33,942 - piper_actor - DEBUG - Dispatch fwd p2p send on 0 to 1, op: (0 -> 1, mb 0)
[36m(PiperActor pid=841331)[0m [rank0]:[W220 01:26:33.424491825 ProcessGroupNCCL.cpp:4068] Warning: An unbatched P2P op (send/recv) was called on this ProcessGroup with size 2.  In lazy initialization mode, this will result in a new 2-rank NCCL communicator to be created. (function operator())
[36m(PiperActor pid=841341)[0m 2026-02-20 01:26:36,999 - piper_actor - DEBUG - Completed fwd p2p recv on 1 from 0, op: (0 -> 1, mb 0)
[36m(PiperActor pid=841341)[0m 2026-02-20 01:26:36,999 - piper_actor - DEBUG - Executed P2P(fwd_recv, stage 0 -> 1, mb 0) on actor 1
[36m(PiperActor pid=841341)[0m 2026-02-20 01:26:36,999 - piper_actor - DEBUG - Saving input activation torch.Size([16, 256, 512]) for stage 1 mb 0
[36m(PiperActor pid=841331)[0m 2026-02-20 01:26:36,991 - piper_actor - DEBUG - Completed fwd p2p send on 0 to 1, op: (0 -> 1, mb 0)
[36m(PiperActor pid=841331)[0m 2026-02-20 01:26:36,992 - piper_actor - DEBUG - Executed P2P(fwd_send, stage 0 -> 1, mb 0) on actor 0
[36m(PiperActor pid=841331)[0m 2026-02-20 01:26:36,992 - piper_actor - DEBUG - Forward 0 mb 0 on actor 0 returning [torch.Size([256, 8]), torch.Size([16, 256, 512]), torch.Size([256, 256])]
[36m(PiperActor pid=841331)[0m 2026-02-20 01:26:36,994 - piper_actor - DEBUG - Calling forward 0 mb 1 on actor 0
[36m(PiperActor pid=841331)[0m 2026-02-20 01:26:37,002 - piper_actor - DEBUG - Saving output activation torch.Size([16, 256, 512]) for stage 0 mb 1
[36m(PiperActor pid=841331)[0m 2026-02-20 01:26:37,002 - piper_actor - DEBUG - Dispatch fwd p2p send on 0 to 1, op: (0 -> 1, mb 1)
[36m(PiperActor pid=841331)[0m 2026-02-20 01:26:37,002 - piper_actor - DEBUG - Completed fwd p2p send on 0 to 1, op: (0 -> 1, mb 1)
[36m(PiperActor pid=841331)[0m 2026-02-20 01:26:37,002 - piper_actor - DEBUG - Executed P2P(fwd_send, stage 0 -> 1, mb 1) on actor 0
[36m(PiperActor pid=841331)[0m 2026-02-20 01:26:37,003 - piper_actor - DEBUG - Forward 0 mb 1 on actor 0 returning [torch.Size([256, 8]), torch.Size([16, 256, 512]), torch.Size([256, 256])]
[36m(PiperActor pid=841331)[0m 2026-02-20 01:26:37,003 - piper_actor - DEBUG - Calling forward 2 mb 0 on actor 0
[36m(PiperActor pid=841331)[0m 2026-02-20 01:26:37,003 - piper_actor - DEBUG - Dispatch fwd p2p recv on 0 from 1, op: (1 -> 2, mb 0)
[36m(PiperActor pid=841331)[0m [rank0]:[W220 01:26:37.485378643 ProcessGroupNCCL.cpp:4068] Warning: An unbatched P2P op (send/recv) was called on this ProcessGroup with size 2.  In lazy initialization mode, this will result in a new 2-rank NCCL communicator to be created. (function operator())
[36m(PiperActor pid=841341)[0m 2026-02-20 01:26:37,787 - piper_actor - DEBUG - Saving output activation torch.Size([16, 256, 512]) for stage 1 mb 0
[36m(PiperActor pid=841341)[0m 2026-02-20 01:26:37,788 - piper_actor - DEBUG - Dispatch fwd p2p recv on 1 from 0, op: (0 -> 1, mb 1)
[36m(PiperActor pid=841341)[0m 2026-02-20 01:26:37,788 - piper_actor - DEBUG - Completed fwd p2p recv on 1 from 0, op: (0 -> 1, mb 1)
[36m(PiperActor pid=841341)[0m 2026-02-20 01:26:37,788 - piper_actor - DEBUG - Executed P2P(fwd_recv, stage 0 -> 1, mb 1) on actor 1
[36m(PiperActor pid=841341)[0m 2026-02-20 01:26:37,788 - piper_actor - DEBUG - Dispatch fwd p2p send on 1 to 0, op: (1 -> 2, mb 0)
[36m(PiperActor pid=841341)[0m [rank1]:[W220 01:26:37.270506387 ProcessGroupNCCL.cpp:4068] Warning: An unbatched P2P op (send/recv) was called on this ProcessGroup with size 2.  In lazy initialization mode, this will result in a new 2-rank NCCL communicator to be created. (function operator())
[36m(PiperActor pid=841341)[0m 2026-02-20 01:26:38,112 - piper_actor - DEBUG - Completed fwd p2p send on 1 to 0, op: (1 -> 2, mb 0)
[36m(PiperActor pid=841341)[0m 2026-02-20 01:26:38,112 - piper_actor - DEBUG - Executed P2P(fwd_send, stage 1 -> 2, mb 0) on actor 1
[36m(PiperActor pid=841341)[0m 2026-02-20 01:26:38,112 - piper_actor - DEBUG - Forward 1 mb 0 on actor 1 returning [torch.Size([16, 256, 512])]
[36m(PiperActor pid=841331)[0m 2026-02-20 01:26:38,112 - piper_actor - DEBUG - Completed fwd p2p recv on 0 from 1, op: (1 -> 2, mb 0)
[36m(PiperActor pid=841331)[0m 2026-02-20 01:26:38,112 - piper_actor - DEBUG - Executed P2P(fwd_recv, stage 1 -> 2, mb 0) on actor 0
[36m(PiperActor pid=841331)[0m 2026-02-20 01:26:38,112 - piper_actor - DEBUG - Saving input activation torch.Size([16, 256, 512]) for stage 2 mb 0
[36m(PiperActor pid=841341)[0m 2026-02-20 01:26:38,114 - piper_actor - DEBUG - Calling forward 1 mb 1 on actor 1
[36m(PiperActor pid=841341)[0m 2026-02-20 01:26:38,114 - piper_actor - DEBUG - Saving input activation torch.Size([16, 256, 512]) for stage 1 mb 1
[36m(PiperActor pid=841341)[0m 2026-02-20 01:26:38,125 - piper_actor - DEBUG - Saving output activation torch.Size([16, 256, 512]) for stage 1 mb 1
[36m(PiperActor pid=841341)[0m 2026-02-20 01:26:38,125 - piper_actor - DEBUG - Dispatch fwd p2p recv on 1 from 0, op: (2 -> 3, mb 0)
[36m(PiperActor pid=841341)[0m 2026-02-20 01:26:38,125 - piper_actor - DEBUG - Completed fwd p2p recv on 1 from 0, op: (2 -> 3, mb 0)
[36m(PiperActor pid=841341)[0m 2026-02-20 01:26:38,125 - piper_actor - DEBUG - Executed P2P(fwd_recv, stage 2 -> 3, mb 0) on actor 1
[36m(PiperActor pid=841341)[0m 2026-02-20 01:26:38,126 - piper_actor - DEBUG - Dispatch fwd p2p send on 1 to 0, op: (1 -> 2, mb 1)
[36m(PiperActor pid=841341)[0m 2026-02-20 01:26:38,126 - piper_actor - DEBUG - Completed fwd p2p send on 1 to 0, op: (1 -> 2, mb 1)
[36m(PiperActor pid=841341)[0m 2026-02-20 01:26:38,126 - piper_actor - DEBUG - Executed P2P(fwd_send, stage 1 -> 2, mb 1) on actor 1
[36m(PiperActor pid=841341)[0m 2026-02-20 01:26:38,126 - piper_actor - DEBUG - Forward 1 mb 1 on actor 1 returning [torch.Size([16, 256, 512])]
[36m(PiperActor pid=841341)[0m 2026-02-20 01:26:38,126 - piper_actor - DEBUG - Calling forward 3 mb 0 on actor 1
[36m(PiperActor pid=841341)[0m 2026-02-20 01:26:38,127 - piper_actor - DEBUG - Saving input activation torch.Size([16, 256, 512]) for stage 3 mb 0
[36m(PiperActor pid=841331)[0m 2026-02-20 01:26:38,123 - piper_actor - DEBUG - Saving output activation torch.Size([16, 256, 512]) for stage 2 mb 0
[36m(PiperActor pid=841331)[0m 2026-02-20 01:26:38,124 - piper_actor - DEBUG - Dispatch fwd p2p send on 0 to 1, op: (2 -> 3, mb 0)
[36m(PiperActor pid=841331)[0m 2026-02-20 01:26:38,124 - piper_actor - DEBUG - Completed fwd p2p send on 0 to 1, op: (2 -> 3, mb 0)
[36m(PiperActor pid=841331)[0m 2026-02-20 01:26:38,124 - piper_actor - DEBUG - Executed P2P(fwd_send, stage 2 -> 3, mb 0) on actor 0
[36m(PiperActor pid=841331)[0m 2026-02-20 01:26:38,124 - piper_actor - DEBUG - Forward 2 mb 0 on actor 0 returning [torch.Size([16, 256, 512])]
[36m(PiperActor pid=841331)[0m 2026-02-20 01:26:38,125 - piper_actor - DEBUG - Calling forward 2 mb 1 on actor 0
[36m(PiperActor pid=841331)[0m 2026-02-20 01:26:38,125 - piper_actor - DEBUG - Dispatch fwd p2p recv on 0 from 1, op: (1 -> 2, mb 1)
[36m(PiperActor pid=841331)[0m 2026-02-20 01:26:38,125 - piper_actor - DEBUG - Completed fwd p2p recv on 0 from 1, op: (1 -> 2, mb 1)
[36m(PiperActor pid=841331)[0m 2026-02-20 01:26:38,125 - piper_actor - DEBUG - Executed P2P(fwd_recv, stage 1 -> 2, mb 1) on actor 0
[36m(PiperActor pid=841331)[0m 2026-02-20 01:26:38,125 - piper_actor - DEBUG - Saving input activation torch.Size([16, 256, 512]) for stage 2 mb 1
[36m(PiperActor pid=841341)[0m 2026-02-20 01:26:38,198 - piper_actor - DEBUG - Saving output activation torch.Size([16, 256, 512]) for stage 3 mb 0
[36m(PiperActor pid=841341)[0m 2026-02-20 01:26:38,198 - piper_actor - DEBUG - Forward 3 mb 0 on actor 1 returning [torch.Size([16, 256, 512])]
[36m(PiperActor pid=841341)[0m 2026-02-20 01:26:38,199 - piper_actor - DEBUG - Calling backward 3 mb 0 on actor 1
[36m(PiperActor pid=841341)[0m 2026-02-20 01:26:38,331 - piper_actor - DEBUG - Dispatch fwd p2p recv on 1 from 0, op: (2 -> 3, mb 1)
[36m(PiperActor pid=841341)[0m 2026-02-20 01:26:38,331 - piper_actor - DEBUG - Completed fwd p2p recv on 1 from 0, op: (2 -> 3, mb 1)
[36m(PiperActor pid=841341)[0m 2026-02-20 01:26:38,331 - piper_actor - DEBUG - Executed P2P(fwd_recv, stage 2 -> 3, mb 1) on actor 1
[36m(PiperActor pid=841341)[0m 2026-02-20 01:26:38,331 - piper_actor - DEBUG - Dispatch fwd p2p recv on 1 from 0, op: (0 -> 1, mb 2)
[36m(PiperActor pid=841341)[0m 2026-02-20 01:26:38,332 - piper_actor - DEBUG - Completed fwd p2p recv on 1 from 0, op: (0 -> 1, mb 2)
[36m(PiperActor pid=841341)[0m 2026-02-20 01:26:38,332 - piper_actor - DEBUG - Executed P2P(fwd_recv, stage 0 -> 1, mb 2) on actor 1
[36m(PiperActor pid=841341)[0m 2026-02-20 01:26:38,332 - piper_actor - DEBUG - Dispatch bwd p2p send on 1 to 0, op: (3 -> 2, mb 0)
[36m(PiperActor pid=841341)[0m 2026-02-20 01:26:38,332 - piper_actor - DEBUG - Completed bwd p2p send on 1 to 0, op: (3 -> 2, mb 0)
[36m(PiperActor pid=841341)[0m 2026-02-20 01:26:38,332 - piper_actor - DEBUG - Executed P2P(bwd_send, stage 3 -> 2, mb 0) on actor 1
[36m(PiperActor pid=841341)[0m 2026-02-20 01:26:38,333 - piper_actor - DEBUG - Calling forward 3 mb 1 on actor 1
[36m(PiperActor pid=841341)[0m 2026-02-20 01:26:38,333 - piper_actor - DEBUG - Saving input activation torch.Size([16, 256, 512]) for stage 3 mb 1
[36m(PiperActor pid=841331)[0m 2026-02-20 01:26:38,193 - piper_actor - DEBUG - Saving output activation torch.Size([16, 256, 512]) for stage 2 mb 1
[36m(PiperActor pid=841331)[0m 2026-02-20 01:26:38,194 - piper_actor - DEBUG - Dispatch fwd p2p send on 0 to 1, op: (2 -> 3, mb 1)
[36m(PiperActor pid=841331)[0m 2026-02-20 01:26:38,194 - piper_actor - DEBUG - Completed fwd p2p send on 0 to 1, op: (2 -> 3, mb 1)
[36m(PiperActor pid=841331)[0m 2026-02-20 01:26:38,194 - piper_actor - DEBUG - Executed P2P(fwd_send, stage 2 -> 3, mb 1) on actor 0
[36m(PiperActor pid=841331)[0m 2026-02-20 01:26:38,194 - piper_actor - DEBUG - Forward 2 mb 1 on actor 0 returning [torch.Size([16, 256, 512])]
[36m(PiperActor pid=841331)[0m 2026-02-20 01:26:38,195 - piper_actor - DEBUG - Calling forward 0 mb 2 on actor 0
[36m(PiperActor pid=841331)[0m 2026-02-20 01:26:38,257 - piper_actor - DEBUG - Saving output activation torch.Size([16, 256, 512]) for stage 0 mb 2
[36m(PiperActor pid=841331)[0m 2026-02-20 01:26:38,257 - piper_actor - DEBUG - Dispatch fwd p2p send on 0 to 1, op: (0 -> 1, mb 2)
[36m(PiperActor pid=841331)[0m 2026-02-20 01:26:38,258 - piper_actor - DEBUG - Completed fwd p2p send on 0 to 1, op: (0 -> 1, mb 2)
[36m(PiperActor pid=841331)[0m 2026-02-20 01:26:38,258 - piper_actor - DEBUG - Executed P2P(fwd_send, stage 0 -> 1, mb 2) on actor 0
[36m(PiperActor pid=841331)[0m 2026-02-20 01:26:38,258 - piper_actor - DEBUG - Forward 0 mb 2 on actor 0 returning [torch.Size([256, 8]), torch.Size([16, 256, 512]), torch.Size([256, 256])]
[36m(PiperActor pid=841331)[0m 2026-02-20 01:26:38,259 - piper_actor - DEBUG - Calling forward 0 mb 3 on actor 0
[36m(PiperActor pid=841331)[0m 2026-02-20 01:26:38,328 - piper_actor - DEBUG - Saving output activation torch.Size([16, 256, 512]) for stage 0 mb 3
[36m(PiperActor pid=841331)[0m 2026-02-20 01:26:38,329 - piper_actor - DEBUG - Dispatch bwd p2p recv on 0 from 1, op: (3 -> 2, mb 0)
[36m(PiperActor pid=841331)[0m 2026-02-20 01:26:38,329 - piper_actor - DEBUG - Completed bwd p2p recv on 0 from 1, op: (3 -> 2, mb 0)
[36m(PiperActor pid=841341)[0m 2026-02-20 01:26:38,336 - piper_actor - DEBUG - Saving output activation torch.Size([16, 256, 512]) for stage 3 mb 1
[36m(PiperActor pid=841341)[0m 2026-02-20 01:26:38,336 - piper_actor - DEBUG - Forward 3 mb 1 on actor 1 returning [torch.Size([16, 256, 512])]
[36m(PiperActor pid=841341)[0m 2026-02-20 01:26:38,337 - piper_actor - DEBUG - Calling backward 3 mb 1 on actor 1
[36m(PiperActor pid=841341)[0m 2026-02-20 01:26:38,352 - piper_actor - DEBUG - Dispatch fwd p2p recv on 1 from 0, op: (0 -> 1, mb 3)
[36m(PiperActor pid=841341)[0m 2026-02-20 01:26:38,352 - piper_actor - DEBUG - Completed fwd p2p recv on 1 from 0, op: (0 -> 1, mb 3)
[36m(PiperActor pid=841341)[0m 2026-02-20 01:26:38,352 - piper_actor - DEBUG - Executed P2P(fwd_recv, stage 0 -> 1, mb 3) on actor 1
[36m(PiperActor pid=841341)[0m 2026-02-20 01:26:38,352 - piper_actor - DEBUG - Dispatch bwd p2p recv on 1 from 0, op: (2 -> 1, mb 0)
[36m(PiperActor pid=841341)[0m 2026-02-20 01:26:38,352 - piper_actor - DEBUG - Completed bwd p2p recv on 1 from 0, op: (2 -> 1, mb 0)
[36m(PiperActor pid=841341)[0m 2026-02-20 01:26:38,365 - piper_actor - DEBUG - Executed P2P(bwd_recv, stage 2 -> 1, mb 0) on actor 1
[36m(PiperActor pid=841341)[0m 2026-02-20 01:26:38,365 - piper_actor - DEBUG - Dispatch bwd p2p send on 1 to 0, op: (3 -> 2, mb 1)
[36m(PiperActor pid=841341)[0m 2026-02-20 01:26:38,365 - piper_actor - DEBUG - Completed bwd p2p send on 1 to 0, op: (3 -> 2, mb 1)
[36m(PiperActor pid=841341)[0m 2026-02-20 01:26:38,365 - piper_actor - DEBUG - Executed P2P(bwd_send, stage 3 -> 2, mb 1) on actor 1
[36m(PiperActor pid=841341)[0m 2026-02-20 01:26:38,414 - piper_actor - DEBUG - Calling forward 1 mb 2 on actor 1
[36m(PiperActor pid=841341)[0m 2026-02-20 01:26:38,415 - piper_actor - DEBUG - Saving input activation torch.Size([16, 256, 512]) for stage 1 mb 2
[36m(PiperActor pid=841341)[0m 2026-02-20 01:26:38,417 - piper_actor - DEBUG - Saving output activation torch.Size([16, 256, 512]) for stage 1 mb 2
[36m(PiperActor pid=841341)[0m 2026-02-20 01:26:38,417 - piper_actor - DEBUG - Dispatch bwd p2p recv on 1 from 0, op: (2 -> 1, mb 1)
[36m(PiperActor pid=841341)[0m 2026-02-20 01:26:38,418 - piper_actor - DEBUG - Completed bwd p2p recv on 1 from 0, op: (2 -> 1, mb 1)
[36m(PiperActor pid=841341)[0m 2026-02-20 01:26:38,422 - piper_actor - DEBUG - Executed P2P(bwd_recv, stage 2 -> 1, mb 1) on actor 1
[36m(PiperActor pid=841341)[0m 2026-02-20 01:26:38,422 - piper_actor - DEBUG - Dispatch fwd p2p send on 1 to 0, op: (1 -> 2, mb 2)
[36m(PiperActor pid=841341)[0m 2026-02-20 01:26:38,422 - piper_actor - DEBUG - Completed fwd p2p send on 1 to 0, op: (1 -> 2, mb 2)
[36m(PiperActor pid=841341)[0m 2026-02-20 01:26:38,422 - piper_actor - DEBUG - Executed P2P(fwd_send, stage 1 -> 2, mb 2) on actor 1
[36m(PiperActor pid=841341)[0m 2026-02-20 01:26:38,423 - piper_actor - DEBUG - Forward 1 mb 2 on actor 1 returning [torch.Size([16, 256, 512])]
[36m(PiperActor pid=841341)[0m 2026-02-20 01:26:38,424 - piper_actor - DEBUG - Calling backward 1 mb 0 on actor 1
[36m(PiperActor pid=841341)[0m 2026-02-20 01:26:38,424 - piper_actor - DEBUG - Dispatch fwd p2p recv on 1 from 0, op: (2 -> 3, mb 2)
[36m(PiperActor pid=841341)[0m 2026-02-20 01:26:38,424 - piper_actor - DEBUG - Completed fwd p2p recv on 1 from 0, op: (2 -> 3, mb 2)
[36m(PiperActor pid=841341)[0m 2026-02-20 01:26:38,424 - piper_actor - DEBUG - Executed P2P(fwd_recv, stage 2 -> 3, mb 2) on actor 1
[36m(PiperActor pid=841341)[0m 2026-02-20 01:26:38,424 - piper_actor - DEBUG - Dispatch bwd p2p send on 1 to 0, op: (1 -> 0, mb 0)
[36m(PiperActor pid=841341)[0m 2026-02-20 01:26:38,424 - piper_actor - DEBUG - Completed bwd p2p send on 1 to 0, op: (1 -> 0, mb 0)
[36m(PiperActor pid=841341)[0m 2026-02-20 01:26:38,425 - piper_actor - DEBUG - Executed P2P(bwd_send, stage 1 -> 0, mb 0) on actor 1
[36m(PiperActor pid=841341)[0m 2026-02-20 01:26:38,425 - piper_actor - DEBUG - Calling forward 1 mb 3 on actor 1
[36m(PiperActor pid=841341)[0m 2026-02-20 01:26:38,425 - piper_actor - DEBUG - Saving input activation torch.Size([16, 256, 512]) for stage 1 mb 3
[36m(PiperActor pid=841341)[0m 2026-02-20 01:26:38,427 - piper_actor - DEBUG - Saving output activation torch.Size([16, 256, 512]) for stage 1 mb 3
[36m(PiperActor pid=841341)[0m 2026-02-20 01:26:38,427 - piper_actor - DEBUG - Dispatch fwd p2p send on 1 to 0, op: (1 -> 2, mb 3)
[36m(PiperActor pid=841341)[0m 2026-02-20 01:26:38,428 - piper_actor - DEBUG - Completed fwd p2p send on 1 to 0, op: (1 -> 2, mb 3)
[36m(PiperActor pid=841341)[0m 2026-02-20 01:26:38,428 - piper_actor - DEBUG - Executed P2P(fwd_send, stage 1 -> 2, mb 3) on actor 1
[36m(PiperActor pid=841341)[0m 2026-02-20 01:26:38,428 - piper_actor - DEBUG - Forward 1 mb 3 on actor 1 returning [torch.Size([16, 256, 512])]
[36m(PiperActor pid=841341)[0m 2026-02-20 01:26:38,429 - piper_actor - DEBUG - Calling backward 1 mb 1 on actor 1
[36m(PiperActor pid=841341)[0m 2026-02-20 01:26:38,429 - piper_actor - DEBUG - Dispatch fwd p2p recv on 1 from 0, op: (2 -> 3, mb 3)
[36m(PiperActor pid=841341)[0m 2026-02-20 01:26:38,429 - piper_actor - DEBUG - Completed fwd p2p recv on 1 from 0, op: (2 -> 3, mb 3)
[36m(PiperActor pid=841341)[0m 2026-02-20 01:26:38,429 - piper_actor - DEBUG - Executed P2P(fwd_recv, stage 2 -> 3, mb 3) on actor 1
[36m(PiperActor pid=841341)[0m 2026-02-20 01:26:38,429 - piper_actor - DEBUG - Dispatch bwd p2p send on 1 to 0, op: (1 -> 0, mb 1)
[36m(PiperActor pid=841341)[0m 2026-02-20 01:26:38,429 - piper_actor - DEBUG - Completed bwd p2p send on 1 to 0, op: (1 -> 0, mb 1)
[36m(PiperActor pid=841341)[0m 2026-02-20 01:26:38,429 - piper_actor - DEBUG - Executed P2P(bwd_send, stage 1 -> 0, mb 1) on actor 1
[36m(PiperActor pid=841341)[0m 2026-02-20 01:26:38,504 - piper_actor - DEBUG - Calling forward 3 mb 2 on actor 1
[36m(PiperActor pid=841341)[0m 2026-02-20 01:26:38,504 - piper_actor - DEBUG - Saving input activation torch.Size([16, 256, 512]) for stage 3 mb 2
[36m(PiperActor pid=841341)[0m 2026-02-20 01:26:38,507 - piper_actor - DEBUG - Saving output activation torch.Size([16, 256, 512]) for stage 3 mb 2
[36m(PiperActor pid=841341)[0m 2026-02-20 01:26:38,507 - piper_actor - DEBUG - Forward 3 mb 2 on actor 1 returning [torch.Size([16, 256, 512])]
[36m(PiperActor pid=841341)[0m 2026-02-20 01:26:38,509 - piper_actor - DEBUG - Calling backward 3 mb 2 on actor 1
[36m(PiperActor pid=841331)[0m /m-coriander/coriander/wxdeng/conda-envs/piper_ref/lib/python3.10/site-packages/torch/autograd/graph.py:865: UserWarning: Attempting to run cuBLAS, but there was no current CUDA context! Attempting to set the primary context... (Triggered internally at /pytorch/aten/src/ATen/cuda/CublasHandlePool.cpp:330.)
[36m(PiperActor pid=841331)[0m   return Variable._execution_engine.run_backward(  # Calls into the C++ engine to run the backward pass
[36m(PiperActor pid=841331)[0m 2026-02-20 01:26:38,411 - piper_actor - DEBUG - Executed P2P(bwd_recv, stage 3 -> 2, mb 0) on actor 0
[36m(PiperActor pid=841331)[0m 2026-02-20 01:26:38,411 - piper_actor - DEBUG - Dispatch fwd p2p send on 0 to 1, op: (0 -> 1, mb 3)
[36m(PiperActor pid=841331)[0m 2026-02-20 01:26:38,412 - piper_actor - DEBUG - Completed fwd p2p send on 0 to 1, op: (0 -> 1, mb 3)
[36m(PiperActor pid=841331)[0m 2026-02-20 01:26:38,412 - piper_actor - DEBUG - Executed P2P(fwd_send, stage 0 -> 1, mb 3) on actor 0
[36m(PiperActor pid=841331)[0m 2026-02-20 01:26:38,412 - piper_actor - DEBUG - Forward 0 mb 3 on actor 0 returning [torch.Size([256, 8]), torch.Size([16, 256, 512]), torch.Size([256, 256])]
[36m(PiperActor pid=841331)[0m 2026-02-20 01:26:38,413 - piper_actor - DEBUG - Calling backward 2 mb 0 on actor 0
[36m(PiperActor pid=841331)[0m 2026-02-20 01:26:38,413 - piper_actor - DEBUG - Dispatch bwd p2p send on 0 to 1, op: (2 -> 1, mb 0)
[36m(PiperActor pid=841331)[0m 2026-02-20 01:26:38,414 - piper_actor - DEBUG - Completed bwd p2p send on 0 to 1, op: (2 -> 1, mb 0)
[36m(PiperActor pid=841331)[0m 2026-02-20 01:26:38,414 - piper_actor - DEBUG - Executed P2P(bwd_send, stage 2 -> 1, mb 0) on actor 0
[36m(PiperActor pid=841331)[0m 2026-02-20 01:26:38,414 - piper_actor - DEBUG - Calling backward 2 mb 1 on actor 0
[36m(PiperActor pid=841331)[0m 2026-02-20 01:26:38,414 - piper_actor - DEBUG - Dispatch bwd p2p recv on 0 from 1, op: (3 -> 2, mb 1)
[36m(PiperActor pid=841331)[0m 2026-02-20 01:26:38,415 - piper_actor - DEBUG - Completed bwd p2p recv on 0 from 1, op: (3 -> 2, mb 1)
[36m(PiperActor pid=841331)[0m 2026-02-20 01:26:38,418 - piper_actor - DEBUG - Executed P2P(bwd_recv, stage 3 -> 2, mb 1) on actor 0
[36m(PiperActor pid=841331)[0m 2026-02-20 01:26:38,419 - piper_actor - DEBUG - Dispatch bwd p2p send on 0 to 1, op: (2 -> 1, mb 1)
[36m(PiperActor pid=841331)[0m 2026-02-20 01:26:38,419 - piper_actor - DEBUG - Completed bwd p2p send on 0 to 1, op: (2 -> 1, mb 1)
[36m(PiperActor pid=841331)[0m 2026-02-20 01:26:38,419 - piper_actor - DEBUG - Executed P2P(bwd_send, stage 2 -> 1, mb 1) on actor 0
[36m(PiperActor pid=841331)[0m 2026-02-20 01:26:38,420 - piper_actor - DEBUG - Calling forward 2 mb 2 on actor 0
[36m(PiperActor pid=841331)[0m 2026-02-20 01:26:38,420 - piper_actor - DEBUG - Dispatch fwd p2p recv on 0 from 1, op: (1 -> 2, mb 2)
[36m(PiperActor pid=841331)[0m 2026-02-20 01:26:38,420 - piper_actor - DEBUG - Completed fwd p2p recv on 0 from 1, op: (1 -> 2, mb 2)
[36m(PiperActor pid=841331)[0m 2026-02-20 01:26:38,420 - piper_actor - DEBUG - Executed P2P(fwd_recv, stage 1 -> 2, mb 2) on actor 0
[36m(PiperActor pid=841331)[0m 2026-02-20 01:26:38,420 - piper_actor - DEBUG - Saving input activation torch.Size([16, 256, 512]) for stage 2 mb 2
[36m(PiperActor pid=841331)[0m 2026-02-20 01:26:38,423 - piper_actor - DEBUG - Saving output activation torch.Size([16, 256, 512]) for stage 2 mb 2
[36m(PiperActor pid=841331)[0m 2026-02-20 01:26:38,423 - piper_actor - DEBUG - Dispatch fwd p2p send on 0 to 1, op: (2 -> 3, mb 2)
[36m(PiperActor pid=841331)[0m 2026-02-20 01:26:38,423 - piper_actor - DEBUG - Completed fwd p2p send on 0 to 1, op: (2 -> 3, mb 2)
[36m(PiperActor pid=841331)[0m 2026-02-20 01:26:38,423 - piper_actor - DEBUG - Executed P2P(fwd_send, stage 2 -> 3, mb 2) on actor 0
[36m(PiperActor pid=841331)[0m 2026-02-20 01:26:38,423 - piper_actor - DEBUG - Forward 2 mb 2 on actor 0 returning [torch.Size([16, 256, 512])]
[36m(PiperActor pid=841331)[0m 2026-02-20 01:26:38,425 - piper_actor - DEBUG - Calling backward 0 mb 0 on actor 0
[36m(PiperActor pid=841331)[0m 2026-02-20 01:26:38,425 - piper_actor - DEBUG - Dispatch bwd p2p recv on 0 from 1, op: (1 -> 0, mb 0)
[36m(PiperActor pid=841331)[0m 2026-02-20 01:26:38,425 - piper_actor - DEBUG - Completed bwd p2p recv on 0 from 1, op: (1 -> 0, mb 0)
[36m(PiperActor pid=841331)[0m 2026-02-20 01:26:38,499 - piper_actor - DEBUG - Executed P2P(bwd_recv, stage 1 -> 0, mb 0) on actor 0
[36m(PiperActor pid=841331)[0m 2026-02-20 01:26:38,500 - piper_actor - DEBUG - Calling forward 2 mb 3 on actor 0
[36m(PiperActor pid=841331)[0m 2026-02-20 01:26:38,500 - piper_actor - DEBUG - Dispatch fwd p2p recv on 0 from 1, op: (1 -> 2, mb 3)
[36m(PiperActor pid=841331)[0m 2026-02-20 01:26:38,500 - piper_actor - DEBUG - Completed fwd p2p recv on 0 from 1, op: (1 -> 2, mb 3)
[36m(PiperActor pid=841331)[0m 2026-02-20 01:26:38,500 - piper_actor - DEBUG - Executed P2P(fwd_recv, stage 1 -> 2, mb 3) on actor 0
[36m(PiperActor pid=841331)[0m 2026-02-20 01:26:38,500 - piper_actor - DEBUG - Saving input activation torch.Size([16, 256, 512]) for stage 2 mb 3
[36m(PiperActor pid=841331)[0m 2026-02-20 01:26:38,503 - piper_actor - DEBUG - Saving output activation torch.Size([16, 256, 512]) for stage 2 mb 3
[36m(PiperActor pid=841331)[0m 2026-02-20 01:26:38,503 - piper_actor - DEBUG - Dispatch fwd p2p send on 0 to 1, op: (2 -> 3, mb 3)
[36m(PiperActor pid=841331)[0m 2026-02-20 01:26:38,503 - piper_actor - DEBUG - Completed fwd p2p send on 0 to 1, op: (2 -> 3, mb 3)
[36m(PiperActor pid=841331)[0m 2026-02-20 01:26:38,503 - piper_actor - DEBUG - Executed P2P(fwd_send, stage 2 -> 3, mb 3) on actor 0
[36m(PiperActor pid=841331)[0m 2026-02-20 01:26:38,503 - piper_actor - DEBUG - Forward 2 mb 3 on actor 0 returning [torch.Size([16, 256, 512])]
[36m(PiperActor pid=841331)[0m 2026-02-20 01:26:38,505 - piper_actor - DEBUG - Calling backward 0 mb 1 on actor 0
[36m(PiperActor pid=841331)[0m 2026-02-20 01:26:38,505 - piper_actor - DEBUG - Dispatch bwd p2p recv on 0 from 1, op: (1 -> 0, mb 1)
[36m(PiperActor pid=841331)[0m 2026-02-20 01:26:38,505 - piper_actor - DEBUG - Completed bwd p2p recv on 0 from 1, op: (1 -> 0, mb 1)
[36m(PiperActor pid=841331)[0m 2026-02-20 01:26:38,509 - piper_actor - DEBUG - Executed P2P(bwd_recv, stage 1 -> 0, mb 1) on actor 0
[36m(PiperActor pid=841331)[0m 2026-02-20 01:26:38,511 - piper_actor - DEBUG - Calling backward 2 mb 2 on actor 0
[36m(PiperActor pid=841331)[0m 2026-02-20 01:26:38,511 - piper_actor - DEBUG - Dispatch bwd p2p recv on 0 from 1, op: (3 -> 2, mb 2)
[36m(PiperActor pid=841331)[0m 2026-02-20 01:26:38,511 - piper_actor - DEBUG - Completed bwd p2p recv on 0 from 1, op: (3 -> 2, mb 2)
[36m(PiperActor pid=841331)[0m 2026-02-20 01:26:38,515 - piper_actor - DEBUG - Executed P2P(bwd_recv, stage 3 -> 2, mb 2) on actor 0
[36m(PiperActor pid=841331)[0m 2026-02-20 01:26:38,515 - piper_actor - DEBUG - Dispatch bwd p2p send on 0 to 1, op: (2 -> 1, mb 2)
[36m(PiperActor pid=841331)[0m 2026-02-20 01:26:38,515 - piper_actor - DEBUG - Completed bwd p2p send on 0 to 1, op: (2 -> 1, mb 2)
[36m(PiperActor pid=841331)[0m 2026-02-20 01:26:38,515 - piper_actor - DEBUG - Executed P2P(bwd_send, stage 2 -> 1, mb 2) on actor 0
[36m(PiperActor pid=841341)[0m 2026-02-20 01:26:38,700 - piper_actor - DEBUG - Dispatch bwd p2p send on 1 to 0, op: (3 -> 2, mb 2)
[36m(PiperActor pid=841341)[0m 2026-02-20 01:26:38,700 - piper_actor - DEBUG - Completed bwd p2p send on 1 to 0, op: (3 -> 2, mb 2)
[36m(PiperActor pid=841341)[0m 2026-02-20 01:26:38,700 - piper_actor - DEBUG - Executed P2P(bwd_send, stage 3 -> 2, mb 2) on actor 1
[36m(PiperActor pid=841341)[0m 2026-02-20 01:26:38,701 - piper_actor - DEBUG - Calling forward 3 mb 3 on actor 1
[36m(PiperActor pid=841341)[0m 2026-02-20 01:26:38,701 - piper_actor - DEBUG - Saving input activation torch.Size([16, 256, 512]) for stage 3 mb 3
[36m(PiperActor pid=841341)[0m 2026-02-20 01:26:38,704 - piper_actor - DEBUG - Saving output activation torch.Size([16, 256, 512]) for stage 3 mb 3
[36m(PiperActor pid=841341)[0m 2026-02-20 01:26:38,704 - piper_actor - DEBUG - Forward 3 mb 3 on actor 1 returning [torch.Size([16, 256, 512])]
[36m(PiperActor pid=841341)[0m 2026-02-20 01:26:38,705 - piper_actor - DEBUG - Calling backward 3 mb 3 on actor 1
[36m(PiperActor pid=841341)[0m 2026-02-20 01:26:38,711 - piper_actor - DEBUG - Dispatch bwd p2p recv on 1 from 0, op: (2 -> 1, mb 2)
[36m(PiperActor pid=841341)[0m 2026-02-20 01:26:38,712 - piper_actor - DEBUG - Completed bwd p2p recv on 1 from 0, op: (2 -> 1, mb 2)
[36m(PiperActor pid=841341)[0m 2026-02-20 01:26:38,716 - piper_actor - DEBUG - Executed P2P(bwd_recv, stage 2 -> 1, mb 2) on actor 1
[36m(PiperActor pid=841341)[0m 2026-02-20 01:26:38,716 - piper_actor - DEBUG - Dispatch bwd p2p send on 1 to 0, op: (3 -> 2, mb 3)
[36m(PiperActor pid=841341)[0m 2026-02-20 01:26:38,716 - piper_actor - DEBUG - Completed bwd p2p send on 1 to 0, op: (3 -> 2, mb 3)
[36m(PiperActor pid=841341)[0m 2026-02-20 01:26:38,716 - piper_actor - DEBUG - Executed P2P(bwd_send, stage 3 -> 2, mb 3) on actor 1
[36m(PiperActor pid=841341)[0m 2026-02-20 01:26:38,717 - piper_actor - DEBUG - Calling backward 1 mb 2 on actor 1
[36m(PiperActor pid=841341)[0m 2026-02-20 01:26:38,717 - piper_actor - DEBUG - Dispatch bwd p2p recv on 1 from 0, op: (2 -> 1, mb 3)
[36m(PiperActor pid=841341)[0m 2026-02-20 01:26:38,718 - piper_actor - DEBUG - Completed bwd p2p recv on 1 from 0, op: (2 -> 1, mb 3)
[36m(PiperActor pid=841341)[0m 2026-02-20 01:26:38,722 - piper_actor - DEBUG - Executed P2P(bwd_recv, stage 2 -> 1, mb 3) on actor 1
[36m(PiperActor pid=841341)[0m 2026-02-20 01:26:38,722 - piper_actor - DEBUG - Dispatch bwd p2p send on 1 to 0, op: (1 -> 0, mb 2)
[36m(PiperActor pid=841341)[0m 2026-02-20 01:26:38,722 - piper_actor - DEBUG - Completed bwd p2p send on 1 to 0, op: (1 -> 0, mb 2)
[36m(PiperActor pid=841341)[0m 2026-02-20 01:26:38,722 - piper_actor - DEBUG - Executed P2P(bwd_send, stage 1 -> 0, mb 2) on actor 1
[36m(PiperActor pid=841341)[0m 2026-02-20 01:26:38,723 - piper_actor - DEBUG - Calling backward 1 mb 3 on actor 1
[36m(PiperActor pid=841341)[0m 2026-02-20 01:26:38,723 - piper_actor - DEBUG - Dispatch bwd p2p send on 1 to 0, op: (1 -> 0, mb 3)
[36m(PiperActor pid=841341)[0m 2026-02-20 01:26:38,723 - piper_actor - DEBUG - Completed bwd p2p send on 1 to 0, op: (1 -> 0, mb 3)
[36m(PiperActor pid=841341)[0m 2026-02-20 01:26:38,724 - piper_actor - DEBUG - Executed P2P(bwd_send, stage 1 -> 0, mb 3) on actor 1
[36m(PiperActor pid=841341)[0m 2026-02-20 01:26:38,724 - piper_actor - DEBUG - Actor 1 waiting for backward sync events
[36m(PiperActor pid=841341)[0m 2026-02-20 01:26:38,724 - piper_actor - DEBUG - Actor 1 waiting for p2p ops
[36m(PiperActor pid=841331)[0m 2026-02-20 01:26:38,701 - piper_actor - DEBUG - Calling backward 2 mb 3 on actor 0
[36m(PiperActor pid=841331)[0m 2026-02-20 01:26:38,702 - piper_actor - DEBUG - Dispatch bwd p2p recv on 0 from 1, op: (3 -> 2, mb 3)
[36m(PiperActor pid=841331)[0m 2026-02-20 01:26:38,702 - piper_actor - DEBUG - Completed bwd p2p recv on 0 from 1, op: (3 -> 2, mb 3)
[36m(PiperActor pid=841331)[0m 2026-02-20 01:26:38,707 - piper_actor - DEBUG - Executed P2P(bwd_recv, stage 3 -> 2, mb 3) on actor 0
[36m(PiperActor pid=841331)[0m 2026-02-20 01:26:38,707 - piper_actor - DEBUG - Dispatch bwd p2p send on 0 to 1, op: (2 -> 1, mb 3)
[36m(PiperActor pid=841331)[0m 2026-02-20 01:26:38,707 - piper_actor - DEBUG - Completed bwd p2p send on 0 to 1, op: (2 -> 1, mb 3)
[36m(PiperActor pid=841331)[0m 2026-02-20 01:26:38,707 - piper_actor - DEBUG - Executed P2P(bwd_send, stage 2 -> 1, mb 3) on actor 0
[36m(PiperActor pid=841331)[0m 2026-02-20 01:26:38,717 - piper_actor - DEBUG - Calling backward 0 mb 2 on actor 0
[36m(PiperActor pid=841331)[0m 2026-02-20 01:26:38,717 - piper_actor - DEBUG - Dispatch bwd p2p recv on 0 from 1, op: (1 -> 0, mb 2)
[36m(PiperActor pid=841331)[0m 2026-02-20 01:26:38,717 - piper_actor - DEBUG - Completed bwd p2p recv on 0 from 1, op: (1 -> 0, mb 2)
[36m(PiperActor pid=841331)[0m 2026-02-20 01:26:38,721 - piper_actor - DEBUG - Executed P2P(bwd_recv, stage 1 -> 0, mb 2) on actor 0
[36m(PiperActor pid=841331)[0m 2026-02-20 01:26:38,724 - piper_actor - DEBUG - Calling backward 0 mb 3 on actor 0
[36m(PiperActor pid=841331)[0m 2026-02-20 01:26:38,724 - piper_actor - DEBUG - Dispatch bwd p2p recv on 0 from 1, op: (1 -> 0, mb 3)
[36m(PiperActor pid=841331)[0m 2026-02-20 01:26:38,725 - piper_actor - DEBUG - Completed bwd p2p recv on 0 from 1, op: (1 -> 0, mb 3)
[36m(PiperActor pid=841331)[0m 2026-02-20 01:26:38,729 - piper_actor - DEBUG - Executed P2P(bwd_recv, stage 1 -> 0, mb 3) on actor 0
[36m(PiperActor pid=841331)[0m 2026-02-20 01:26:38,730 - piper_actor - DEBUG - Actor 0 waiting for backward sync events
[36m(PiperActor pid=841331)[0m 2026-02-20 01:26:38,730 - piper_actor - DEBUG - Actor 0 waiting for p2p ops
[36m(run_dp_rank pid=841337)[0m Running 1 timed iterations...
[36m(PiperActor pid=841341)[0m 2026-02-20 01:26:39,492 - piper_actor - INFO - Actor 1: Tracing disabled
[36m(PiperActor pid=841341)[0m 2026-02-20 01:26:39,495 - piper_actor - DEBUG - Calling forward 1 mb 0 on actor 1
[36m(PiperActor pid=841341)[0m 2026-02-20 01:26:39,495 - piper_actor - DEBUG - Dispatch fwd p2p recv on 1 from 0, op: (0 -> 1, mb 0)
[36m(PiperActor pid=841341)[0m 2026-02-20 01:26:39,495 - piper_actor - DEBUG - Completed fwd p2p recv on 1 from 0, op: (0 -> 1, mb 0)
[36m(PiperActor pid=841341)[0m 2026-02-20 01:26:39,495 - piper_actor - DEBUG - Executed P2P(fwd_recv, stage 0 -> 1, mb 0) on actor 1
[36m(PiperActor pid=841341)[0m 2026-02-20 01:26:39,496 - piper_actor - DEBUG - Saving input activation torch.Size([16, 256, 512]) for stage 1 mb 0
[36m(PiperActor pid=841341)[0m 2026-02-20 01:26:39,498 - piper_actor - DEBUG - Saving output activation torch.Size([16, 256, 512]) for stage 1 mb 0
[36m(PiperActor pid=841341)[0m 2026-02-20 01:26:39,499 - piper_actor - DEBUG - Dispatch fwd p2p recv on 1 from 0, op: (0 -> 1, mb 1)
[36m(PiperActor pid=841341)[0m 2026-02-20 01:26:39,499 - piper_actor - DEBUG - Completed fwd p2p recv on 1 from 0, op: (0 -> 1, mb 1)
[36m(PiperActor pid=841341)[0m 2026-02-20 01:26:39,499 - piper_actor - DEBUG - Executed P2P(fwd_recv, stage 0 -> 1, mb 1) on actor 1
[36m(PiperActor pid=841341)[0m 2026-02-20 01:26:39,499 - piper_actor - DEBUG - Dispatch fwd p2p send on 1 to 0, op: (1 -> 2, mb 0)
[36m(PiperActor pid=841341)[0m 2026-02-20 01:26:39,499 - piper_actor - DEBUG - Completed fwd p2p send on 1 to 0, op: (1 -> 2, mb 0)
[36m(PiperActor pid=841341)[0m 2026-02-20 01:26:39,499 - piper_actor - DEBUG - Executed P2P(fwd_send, stage 1 -> 2, mb 0) on actor 1
[36m(PiperActor pid=841341)[0m 2026-02-20 01:26:39,500 - piper_actor - DEBUG - Forward 1 mb 0 on actor 1 returning [torch.Size([16, 256, 512])]
[36m(PiperActor pid=841341)[0m 2026-02-20 01:26:39,503 - piper_actor - DEBUG - Calling forward 1 mb 1 on actor 1
[36m(PiperActor pid=841341)[0m 2026-02-20 01:26:39,503 - piper_actor - DEBUG - Saving input activation torch.Size([16, 256, 512]) for stage 1 mb 1
[36m(PiperActor pid=841341)[0m 2026-02-20 01:26:39,505 - piper_actor - DEBUG - Saving output activation torch.Size([16, 256, 512]) for stage 1 mb 1
[36m(PiperActor pid=841341)[0m 2026-02-20 01:26:39,505 - piper_actor - DEBUG - Dispatch fwd p2p recv on 1 from 0, op: (2 -> 3, mb 0)
[36m(PiperActor pid=841341)[0m 2026-02-20 01:26:39,505 - piper_actor - DEBUG - Completed fwd p2p recv on 1 from 0, op: (2 -> 3, mb 0)
[36m(PiperActor pid=841341)[0m 2026-02-20 01:26:39,505 - piper_actor - DEBUG - Executed P2P(fwd_recv, stage 2 -> 3, mb 0) on actor 1
[36m(PiperActor pid=841341)[0m 2026-02-20 01:26:39,505 - piper_actor - DEBUG - Dispatch fwd p2p send on 1 to 0, op: (1 -> 2, mb 1)
[36m(PiperActor pid=841341)[0m 2026-02-20 01:26:39,506 - piper_actor - DEBUG - Completed fwd p2p send on 1 to 0, op: (1 -> 2, mb 1)
[36m(PiperActor pid=841341)[0m 2026-02-20 01:26:39,506 - piper_actor - DEBUG - Executed P2P(fwd_send, stage 1 -> 2, mb 1) on actor 1
[36m(PiperActor pid=841341)[0m 2026-02-20 01:26:39,506 - piper_actor - DEBUG - Forward 1 mb 1 on actor 1 returning [torch.Size([16, 256, 512])]
[36m(PiperActor pid=841341)[0m 2026-02-20 01:26:39,507 - piper_actor - DEBUG - Calling forward 3 mb 0 on actor 1
[36m(PiperActor pid=841341)[0m 2026-02-20 01:26:39,507 - piper_actor - DEBUG - Saving input activation torch.Size([16, 256, 512]) for stage 3 mb 0
[36m(PiperActor pid=841341)[0m 2026-02-20 01:26:39,509 - piper_actor - DEBUG - Saving output activation torch.Size([16, 256, 512]) for stage 3 mb 0
[36m(PiperActor pid=841341)[0m 2026-02-20 01:26:39,509 - piper_actor - DEBUG - Forward 3 mb 0 on actor 1 returning [torch.Size([16, 256, 512])]
[36m(PiperActor pid=841341)[0m 2026-02-20 01:26:39,510 - piper_actor - DEBUG - Calling backward 3 mb 0 on actor 1
[36m(PiperActor pid=841341)[0m 2026-02-20 01:26:39,517 - piper_actor - DEBUG - Dispatch fwd p2p recv on 1 from 0, op: (2 -> 3, mb 1)
[36m(PiperActor pid=841341)[0m 2026-02-20 01:26:39,517 - piper_actor - DEBUG - Completed fwd p2p recv on 1 from 0, op: (2 -> 3, mb 1)
[36m(PiperActor pid=841341)[0m 2026-02-20 01:26:39,517 - piper_actor - DEBUG - Executed P2P(fwd_recv, stage 2 -> 3, mb 1) on actor 1
[36m(PiperActor pid=841341)[0m 2026-02-20 01:26:39,517 - piper_actor - DEBUG - Dispatch fwd p2p recv on 1 from 0, op: (0 -> 1, mb 2)
[36m(PiperActor pid=841341)[0m 2026-02-20 01:26:39,517 - piper_actor - DEBUG - Completed fwd p2p recv on 1 from 0, op: (0 -> 1, mb 2)
[36m(PiperActor pid=841341)[0m 2026-02-20 01:26:39,518 - piper_actor - DEBUG - Executed P2P(fwd_recv, stage 0 -> 1, mb 2) on actor 1
[36m(PiperActor pid=841341)[0m 2026-02-20 01:26:39,518 - piper_actor - DEBUG - Dispatch bwd p2p send on 1 to 0, op: (3 -> 2, mb 0)
[36m(PiperActor pid=841341)[0m 2026-02-20 01:26:39,518 - piper_actor - DEBUG - Completed bwd p2p send on 1 to 0, op: (3 -> 2, mb 0)
[36m(PiperActor pid=841341)[0m 2026-02-20 01:26:39,518 - piper_actor - DEBUG - Executed P2P(bwd_send, stage 3 -> 2, mb 0) on actor 1
[36m(PiperActor pid=841341)[0m 2026-02-20 01:26:39,518 - piper_actor - DEBUG - Calling forward 3 mb 1 on actor 1
[36m(PiperActor pid=841341)[0m 2026-02-20 01:26:39,518 - piper_actor - DEBUG - Saving input activation torch.Size([16, 256, 512]) for stage 3 mb 1
[36m(PiperActor pid=841341)[0m 2026-02-20 01:26:39,521 - piper_actor - DEBUG - Saving output activation torch.Size([16, 256, 512]) for stage 3 mb 1
[36m(PiperActor pid=841341)[0m 2026-02-20 01:26:39,521 - piper_actor - DEBUG - Forward 3 mb 1 on actor 1 returning [torch.Size([16, 256, 512])]
[36m(PiperActor pid=841341)[0m 2026-02-20 01:26:39,522 - piper_actor - DEBUG - Calling backward 3 mb 1 on actor 1
[36m(PiperActor pid=841341)[0m 2026-02-20 01:26:39,528 - piper_actor - DEBUG - Dispatch fwd p2p recv on 1 from 0, op: (0 -> 1, mb 3)
[36m(PiperActor pid=841341)[0m 2026-02-20 01:26:39,528 - piper_actor - DEBUG - Completed fwd p2p recv on 1 from 0, op: (0 -> 1, mb 3)
[36m(PiperActor pid=841341)[0m 2026-02-20 01:26:39,528 - piper_actor - DEBUG - Executed P2P(fwd_recv, stage 0 -> 1, mb 3) on actor 1
[36m(PiperActor pid=841341)[0m 2026-02-20 01:26:39,529 - piper_actor - DEBUG - Dispatch bwd p2p recv on 1 from 0, op: (2 -> 1, mb 0)
[36m(PiperActor pid=841341)[0m 2026-02-20 01:26:39,529 - piper_actor - DEBUG - Completed bwd p2p recv on 1 from 0, op: (2 -> 1, mb 0)
[36m(PiperActor pid=841341)[0m 2026-02-20 01:26:39,533 - piper_actor - DEBUG - Executed P2P(bwd_recv, stage 2 -> 1, mb 0) on actor 1
[36m(PiperActor pid=841341)[0m 2026-02-20 01:26:39,533 - piper_actor - DEBUG - Dispatch bwd p2p send on 1 to 0, op: (3 -> 2, mb 1)
[36m(PiperActor pid=841341)[0m 2026-02-20 01:26:39,533 - piper_actor - DEBUG - Completed bwd p2p send on 1 to 0, op: (3 -> 2, mb 1)
[36m(PiperActor pid=841341)[0m 2026-02-20 01:26:39,533 - piper_actor - DEBUG - Executed P2P(bwd_send, stage 3 -> 2, mb 1) on actor 1
[36m(PiperActor pid=841341)[0m 2026-02-20 01:26:39,534 - piper_actor - DEBUG - Calling forward 1 mb 2 on actor 1
[36m(PiperActor pid=841341)[0m 2026-02-20 01:26:39,534 - piper_actor - DEBUG - Saving input activation torch.Size([16, 256, 512]) for stage 1 mb 2
[36m(PiperActor pid=841341)[0m 2026-02-20 01:26:39,536 - piper_actor - DEBUG - Saving output activation torch.Size([16, 256, 512]) for stage 1 mb 2
[36m(PiperActor pid=841341)[0m 2026-02-20 01:26:39,537 - piper_actor - DEBUG - Dispatch bwd p2p recv on 1 from 0, op: (2 -> 1, mb 1)
[36m(PiperActor pid=841341)[0m 2026-02-20 01:26:39,537 - piper_actor - DEBUG - Completed bwd p2p recv on 1 from 0, op: (2 -> 1, mb 1)
[36m(PiperActor pid=841331)[0m 2026-02-20 01:26:39,492 - piper_actor - INFO - Actor 0: Tracing disabled
[36m(PiperActor pid=841331)[0m 2026-02-20 01:26:39,495 - piper_actor - DEBUG - Calling forward 0 mb 0 on actor 0
[36m(PiperActor pid=841331)[0m 2026-02-20 01:26:39,498 - piper_actor - DEBUG - Saving output activation torch.Size([16, 256, 512]) for stage 0 mb 0
[36m(PiperActor pid=841331)[0m 2026-02-20 01:26:39,498 - piper_actor - DEBUG - Dispatch fwd p2p send on 0 to 1, op: (0 -> 1, mb 0)
[36m(PiperActor pid=841331)[0m 2026-02-20 01:26:39,499 - piper_actor - DEBUG - Completed fwd p2p send on 0 to 1, op: (0 -> 1, mb 0)
[36m(PiperActor pid=841331)[0m 2026-02-20 01:26:39,499 - piper_actor - DEBUG - Executed P2P(fwd_send, stage 0 -> 1, mb 0) on actor 0
[36m(PiperActor pid=841331)[0m 2026-02-20 01:26:39,499 - piper_actor - DEBUG - Forward 0 mb 0 on actor 0 returning [torch.Size([256, 8]), torch.Size([16, 256, 512]), torch.Size([256, 256])]
[36m(PiperActor pid=841331)[0m 2026-02-20 01:26:39,499 - piper_actor - DEBUG - Calling forward 0 mb 1 on actor 0
[36m(PiperActor pid=841331)[0m 2026-02-20 01:26:39,501 - piper_actor - DEBUG - Saving output activation torch.Size([16, 256, 512]) for stage 0 mb 1
[36m(PiperActor pid=841331)[0m 2026-02-20 01:26:39,502 - piper_actor - DEBUG - Dispatch fwd p2p send on 0 to 1, op: (0 -> 1, mb 1)
[36m(PiperActor pid=841331)[0m 2026-02-20 01:26:39,502 - piper_actor - DEBUG - Completed fwd p2p send on 0 to 1, op: (0 -> 1, mb 1)
[36m(PiperActor pid=841331)[0m 2026-02-20 01:26:39,502 - piper_actor - DEBUG - Executed P2P(fwd_send, stage 0 -> 1, mb 1) on actor 0
[36m(PiperActor pid=841331)[0m 2026-02-20 01:26:39,502 - piper_actor - DEBUG - Forward 0 mb 1 on actor 0 returning [torch.Size([256, 8]), torch.Size([16, 256, 512]), torch.Size([256, 256])]
[36m(PiperActor pid=841331)[0m 2026-02-20 01:26:39,503 - piper_actor - DEBUG - Calling forward 2 mb 0 on actor 0
[36m(PiperActor pid=841331)[0m 2026-02-20 01:26:39,503 - piper_actor - DEBUG - Dispatch fwd p2p recv on 0 from 1, op: (1 -> 2, mb 0)
[36m(PiperActor pid=841331)[0m 2026-02-20 01:26:39,503 - piper_actor - DEBUG - Completed fwd p2p recv on 0 from 1, op: (1 -> 2, mb 0)
[36m(PiperActor pid=841331)[0m 2026-02-20 01:26:39,503 - piper_actor - DEBUG - Executed P2P(fwd_recv, stage 1 -> 2, mb 0) on actor 0
[36m(PiperActor pid=841331)[0m 2026-02-20 01:26:39,503 - piper_actor - DEBUG - Saving input activation torch.Size([16, 256, 512]) for stage 2 mb 0
[36m(PiperActor pid=841331)[0m 2026-02-20 01:26:39,505 - piper_actor - DEBUG - Saving output activation torch.Size([16, 256, 512]) for stage 2 mb 0
[36m(PiperActor pid=841331)[0m 2026-02-20 01:26:39,506 - piper_actor - DEBUG - Dispatch fwd p2p send on 0 to 1, op: (2 -> 3, mb 0)
[36m(PiperActor pid=841331)[0m 2026-02-20 01:26:39,506 - piper_actor - DEBUG - Completed fwd p2p send on 0 to 1, op: (2 -> 3, mb 0)
[36m(PiperActor pid=841331)[0m 2026-02-20 01:26:39,506 - piper_actor - DEBUG - Executed P2P(fwd_send, stage 2 -> 3, mb 0) on actor 0
[36m(PiperActor pid=841331)[0m 2026-02-20 01:26:39,506 - piper_actor - DEBUG - Forward 2 mb 0 on actor 0 returning [torch.Size([16, 256, 512])]
[36m(PiperActor pid=841331)[0m 2026-02-20 01:26:39,507 - piper_actor - DEBUG - Calling forward 2 mb 1 on actor 0
[36m(PiperActor pid=841331)[0m 2026-02-20 01:26:39,507 - piper_actor - DEBUG - Dispatch fwd p2p recv on 0 from 1, op: (1 -> 2, mb 1)
[36m(PiperActor pid=841331)[0m 2026-02-20 01:26:39,507 - piper_actor - DEBUG - Completed fwd p2p recv on 0 from 1, op: (1 -> 2, mb 1)
[36m(PiperActor pid=841331)[0m 2026-02-20 01:26:39,507 - piper_actor - DEBUG - Executed P2P(fwd_recv, stage 1 -> 2, mb 1) on actor 0
[36m(PiperActor pid=841331)[0m 2026-02-20 01:26:39,507 - piper_actor - DEBUG - Saving input activation torch.Size([16, 256, 512]) for stage 2 mb 1
[36m(PiperActor pid=841331)[0m 2026-02-20 01:26:39,509 - piper_actor - DEBUG - Saving output activation torch.Size([16, 256, 512]) for stage 2 mb 1
[36m(PiperActor pid=841331)[0m 2026-02-20 01:26:39,510 - piper_actor - DEBUG - Dispatch fwd p2p send on 0 to 1, op: (2 -> 3, mb 1)
[36m(PiperActor pid=841331)[0m 2026-02-20 01:26:39,510 - piper_actor - DEBUG - Completed fwd p2p send on 0 to 1, op: (2 -> 3, mb 1)
[36m(PiperActor pid=841331)[0m 2026-02-20 01:26:39,510 - piper_actor - DEBUG - Executed P2P(fwd_send, stage 2 -> 3, mb 1) on actor 0
[36m(PiperActor pid=841331)[0m 2026-02-20 01:26:39,510 - piper_actor - DEBUG - Forward 2 mb 1 on actor 0 returning [torch.Size([16, 256, 512])]
[36m(PiperActor pid=841331)[0m 2026-02-20 01:26:39,511 - piper_actor - DEBUG - Calling forward 0 mb 2 on actor 0
[36m(PiperActor pid=841331)[0m 2026-02-20 01:26:39,513 - piper_actor - DEBUG - Saving output activation torch.Size([16, 256, 512]) for stage 0 mb 2
[36m(PiperActor pid=841331)[0m 2026-02-20 01:26:39,513 - piper_actor - DEBUG - Dispatch fwd p2p send on 0 to 1, op: (0 -> 1, mb 2)
[36m(PiperActor pid=841331)[0m 2026-02-20 01:26:39,513 - piper_actor - DEBUG - Completed fwd p2p send on 0 to 1, op: (0 -> 1, mb 2)
[36m(PiperActor pid=841331)[0m 2026-02-20 01:26:39,514 - piper_actor - DEBUG - Executed P2P(fwd_send, stage 0 -> 1, mb 2) on actor 0
[36m(PiperActor pid=841331)[0m 2026-02-20 01:26:39,514 - piper_actor - DEBUG - Forward 0 mb 2 on actor 0 returning [torch.Size([256, 8]), torch.Size([16, 256, 512]), torch.Size([256, 256])]
[36m(PiperActor pid=841331)[0m 2026-02-20 01:26:39,514 - piper_actor - DEBUG - Calling forward 0 mb 3 on actor 0
[36m(PiperActor pid=841331)[0m 2026-02-20 01:26:39,516 - piper_actor - DEBUG - Saving output activation torch.Size([16, 256, 512]) for stage 0 mb 3
[36m(PiperActor pid=841331)[0m 2026-02-20 01:26:39,517 - piper_actor - DEBUG - Dispatch bwd p2p recv on 0 from 1, op: (3 -> 2, mb 0)
[36m(PiperActor pid=841331)[0m 2026-02-20 01:26:39,517 - piper_actor - DEBUG - Completed bwd p2p recv on 0 from 1, op: (3 -> 2, mb 0)
[36m(PiperActor pid=841331)[0m 2026-02-20 01:26:39,522 - piper_actor - DEBUG - Executed P2P(bwd_recv, stage 3 -> 2, mb 0) on actor 0
[36m(PiperActor pid=841331)[0m 2026-02-20 01:26:39,522 - piper_actor - DEBUG - Dispatch fwd p2p send on 0 to 1, op: (0 -> 1, mb 3)
[36m(PiperActor pid=841331)[0m 2026-02-20 01:26:39,523 - piper_actor - DEBUG - Completed fwd p2p send on 0 to 1, op: (0 -> 1, mb 3)
[36m(PiperActor pid=841331)[0m 2026-02-20 01:26:39,523 - piper_actor - DEBUG - Executed P2P(fwd_send, stage 0 -> 1, mb 3) on actor 0
[36m(PiperActor pid=841331)[0m 2026-02-20 01:26:39,523 - piper_actor - DEBUG - Forward 0 mb 3 on actor 0 returning [torch.Size([256, 8]), torch.Size([16, 256, 512]), torch.Size([256, 256])]
[36m(PiperActor pid=841331)[0m 2026-02-20 01:26:39,524 - piper_actor - DEBUG - Calling backward 2 mb 0 on actor 0
[36m(PiperActor pid=841331)[0m 2026-02-20 01:26:39,524 - piper_actor - DEBUG - Dispatch bwd p2p send on 0 to 1, op: (2 -> 1, mb 0)
[36m(PiperActor pid=841331)[0m 2026-02-20 01:26:39,524 - piper_actor - DEBUG - Completed bwd p2p send on 0 to 1, op: (2 -> 1, mb 0)
[36m(PiperActor pid=841331)[0m 2026-02-20 01:26:39,524 - piper_actor - DEBUG - Executed P2P(bwd_send, stage 2 -> 1, mb 0) on actor 0
[36m(PiperActor pid=841331)[0m 2026-02-20 01:26:39,524 - piper_actor - DEBUG - Calling backward 2 mb 1 on actor 0
[36m(PiperActor pid=841331)[0m 2026-02-20 01:26:39,525 - piper_actor - DEBUG - Dispatch bwd p2p recv on 0 from 1, op: (3 -> 2, mb 1)
[36m(PiperActor pid=841331)[0m 2026-02-20 01:26:39,525 - piper_actor - DEBUG - Completed bwd p2p recv on 0 from 1, op: (3 -> 2, mb 1)
[36m(PiperActor pid=841331)[0m 2026-02-20 01:26:39,529 - piper_actor - DEBUG - Executed P2P(bwd_recv, stage 3 -> 2, mb 1) on actor 0
[36m(PiperActor pid=841331)[0m 2026-02-20 01:26:39,529 - piper_actor - DEBUG - Dispatch bwd p2p send on 0 to 1, op: (2 -> 1, mb 1)
[36m(PiperActor pid=841331)[0m 2026-02-20 01:26:39,529 - piper_actor - DEBUG - Completed bwd p2p send on 0 to 1, op: (2 -> 1, mb 1)
[36m(PiperActor pid=841331)[0m 2026-02-20 01:26:39,529 - piper_actor - DEBUG - Executed P2P(bwd_send, stage 2 -> 1, mb 1) on actor 0
[36m(PiperActor pid=841331)[0m 2026-02-20 01:26:39,534 - piper_actor - DEBUG - Calling forward 2 mb 2 on actor 0
[36m(PiperActor pid=841331)[0m 2026-02-20 01:26:39,534 - piper_actor - DEBUG - Dispatch fwd p2p recv on 0 from 1, op: (1 -> 2, mb 2)
[36m(PiperActor pid=841331)[0m 2026-02-20 01:26:39,534 - piper_actor - DEBUG - Completed fwd p2p recv on 0 from 1, op: (1 -> 2, mb 2)
[36m(PiperActor pid=841331)[0m 2026-02-20 01:26:39,534 - piper_actor - DEBUG - Executed P2P(fwd_recv, stage 1 -> 2, mb 2) on actor 0
[36m(PiperActor pid=841331)[0m 2026-02-20 01:26:39,534 - piper_actor - DEBUG - Saving input activation torch.Size([16, 256, 512]) for stage 2 mb 2
[36m(PiperActor pid=841331)[0m 2026-02-20 01:26:39,536 - piper_actor - DEBUG - Saving output activation torch.Size([16, 256, 512]) for stage 2 mb 2
[36m(PiperActor pid=841331)[0m 2026-02-20 01:26:39,536 - piper_actor - DEBUG - Dispatch fwd p2p send on 0 to 1, op: (2 -> 3, mb 2)
[36m(PiperActor pid=841331)[0m 2026-02-20 01:26:39,537 - piper_actor - DEBUG - Completed fwd p2p send on 0 to 1, op: (2 -> 3, mb 2)
[36m(PiperActor pid=841331)[0m 2026-02-20 01:26:39,537 - piper_actor - DEBUG - Executed P2P(fwd_send, stage 2 -> 3, mb 2) on actor 0
[36m(PiperActor pid=841331)[0m 2026-02-20 01:26:39,537 - piper_actor - DEBUG - Forward 2 mb 2 on actor 0 returning [torch.Size([16, 256, 512])]
[36m(PiperActor pid=841341)[0m 2026-02-20 01:26:39,541 - piper_actor - DEBUG - Executed P2P(bwd_recv, stage 2 -> 1, mb 1) on actor 1
[36m(PiperActor pid=841341)[0m 2026-02-20 01:26:39,541 - piper_actor - DEBUG - Dispatch fwd p2p send on 1 to 0, op: (1 -> 2, mb 2)
[36m(PiperActor pid=841341)[0m 2026-02-20 01:26:39,541 - piper_actor - DEBUG - Completed fwd p2p send on 1 to 0, op: (1 -> 2, mb 2)
[36m(PiperActor pid=841341)[0m 2026-02-20 01:26:39,541 - piper_actor - DEBUG - Executed P2P(fwd_send, stage 1 -> 2, mb 2) on actor 1
[36m(PiperActor pid=841341)[0m 2026-02-20 01:26:39,541 - piper_actor - DEBUG - Forward 1 mb 2 on actor 1 returning [torch.Size([16, 256, 512])]
[36m(PiperActor pid=841341)[0m 2026-02-20 01:26:39,543 - piper_actor - DEBUG - Calling backward 1 mb 0 on actor 1
[36m(PiperActor pid=841341)[0m 2026-02-20 01:26:39,543 - piper_actor - DEBUG - Dispatch fwd p2p recv on 1 from 0, op: (2 -> 3, mb 2)
[36m(PiperActor pid=841341)[0m 2026-02-20 01:26:39,543 - piper_actor - DEBUG - Completed fwd p2p recv on 1 from 0, op: (2 -> 3, mb 2)
[36m(PiperActor pid=841341)[0m 2026-02-20 01:26:39,543 - piper_actor - DEBUG - Executed P2P(fwd_recv, stage 2 -> 3, mb 2) on actor 1
[36m(PiperActor pid=841341)[0m 2026-02-20 01:26:39,543 - piper_actor - DEBUG - Dispatch bwd p2p send on 1 to 0, op: (1 -> 0, mb 0)
[36m(PiperActor pid=841341)[0m 2026-02-20 01:26:39,543 - piper_actor - DEBUG - Completed bwd p2p send on 1 to 0, op: (1 -> 0, mb 0)
[36m(PiperActor pid=841341)[0m 2026-02-20 01:26:39,543 - piper_actor - DEBUG - Executed P2P(bwd_send, stage 1 -> 0, mb 0) on actor 1
[36m(PiperActor pid=841341)[0m 2026-02-20 01:26:39,544 - piper_actor - DEBUG - Calling forward 1 mb 3 on actor 1
[36m(PiperActor pid=841341)[0m 2026-02-20 01:26:39,544 - piper_actor - DEBUG - Saving input activation torch.Size([16, 256, 512]) for stage 1 mb 3
[36m(PiperActor pid=841341)[0m 2026-02-20 01:26:39,546 - piper_actor - DEBUG - Saving output activation torch.Size([16, 256, 512]) for stage 1 mb 3
[36m(PiperActor pid=841341)[0m 2026-02-20 01:26:39,546 - piper_actor - DEBUG - Dispatch fwd p2p send on 1 to 0, op: (1 -> 2, mb 3)
[36m(PiperActor pid=841341)[0m 2026-02-20 01:26:39,547 - piper_actor - DEBUG - Completed fwd p2p send on 1 to 0, op: (1 -> 2, mb 3)
[36m(PiperActor pid=841341)[0m 2026-02-20 01:26:39,547 - piper_actor - DEBUG - Executed P2P(fwd_send, stage 1 -> 2, mb 3) on actor 1
[36m(PiperActor pid=841341)[0m 2026-02-20 01:26:39,547 - piper_actor - DEBUG - Forward 1 mb 3 on actor 1 returning [torch.Size([16, 256, 512])]
[36m(PiperActor pid=841341)[0m 2026-02-20 01:26:39,547 - piper_actor - DEBUG - Calling backward 1 mb 1 on actor 1
[36m(PiperActor pid=841341)[0m 2026-02-20 01:26:39,548 - piper_actor - DEBUG - Dispatch fwd p2p recv on 1 from 0, op: (2 -> 3, mb 3)
[36m(PiperActor pid=841341)[0m 2026-02-20 01:26:39,548 - piper_actor - DEBUG - Completed fwd p2p recv on 1 from 0, op: (2 -> 3, mb 3)
[36m(PiperActor pid=841341)[0m 2026-02-20 01:26:39,548 - piper_actor - DEBUG - Executed P2P(fwd_recv, stage 2 -> 3, mb 3) on actor 1
[36m(PiperActor pid=841341)[0m 2026-02-20 01:26:39,548 - piper_actor - DEBUG - Dispatch bwd p2p send on 1 to 0, op: (1 -> 0, mb 1)
[36m(PiperActor pid=841341)[0m 2026-02-20 01:26:39,548 - piper_actor - DEBUG - Completed bwd p2p send on 1 to 0, op: (1 -> 0, mb 1)
[36m(PiperActor pid=841341)[0m 2026-02-20 01:26:39,548 - piper_actor - DEBUG - Executed P2P(bwd_send, stage 1 -> 0, mb 1) on actor 1
[36m(PiperActor pid=841341)[0m 2026-02-20 01:26:39,552 - piper_actor - DEBUG - Calling forward 3 mb 2 on actor 1
[36m(PiperActor pid=841341)[0m 2026-02-20 01:26:39,552 - piper_actor - DEBUG - Saving input activation torch.Size([16, 256, 512]) for stage 3 mb 2
[36m(PiperActor pid=841341)[0m 2026-02-20 01:26:39,554 - piper_actor - DEBUG - Saving output activation torch.Size([16, 256, 512]) for stage 3 mb 2
[36m(PiperActor pid=841341)[0m 2026-02-20 01:26:39,554 - piper_actor - DEBUG - Forward 3 mb 2 on actor 1 returning [torch.Size([16, 256, 512])]
[36m(PiperActor pid=841341)[0m 2026-02-20 01:26:39,555 - piper_actor - DEBUG - Calling backward 3 mb 2 on actor 1
[36m(PiperActor pid=841341)[0m 2026-02-20 01:26:39,561 - piper_actor - DEBUG - Dispatch bwd p2p send on 1 to 0, op: (3 -> 2, mb 2)
[36m(PiperActor pid=841341)[0m 2026-02-20 01:26:39,562 - piper_actor - DEBUG - Completed bwd p2p send on 1 to 0, op: (3 -> 2, mb 2)
[36m(PiperActor pid=841341)[0m 2026-02-20 01:26:39,562 - piper_actor - DEBUG - Executed P2P(bwd_send, stage 3 -> 2, mb 2) on actor 1
[36m(PiperActor pid=841341)[0m 2026-02-20 01:26:39,562 - piper_actor - DEBUG - Calling forward 3 mb 3 on actor 1
[36m(PiperActor pid=841341)[0m 2026-02-20 01:26:39,562 - piper_actor - DEBUG - Saving input activation torch.Size([16, 256, 512]) for stage 3 mb 3
[36m(PiperActor pid=841341)[0m 2026-02-20 01:26:39,565 - piper_actor - DEBUG - Saving output activation torch.Size([16, 256, 512]) for stage 3 mb 3
[36m(PiperActor pid=841341)[0m 2026-02-20 01:26:39,565 - piper_actor - DEBUG - Forward 3 mb 3 on actor 1 returning [torch.Size([16, 256, 512])]
[36m(PiperActor pid=841341)[0m 2026-02-20 01:26:39,566 - piper_actor - DEBUG - Calling backward 3 mb 3 on actor 1
[36m(PiperActor pid=841341)[0m 2026-02-20 01:26:39,572 - piper_actor - DEBUG - Dispatch bwd p2p recv on 1 from 0, op: (2 -> 1, mb 2)
[36m(PiperActor pid=841341)[0m 2026-02-20 01:26:39,572 - piper_actor - DEBUG - Completed bwd p2p recv on 1 from 0, op: (2 -> 1, mb 2)
[36m(PiperActor pid=841341)[0m 2026-02-20 01:26:39,576 - piper_actor - DEBUG - Executed P2P(bwd_recv, stage 2 -> 1, mb 2) on actor 1
[36m(PiperActor pid=841341)[0m 2026-02-20 01:26:39,576 - piper_actor - DEBUG - Dispatch bwd p2p send on 1 to 0, op: (3 -> 2, mb 3)
[36m(PiperActor pid=841341)[0m 2026-02-20 01:26:39,577 - piper_actor - DEBUG - Completed bwd p2p send on 1 to 0, op: (3 -> 2, mb 3)
[36m(PiperActor pid=841341)[0m 2026-02-20 01:26:39,577 - piper_actor - DEBUG - Executed P2P(bwd_send, stage 3 -> 2, mb 3) on actor 1
[36m(PiperActor pid=841341)[0m 2026-02-20 01:26:39,578 - piper_actor - DEBUG - Calling backward 1 mb 2 on actor 1
[36m(PiperActor pid=841341)[0m 2026-02-20 01:26:39,578 - piper_actor - DEBUG - Dispatch bwd p2p recv on 1 from 0, op: (2 -> 1, mb 3)
[36m(PiperActor pid=841341)[0m 2026-02-20 01:26:39,578 - piper_actor - DEBUG - Completed bwd p2p recv on 1 from 0, op: (2 -> 1, mb 3)
[36m(PiperActor pid=841331)[0m 2026-02-20 01:26:39,542 - piper_actor - DEBUG - Calling backward 0 mb 0 on actor 0
[36m(PiperActor pid=841331)[0m 2026-02-20 01:26:39,542 - piper_actor - DEBUG - Dispatch bwd p2p recv on 0 from 1, op: (1 -> 0, mb 0)
[36m(PiperActor pid=841331)[0m 2026-02-20 01:26:39,542 - piper_actor - DEBUG - Completed bwd p2p recv on 0 from 1, op: (1 -> 0, mb 0)
[36m(PiperActor pid=841331)[0m 2026-02-20 01:26:39,547 - piper_actor - DEBUG - Executed P2P(bwd_recv, stage 1 -> 0, mb 0) on actor 0
[36m(PiperActor pid=841331)[0m 2026-02-20 01:26:39,548 - piper_actor - DEBUG - Calling forward 2 mb 3 on actor 0
[36m(PiperActor pid=841331)[0m 2026-02-20 01:26:39,548 - piper_actor - DEBUG - Dispatch fwd p2p recv on 0 from 1, op: (1 -> 2, mb 3)
[36m(PiperActor pid=841331)[0m 2026-02-20 01:26:39,548 - piper_actor - DEBUG - Completed fwd p2p recv on 0 from 1, op: (1 -> 2, mb 3)
[36m(PiperActor pid=841331)[0m 2026-02-20 01:26:39,548 - piper_actor - DEBUG - Executed P2P(fwd_recv, stage 1 -> 2, mb 3) on actor 0
[36m(PiperActor pid=841331)[0m 2026-02-20 01:26:39,549 - piper_actor - DEBUG - Saving input activation torch.Size([16, 256, 512]) for stage 2 mb 3
[36m(PiperActor pid=841331)[0m 2026-02-20 01:26:39,551 - piper_actor - DEBUG - Saving output activation torch.Size([16, 256, 512]) for stage 2 mb 3
[36m(PiperActor pid=841331)[0m 2026-02-20 01:26:39,551 - piper_actor - DEBUG - Dispatch fwd p2p send on 0 to 1, op: (2 -> 3, mb 3)
[36m(PiperActor pid=841331)[0m 2026-02-20 01:26:39,551 - piper_actor - DEBUG - Completed fwd p2p send on 0 to 1, op: (2 -> 3, mb 3)
[36m(PiperActor pid=841331)[0m 2026-02-20 01:26:39,551 - piper_actor - DEBUG - Executed P2P(fwd_send, stage 2 -> 3, mb 3) on actor 0
[36m(PiperActor pid=841331)[0m 2026-02-20 01:26:39,551 - piper_actor - DEBUG - Forward 2 mb 3 on actor 0 returning [torch.Size([16, 256, 512])]
[36m(PiperActor pid=841331)[0m 2026-02-20 01:26:39,552 - piper_actor - DEBUG - Calling backward 0 mb 1 on actor 0
[36m(PiperActor pid=841331)[0m 2026-02-20 01:26:39,552 - piper_actor - DEBUG - Dispatch bwd p2p recv on 0 from 1, op: (1 -> 0, mb 1)
[36m(PiperActor pid=841331)[0m 2026-02-20 01:26:39,553 - piper_actor - DEBUG - Completed bwd p2p recv on 0 from 1, op: (1 -> 0, mb 1)
[36m(PiperActor pid=841331)[0m 2026-02-20 01:26:39,557 - piper_actor - DEBUG - Executed P2P(bwd_recv, stage 1 -> 0, mb 1) on actor 0
[36m(PiperActor pid=841331)[0m 2026-02-20 01:26:39,558 - piper_actor - DEBUG - Calling backward 2 mb 2 on actor 0
[36m(PiperActor pid=841331)[0m 2026-02-20 01:26:39,558 - piper_actor - DEBUG - Dispatch bwd p2p recv on 0 from 1, op: (3 -> 2, mb 2)
[36m(PiperActor pid=841331)[0m 2026-02-20 01:26:39,558 - piper_actor - DEBUG - Completed bwd p2p recv on 0 from 1, op: (3 -> 2, mb 2)
[36m(PiperActor pid=841331)[0m 2026-02-20 01:26:39,562 - piper_actor - DEBUG - Executed P2P(bwd_recv, stage 3 -> 2, mb 2) on actor 0
[36m(PiperActor pid=841331)[0m 2026-02-20 01:26:39,562 - piper_actor - DEBUG - Dispatch bwd p2p send on 0 to 1, op: (2 -> 1, mb 2)
[36m(PiperActor pid=841331)[0m 2026-02-20 01:26:39,563 - piper_actor - DEBUG - Completed bwd p2p send on 0 to 1, op: (2 -> 1, mb 2)
[36m(PiperActor pid=841331)[0m 2026-02-20 01:26:39,563 - piper_actor - DEBUG - Executed P2P(bwd_send, stage 2 -> 1, mb 2) on actor 0
[36m(PiperActor pid=841331)[0m 2026-02-20 01:26:39,565 - piper_actor - DEBUG - Calling backward 2 mb 3 on actor 0
[36m(PiperActor pid=841331)[0m 2026-02-20 01:26:39,565 - piper_actor - DEBUG - Dispatch bwd p2p recv on 0 from 1, op: (3 -> 2, mb 3)
[36m(PiperActor pid=841331)[0m 2026-02-20 01:26:39,565 - piper_actor - DEBUG - Completed bwd p2p recv on 0 from 1, op: (3 -> 2, mb 3)
[36m(PiperActor pid=841331)[0m 2026-02-20 01:26:39,569 - piper_actor - DEBUG - Executed P2P(bwd_recv, stage 3 -> 2, mb 3) on actor 0
[36m(PiperActor pid=841331)[0m 2026-02-20 01:26:39,569 - piper_actor - DEBUG - Dispatch bwd p2p send on 0 to 1, op: (2 -> 1, mb 3)
[36m(PiperActor pid=841331)[0m 2026-02-20 01:26:39,569 - piper_actor - DEBUG - Completed bwd p2p send on 0 to 1, op: (2 -> 1, mb 3)
[36m(PiperActor pid=841331)[0m 2026-02-20 01:26:39,570 - piper_actor - DEBUG - Executed P2P(bwd_send, stage 2 -> 1, mb 3) on actor 0
[36m(PiperActor pid=841331)[0m 2026-02-20 01:26:39,577 - piper_actor - DEBUG - Calling backward 0 mb 2 on actor 0
[36m(PiperActor pid=841331)[0m 2026-02-20 01:26:39,577 - piper_actor - DEBUG - Dispatch bwd p2p recv on 0 from 1, op: (1 -> 0, mb 2)
[36m(PiperActor pid=841331)[0m 2026-02-20 01:26:39,578 - piper_actor - DEBUG - Completed bwd p2p recv on 0 from 1, op: (1 -> 0, mb 2)
[36m(PiperActor pid=841331)[0m 2026-02-20 01:26:39,582 - piper_actor - DEBUG - Executed P2P(bwd_recv, stage 1 -> 0, mb 2) on actor 0
[36m(run_dp_rank pid=841337)[0m rank 0 iter time= 0.11 ± 0.00 s (1 samples)
[36m(run_dp_rank pid=841337)[0m rank 0 throughput= 143871.38 tokens/sec (1 samples)
[36m(PiperActor pid=841341)[0m 2026-02-20 01:26:39,582 - piper_actor - DEBUG - Executed P2P(bwd_recv, stage 2 -> 1, mb 3) on actor 1
[36m(PiperActor pid=841341)[0m 2026-02-20 01:26:39,582 - piper_actor - DEBUG - Dispatch bwd p2p send on 1 to 0, op: (1 -> 0, mb 2)
[36m(PiperActor pid=841341)[0m 2026-02-20 01:26:39,582 - piper_actor - DEBUG - Completed bwd p2p send on 1 to 0, op: (1 -> 0, mb 2)
[36m(PiperActor pid=841341)[0m 2026-02-20 01:26:39,582 - piper_actor - DEBUG - Executed P2P(bwd_send, stage 1 -> 0, mb 2) on actor 1
[36m(PiperActor pid=841341)[0m 2026-02-20 01:26:39,584 - piper_actor - DEBUG - Calling backward 1 mb 3 on actor 1
[36m(PiperActor pid=841341)[0m 2026-02-20 01:26:39,584 - piper_actor - DEBUG - Dispatch bwd p2p send on 1 to 0, op: (1 -> 0, mb 3)
[36m(PiperActor pid=841341)[0m 2026-02-20 01:26:39,584 - piper_actor - DEBUG - Completed bwd p2p send on 1 to 0, op: (1 -> 0, mb 3)
[36m(PiperActor pid=841341)[0m 2026-02-20 01:26:39,584 - piper_actor - DEBUG - Executed P2P(bwd_send, stage 1 -> 0, mb 3) on actor 1
[36m(PiperActor pid=841341)[0m 2026-02-20 01:26:39,584 - piper_actor - DEBUG - Actor 1 waiting for backward sync events
[36m(PiperActor pid=841341)[0m 2026-02-20 01:26:39,584 - piper_actor - DEBUG - Actor 1 waiting for p2p ops
[36m(PiperActor pid=841331)[0m 2026-02-20 01:26:39,585 - piper_actor - DEBUG - Calling backward 0 mb 3 on actor 0
[36m(PiperActor pid=841331)[0m 2026-02-20 01:26:39,585 - piper_actor - DEBUG - Dispatch bwd p2p recv on 0 from 1, op: (1 -> 0, mb 3)
[36m(PiperActor pid=841331)[0m 2026-02-20 01:26:39,585 - piper_actor - DEBUG - Completed bwd p2p recv on 0 from 1, op: (1 -> 0, mb 3)
[36m(PiperActor pid=841331)[0m 2026-02-20 01:26:39,589 - piper_actor - DEBUG - Executed P2P(bwd_recv, stage 1 -> 0, mb 3) on actor 0
[36m(PiperActor pid=841331)[0m 2026-02-20 01:26:39,591 - piper_actor - DEBUG - Actor 0 waiting for backward sync events
[36m(PiperActor pid=841331)[0m 2026-02-20 01:26:39,591 - piper_actor - DEBUG - Actor 0 waiting for p2p ops
[36m(run_dp_rank pid=841337)[0m Ray timeline saved to: out/debug-pp2-dp1-interleaved-1f1b.json
[36m(PiperActor pid=841341)[0m [rank1]:[W220 01:26:41.664394923 ProcessGroupNCCL.cpp:1553] Warning: WARNING: destroy_process_group() was not called before program exit, which can leak resources. For more info, please see https://pytorch.org/docs/stable/distributed.html#shutdown (function operator())
[36m(PiperActor pid=841331)[0m [rank0]:[W220 01:26:41.685941314 ProcessGroupNCCL.cpp:1553] Warning: WARNING: destroy_process_group() was not called before program exit, which can leak resources. For more info, please see https://pytorch.org/docs/stable/distributed.html#shutdown (function operator())
