2026-03-09 22:15:57,332	INFO worker.py:2007 -- Started a local Ray instance.
/m-coriander/coriander/wxdeng/conda-envs/piper_ref/lib/python3.10/site-packages/ray/_private/worker.py:2046: FutureWarning: Tip: In future versions of Ray, Ray will no longer override accelerator visible devices env var if num_gpus=0 or num_gpus=None (default). To enable this behavior and turn off this error message, set RAY_ACCEL_ENV_VAR_OVERRIDE_ON_ZERO=0
  warnings.warn(
[33m(raylet)[0m [2026-03-09 22:16:07,283 E 2364901 2364933] (raylet) file_system_monitor.cc:116: /tmp/ray/ray/session_2026-03-09_22-15-51_811478_2363616 is over 95% full, available space: 1.37809 GB; capacity: 69.9375 GB. Object creation will fail if spilling is required.
[36m(run_dp_rank pid=2365049)[0m Namespace(model='3b', schedule='interleaved-1f1b', dp=1, pp=2, batch_size=16, mbs=4, seq_len=256, warmup=5, iters=10, tracing=False, naive_gradient_sync=False)
[33m(raylet)[0m [2026-03-09 22:16:17,296 E 2364901 2364933] (raylet) file_system_monitor.cc:116: /tmp/ray/ray/session_2026-03-09_22-15-51_811478_2363616 is over 95% full, available space: 1.37801 GB; capacity: 69.9375 GB. Object creation will fail if spilling is required.
[33m(raylet)[0m [2026-03-09 22:16:27,314 E 2364901 2364933] (raylet) file_system_monitor.cc:116: /tmp/ray/ray/session_2026-03-09_22-15-51_811478_2363616 is over 95% full, available space: 1.37799 GB; capacity: 69.9375 GB. Object creation will fail if spilling is required.
[33m(raylet)[0m [2026-03-09 22:16:37,328 E 2364901 2364933] (raylet) file_system_monitor.cc:116: /tmp/ray/ray/session_2026-03-09_22-15-51_811478_2363616 is over 95% full, available space: 1.3825 GB; capacity: 69.9375 GB. Object creation will fail if spilling is required.
[36m(run_dp_rank pid=2365049)[0m Schedule:
[36m(run_dp_rank pid=2365049)[0m 0:0:f    	0:1:f    	2:0:f    	2:1:f    	0:2:f    	0:3:f    	2:0:b    	 ------ 	2:1:b    	2:2:f    	0:0:b    	2:3:f    	0:1:b    	 ------ 	2:2:b    	2:3:b    	0:2:b    	0:3:b    	   u        	
[36m(run_dp_rank pid=2365049)[0m  ------ 	1:0:f    	1:1:f    	3:0:f    	3:0:b    	3:1:f    	3:1:b    	1:2:f    	1:0:b    	1:3:f    	1:1:b    	3:2:f    	3:2:b    	3:3:f    	3:3:b    	1:2:b    	1:3:b    	   u        	 ------ 	
[36m(PiperActor pid=2365050)[0m 2026-03-09 22:16:41,385 - piper_actor - INFO - Initializing Ray actor 1 GPU 2
[36m(PiperActor pid=2365174)[0m 2026-03-09 22:16:41,338 - piper_actor - INFO - Initializing Ray actor 0 GPU 1
[33m(raylet)[0m [2026-03-09 22:16:47,341 E 2364901 2364933] (raylet) file_system_monitor.cc:116: /tmp/ray/ray/session_2026-03-09_22-15-51_811478_2363616 is over 95% full, available space: 1.38306 GB; capacity: 69.9375 GB. Object creation will fail if spilling is required.
[36m(run_dp_rank pid=2365049)[0m 2026-03-09 22:16:48,735 - piper_compile - INFO - DP rank 1 compiling...
[36m(run_dp_rank pid=2365049)[0m Stage 0 time measured on controller: 139.19 ms
[33m(raylet)[0m [2026-03-09 22:16:57,355 E 2364901 2364933] (raylet) file_system_monitor.cc:116: /tmp/ray/ray/session_2026-03-09_22-15-51_811478_2363616 is over 95% full, available space: 1.38297 GB; capacity: 69.9375 GB. Object creation will fail if spilling is required.
[36m(run_dp_rank pid=2365049)[0m Stage 1 time measured on controller: 139.14 ms
[33m(raylet)[0m [2026-03-09 22:17:07,369 E 2364901 2364933] (raylet) file_system_monitor.cc:116: /tmp/ray/ray/session_2026-03-09_22-15-51_811478_2363616 is over 95% full, available space: 1.38195 GB; capacity: 69.9375 GB. Object creation will fail if spilling is required.
[36m(run_dp_rank pid=2365049)[0m Stage 2 time measured on controller: 139.15 ms
[36m(run_dp_rank pid=2365049)[0m Stage 3 time measured on controller: 130.42 ms
[33m(raylet)[0m [2026-03-09 22:17:17,383 E 2364901 2364933] (raylet) file_system_monitor.cc:116: /tmp/ray/ray/session_2026-03-09_22-15-51_811478_2363616 is over 95% full, available space: 1.38193 GB; capacity: 69.9375 GB. Object creation will fail if spilling is required.
[36m(run_dp_rank pid=2365049)[0m 2026-03-09 22:17:19,917 - piper_backend - WARNING - Should not directly call compiled module, running non-distributed execution
[36m(run_dp_rank pid=2365049)[0m 2026-03-09 22:17:19,917 - piper_compile - INFO - DP rank 1 done.
[36m(run_dp_rank pid=2365049)[0m Running 5 warmup iterations...
[36m(PiperActor pid=2365050)[0m [rank1]:[W309 22:17:20.770861762 ProcessGroupNCCL.cpp:4068] Warning: An unbatched P2P op (send/recv) was called on this ProcessGroup with size 2.  In lazy initialization mode, this will result in a new 2-rank NCCL communicator to be created. (function operator())
[36m(PiperActor pid=2365174)[0m [rank0]:[W309 22:17:20.124236172 ProcessGroupNCCL.cpp:4068] Warning: An unbatched P2P op (send/recv) was called on this ProcessGroup with size 2.  In lazy initialization mode, this will result in a new 2-rank NCCL communicator to be created. (function operator())
[36m(PiperActor pid=2365174)[0m [rank0]:[W309 22:17:22.588708537 ProcessGroupNCCL.cpp:4068] Warning: An unbatched P2P op (send/recv) was called on this ProcessGroup with size 2.  In lazy initialization mode, this will result in a new 2-rank NCCL communicator to be created. (function operator())
[36m(PiperActor pid=2365050)[0m [rank1]:[W309 22:17:22.736897600 ProcessGroupNCCL.cpp:4068] Warning: An unbatched P2P op (send/recv) was called on this ProcessGroup with size 2.  In lazy initialization mode, this will result in a new 2-rank NCCL communicator to be created. (function operator())
[36m(run_dp_rank pid=2365049)[0m Warmup 0 completed
[33m(raylet)[0m [2026-03-09 22:17:27,397 E 2364901 2364933] (raylet) file_system_monitor.cc:116: /tmp/ray/ray/session_2026-03-09_22-15-51_811478_2363616 is over 95% full, available space: 1.38194 GB; capacity: 69.9375 GB. Object creation will fail if spilling is required.
[36m(run_dp_rank pid=2365049)[0m Warmup 1 completed
[36m(run_dp_rank pid=2365049)[0m Warmup 2 completed
[33m(raylet)[0m [2026-03-09 22:17:37,412 E 2364901 2364933] (raylet) file_system_monitor.cc:116: /tmp/ray/ray/session_2026-03-09_22-15-51_811478_2363616 is over 95% full, available space: 1.38194 GB; capacity: 69.9375 GB. Object creation will fail if spilling is required.
[36m(run_dp_rank pid=2365049)[0m Warmup 3 completed
[36m(run_dp_rank pid=2365049)[0m Warmup 4 completed
[36m(run_dp_rank pid=2365049)[0m Running 10 timed iterations...
[33m(raylet)[0m [2026-03-09 22:17:47,426 E 2364901 2364933] (raylet) file_system_monitor.cc:116: /tmp/ray/ray/session_2026-03-09_22-15-51_811478_2363616 is over 95% full, available space: 1.38193 GB; capacity: 69.9375 GB. Object creation will fail if spilling is required.
[33m(raylet)[0m [2026-03-09 22:17:57,440 E 2364901 2364933] (raylet) file_system_monitor.cc:116: /tmp/ray/ray/session_2026-03-09_22-15-51_811478_2363616 is over 95% full, available space: 1.38187 GB; capacity: 69.9375 GB. Object creation will fail if spilling is required.
[33m(raylet)[0m [2026-03-09 22:18:07,453 E 2364901 2364933] (raylet) file_system_monitor.cc:116: /tmp/ray/ray/session_2026-03-09_22-15-51_811478_2363616 is over 95% full, available space: 1.37994 GB; capacity: 69.9375 GB. Object creation will fail if spilling is required.
[33m(raylet)[0m [2026-03-09 22:18:17,467 E 2364901 2364933] (raylet) file_system_monitor.cc:116: /tmp/ray/ray/session_2026-03-09_22-15-51_811478_2363616 is over 95% full, available space: 1.37994 GB; capacity: 69.9375 GB. Object creation will fail if spilling is required.
[36m(run_dp_rank pid=2365049)[0m rank 0 iter time= 4.058 ± 0.004 s (10 samples)
[36m(run_dp_rank pid=2365049)[0m rank 0 throughput= 4036.986 tokens/sec (10 samples)
[36m(run_dp_rank pid=2365049)[0m Ray timeline saved to: out/3b-pp2-dp1-interleaved-1f1b.json
[33m(raylet)[0m [2026-03-09 22:18:27,480 E 2364901 2364933] (raylet) file_system_monitor.cc:116: /tmp/ray/ray/session_2026-03-09_22-15-51_811478_2363616 is over 95% full, available space: 1.37991 GB; capacity: 69.9375 GB. Object creation will fail if spilling is required.
