2026-03-09 22:04:05,239	INFO worker.py:2007 -- Started a local Ray instance.
/m-coriander/coriander/wxdeng/conda-envs/piper_ref/lib/python3.10/site-packages/ray/_private/worker.py:2046: FutureWarning: Tip: In future versions of Ray, Ray will no longer override accelerator visible devices env var if num_gpus=0 or num_gpus=None (default). To enable this behavior and turn off this error message, set RAY_ACCEL_ENV_VAR_OVERRIDE_ON_ZERO=0
  warnings.warn(
[33m(raylet)[0m [2026-03-09 22:04:15,210 E 2199192 2199240] (raylet) file_system_monitor.cc:116: /tmp/ray/ray/session_2026-03-09_22-03-59_335754_2198288 is over 95% full, available space: 1.39113 GB; capacity: 69.9375 GB. Object creation will fail if spilling is required.
[36m(run_dp_rank pid=2199411)[0m Namespace(model='3b', schedule='interleaved-1f1b', dp=1, pp=2, batch_size=16, mbs=4, seq_len=256, warmup=5, iters=10, tracing=False, naive_gradient_sync=False, zero_stage=0)
[33m(raylet)[0m [2026-03-09 22:04:25,223 E 2199192 2199240] (raylet) file_system_monitor.cc:116: /tmp/ray/ray/session_2026-03-09_22-03-59_335754_2198288 is over 95% full, available space: 1.3912 GB; capacity: 69.9375 GB. Object creation will fail if spilling is required.
[33m(raylet)[0m [2026-03-09 22:04:35,236 E 2199192 2199240] (raylet) file_system_monitor.cc:116: /tmp/ray/ray/session_2026-03-09_22-03-59_335754_2198288 is over 95% full, available space: 1.39117 GB; capacity: 69.9375 GB. Object creation will fail if spilling is required.
[33m(raylet)[0m [2026-03-09 22:04:45,248 E 2199192 2199240] (raylet) file_system_monitor.cc:116: /tmp/ray/ray/session_2026-03-09_22-03-59_335754_2198288 is over 95% full, available space: 1.39119 GB; capacity: 69.9375 GB. Object creation will fail if spilling is required.
[36m(run_dp_rank pid=2199411)[0m Schedule:
[36m(run_dp_rank pid=2199411)[0m 0:0:f    	0:1:f    	2:0:f    	2:1:f    	0:2:f    	0:3:f    	2:0:b    	 ------ 	2:1:b    	2:2:f    	0:0:b    	2:3:f    	0:1:b    	 ------ 	2:2:b    	2:3:b    	0:2:b    	0:3:b    	   u        	
[36m(run_dp_rank pid=2199411)[0m  ------ 	1:0:f    	1:1:f    	3:0:f    	3:0:b    	3:1:f    	3:1:b    	1:2:f    	1:0:b    	1:3:f    	1:1:b    	3:2:f    	3:2:b    	3:3:f    	3:3:b    	1:2:b    	1:3:b    	   u        	 ------ 	
[33m(raylet)[0m [2026-03-09 22:04:55,261 E 2199192 2199240] (raylet) file_system_monitor.cc:116: /tmp/ray/ray/session_2026-03-09_22-03-59_335754_2198288 is over 95% full, available space: 1.3911 GB; capacity: 69.9375 GB. Object creation will fail if spilling is required.
[36m(PiperActor pid=2199505)[0m 2026-03-09 22:04:57,202 - piper_actor - INFO - Initializing Ray actor 1 GPU 2
[36m(PiperActor pid=2199385)[0m 2026-03-09 22:04:57,312 - piper_actor - INFO - Initializing Ray actor 0 GPU 1
[33m(raylet)[0m [2026-03-09 22:05:05,273 E 2199192 2199240] (raylet) file_system_monitor.cc:116: /tmp/ray/ray/session_2026-03-09_22-03-59_335754_2198288 is over 95% full, available space: 1.39103 GB; capacity: 69.9375 GB. Object creation will fail if spilling is required.
[36m(run_dp_rank pid=2199411)[0m 2026-03-09 22:05:10,435 - piper_compile - INFO - DP rank 1 compiling...
[33m(raylet)[0m [2026-03-09 22:05:15,286 E 2199192 2199240] (raylet) file_system_monitor.cc:116: /tmp/ray/ray/session_2026-03-09_22-03-59_335754_2198288 is over 95% full, available space: 1.39008 GB; capacity: 69.9375 GB. Object creation will fail if spilling is required.
[36m(run_dp_rank pid=2199411)[0m Stage 0 time measured on controller: 139.18 ms
[33m(raylet)[0m [2026-03-09 22:05:25,303 E 2199192 2199240] (raylet) file_system_monitor.cc:116: /tmp/ray/ray/session_2026-03-09_22-03-59_335754_2198288 is over 95% full, available space: 1.39006 GB; capacity: 69.9375 GB. Object creation will fail if spilling is required.
[33m(raylet)[0m [2026-03-09 22:05:35,317 E 2199192 2199240] (raylet) file_system_monitor.cc:116: /tmp/ray/ray/session_2026-03-09_22-03-59_335754_2198288 is over 95% full, available space: 1.39005 GB; capacity: 69.9375 GB. Object creation will fail if spilling is required.
[36m(run_dp_rank pid=2199411)[0m Stage 1 time measured on controller: 139.23 ms
[33m(raylet)[0m [2026-03-09 22:05:45,352 E 2199192 2199240] (raylet) file_system_monitor.cc:116: /tmp/ray/ray/session_2026-03-09_22-03-59_335754_2198288 is over 95% full, available space: 1.39004 GB; capacity: 69.9375 GB. Object creation will fail if spilling is required.
[36m(run_dp_rank pid=2199411)[0m Stage 2 time measured on controller: 139.14 ms
[33m(raylet)[0m [2026-03-09 22:05:55,365 E 2199192 2199240] (raylet) file_system_monitor.cc:116: /tmp/ray/ray/session_2026-03-09_22-03-59_335754_2198288 is over 95% full, available space: 1.39005 GB; capacity: 69.9375 GB. Object creation will fail if spilling is required.
[36m(run_dp_rank pid=2199411)[0m Stage 3 time measured on controller: 130.44 ms
[33m(raylet)[0m [2026-03-09 22:06:05,381 E 2199192 2199240] (raylet) file_system_monitor.cc:116: /tmp/ray/ray/session_2026-03-09_22-03-59_335754_2198288 is over 95% full, available space: 1.39001 GB; capacity: 69.9375 GB. Object creation will fail if spilling is required.
[36m(run_dp_rank pid=2199411)[0m 2026-03-09 22:06:11,892 - piper_backend - WARNING - Should not directly call compiled module, running non-distributed execution
[36m(run_dp_rank pid=2199411)[0m 2026-03-09 22:06:11,892 - piper_compile - INFO - DP rank 1 done.
[36m(run_dp_rank pid=2199411)[0m Running 5 warmup iterations...
[36m(PiperActor pid=2199505)[0m [rank1]:[W309 22:06:12.849148849 ProcessGroupNCCL.cpp:4068] Warning: An unbatched P2P op (send/recv) was called on this ProcessGroup with size 2.  In lazy initialization mode, this will result in a new 2-rank NCCL communicator to be created. (function operator())
[36m(PiperActor pid=2199385)[0m [rank0]:[W309 22:06:12.238779712 ProcessGroupNCCL.cpp:4068] Warning: An unbatched P2P op (send/recv) was called on this ProcessGroup with size 2.  In lazy initialization mode, this will result in a new 2-rank NCCL communicator to be created. (function operator())
[36m(PiperActor pid=2199385)[0m [rank0]:[W309 22:06:14.032574556 ProcessGroupNCCL.cpp:4068] Warning: An unbatched P2P op (send/recv) was called on this ProcessGroup with size 2.  In lazy initialization mode, this will result in a new 2-rank NCCL communicator to be created. (function operator())
[36m(PiperActor pid=2199505)[0m [rank1]:[W309 22:06:14.450212103 ProcessGroupNCCL.cpp:4068] Warning: An unbatched P2P op (send/recv) was called on this ProcessGroup with size 2.  In lazy initialization mode, this will result in a new 2-rank NCCL communicator to be created. (function operator())
[33m(raylet)[0m [2026-03-09 22:06:15,403 E 2199192 2199240] (raylet) file_system_monitor.cc:116: /tmp/ray/ray/session_2026-03-09_22-03-59_335754_2198288 is over 95% full, available space: 1.38807 GB; capacity: 69.9375 GB. Object creation will fail if spilling is required.
[36m(run_dp_rank pid=2199411)[0m Warmup 0 completed
[36m(run_dp_rank pid=2199411)[0m Warmup 1 completed
[33m(raylet)[0m [2026-03-09 22:06:25,422 E 2199192 2199240] (raylet) file_system_monitor.cc:116: /tmp/ray/ray/session_2026-03-09_22-03-59_335754_2198288 is over 95% full, available space: 1.38807 GB; capacity: 69.9375 GB. Object creation will fail if spilling is required.
[36m(run_dp_rank pid=2199411)[0m Warmup 2 completed
[36m(run_dp_rank pid=2199411)[0m Warmup 3 completed
[33m(raylet)[0m [2026-03-09 22:06:35,435 E 2199192 2199240] (raylet) file_system_monitor.cc:116: /tmp/ray/ray/session_2026-03-09_22-03-59_335754_2198288 is over 95% full, available space: 1.38807 GB; capacity: 69.9375 GB. Object creation will fail if spilling is required.
[36m(run_dp_rank pid=2199411)[0m Warmup 4 completed
[36m(run_dp_rank pid=2199411)[0m Running 10 timed iterations...
[33m(raylet)[0m [2026-03-09 22:06:45,449 E 2199192 2199240] (raylet) file_system_monitor.cc:116: /tmp/ray/ray/session_2026-03-09_22-03-59_335754_2198288 is over 95% full, available space: 1.38803 GB; capacity: 69.9375 GB. Object creation will fail if spilling is required.
[33m(raylet)[0m [2026-03-09 22:06:55,462 E 2199192 2199240] (raylet) file_system_monitor.cc:116: /tmp/ray/ray/session_2026-03-09_22-03-59_335754_2198288 is over 95% full, available space: 1.38803 GB; capacity: 69.9375 GB. Object creation will fail if spilling is required.
[33m(raylet)[0m [2026-03-09 22:07:05,475 E 2199192 2199240] (raylet) file_system_monitor.cc:116: /tmp/ray/ray/session_2026-03-09_22-03-59_335754_2198288 is over 95% full, available space: 1.38792 GB; capacity: 69.9375 GB. Object creation will fail if spilling is required.
[33m(raylet)[0m [2026-03-09 22:07:15,489 E 2199192 2199240] (raylet) file_system_monitor.cc:116: /tmp/ray/ray/session_2026-03-09_22-03-59_335754_2198288 is over 95% full, available space: 1.38627 GB; capacity: 69.9375 GB. Object creation will fail if spilling is required.
[36m(run_dp_rank pid=2199411)[0m rank 0 iter time= 4.137 ± 0.176 s (10 samples)
[36m(run_dp_rank pid=2199411)[0m rank 0 throughput= 3959.889 tokens/sec (10 samples)
[36m(run_dp_rank pid=2199411)[0m Ray timeline saved to: out/3b-pp2-dp1-interleaved-1f1b.json
