2026-03-11 17:33:22,766	INFO worker.py:2007 -- Started a local Ray instance.
/m-coriander/coriander/wxdeng/conda-envs/piper_ref/lib/python3.10/site-packages/ray/_private/worker.py:2046: FutureWarning: Tip: In future versions of Ray, Ray will no longer override accelerator visible devices env var if num_gpus=0 or num_gpus=None (default). To enable this behavior and turn off this error message, set RAY_ACCEL_ENV_VAR_OVERRIDE_ON_ZERO=0
  warnings.warn(
[36m(run_dp_rank pid=4034041)[0m Namespace(model='debug', schedule='interleaved-1f1b', dp=2, pp=2, batch_size=16, mbs=4, seq_len=256, warmup=5, iters=10, tracing=False, naive_gradient_sync=False, zero_stage=1)
[36m(run_dp_rank pid=4034042)[0m Namespace(model='debug', schedule='interleaved-1f1b', dp=2, pp=2, batch_size=16, mbs=4, seq_len=256, warmup=5, iters=10, tracing=False, naive_gradient_sync=False, zero_stage=1)
[36m(run_dp_rank pid=4034042)[0m Schedule:
[36m(run_dp_rank pid=4034042)[0m 0:0:f    	0:1:f    	2:0:f    	2:1:f    	0:2:f    	0:3:f    	2:0:b    	 ------ 	2:1:b    	2:2:f    	0:0:b    	2:3:f    	0:1:b    	 ------ 	2:2:b    	2:3:b    	0:2:b    	0:3:b    	   u        	
[36m(run_dp_rank pid=4034042)[0m  ------ 	1:0:f    	1:1:f    	3:0:f    	3:0:b    	3:1:f    	3:1:b    	1:2:f    	1:0:b    	1:3:f    	1:1:b    	3:2:f    	3:2:b    	3:3:f    	3:3:b    	1:2:b    	1:3:b    	   u        	 ------ 	
[36m(run_dp_rank pid=4034041)[0m Schedule:
[36m(run_dp_rank pid=4034041)[0m 0:0:f    	0:1:f    	2:0:f    	2:1:f    	0:2:f    	0:3:f    	2:0:b    	 ------ 	2:1:b    	2:2:f    	0:0:b    	2:3:f    	0:1:b    	 ------ 	2:2:b    	2:3:b    	0:2:b    	0:3:b    	   u        	
[36m(run_dp_rank pid=4034041)[0m  ------ 	1:0:f    	1:1:f    	3:0:f    	3:0:b    	3:1:f    	3:1:b    	1:2:f    	1:0:b    	1:3:f    	1:1:b    	3:2:f    	3:2:b    	3:3:f    	3:3:b    	1:2:b    	1:3:b    	   u        	 ------ 	
[36m(PiperActor pid=4034029)[0m 2026-03-11 17:33:48,959 - piper_actor - INFO - Initializing Ray actor 2 GPU 2
[36m(PiperActor pid=4034032)[0m 2026-03-11 17:33:49,004 - piper_actor - INFO - Initializing Ray actor 0 GPU 1
[36m(PiperActor pid=4034044)[0m 2026-03-11 17:33:48,998 - piper_actor - INFO - Initializing Ray actor 1 GPU 4
[36m(PiperActor pid=4034038)[0m 2026-03-11 17:33:49,038 - piper_actor - INFO - Initializing Ray actor 3 GPU 3
[36m(run_dp_rank pid=4034042)[0m 2026-03-11 17:33:53,980 - piper_compile - INFO - DP rank 2 compiling...
[36m(run_dp_rank pid=4034041)[0m 2026-03-11 17:33:54,098 - piper_compile - INFO - DP rank 1 compiling...
[36m(run_dp_rank pid=4034042)[0m Stage 0 time measured on controller: 5.30 ms
[36m(run_dp_rank pid=4034041)[0m Stage 0 time measured on controller: 5.79 ms
[36m(run_dp_rank pid=4034042)[0m Stage 1 time measured on controller: 4.97 ms
[36m(run_dp_rank pid=4034041)[0m Stage 1 time measured on controller: 5.04 ms
[36m(run_dp_rank pid=4034042)[0m Stage 2 time measured on controller: 5.24 ms
[36m(run_dp_rank pid=4034041)[0m Stage 2 time measured on controller: 3.91 ms
[36m(run_dp_rank pid=4034041)[0m Stage 3 time measured on controller: 0.09 ms
[36m(run_dp_rank pid=4034042)[0m Stage 3 time measured on controller: 0.21 ms
[36m(run_dp_rank pid=4034042)[0m 2026-03-11 17:33:58,667 - piper_backend - WARNING - Should not directly call compiled module, running non-distributed execution
[36m(run_dp_rank pid=4034042)[0m 2026-03-11 17:33:58,667 - piper_compile - INFO - DP rank 2 done.
[36m(run_dp_rank pid=4034041)[0m 2026-03-11 17:33:58,686 - piper_backend - WARNING - Should not directly call compiled module, running non-distributed execution
[36m(run_dp_rank pid=4034041)[0m 2026-03-11 17:33:58,686 - piper_compile - INFO - DP rank 1 done.
[36m(run_dp_rank pid=4034042)[0m Running 5 warmup iterations...
[36m(run_dp_rank pid=4034041)[0m Running 5 warmup iterations...
[36m(PiperActor pid=4034038)[0m [rank3]:[W311 17:33:58.492119629 ProcessGroupNCCL.cpp:4068] Warning: An unbatched P2P op (send/recv) was called on this ProcessGroup with size 2.  In lazy initialization mode, this will result in a new 2-rank NCCL communicator to be created. (function operator())
[36m(PiperActor pid=4034044)[0m [rank1]:[W311 17:33:58.504022547 ProcessGroupNCCL.cpp:4068] Warning: An unbatched P2P op (send/recv) was called on this ProcessGroup with size 2.  In lazy initialization mode, this will result in a new 2-rank NCCL communicator to be created. (function operator())
[36m(PiperActor pid=4034029)[0m [rank2]:[W311 17:33:59.876989456 ProcessGroupNCCL.cpp:4068] Warning: An unbatched P2P op (send/recv) was called on this ProcessGroup with size 2.  In lazy initialization mode, this will result in a new 2-rank NCCL communicator to be created. (function operator())
[36m(PiperActor pid=4034032)[0m [rank0]:[W311 17:33:59.882813165 ProcessGroupNCCL.cpp:4068] Warning: An unbatched P2P op (send/recv) was called on this ProcessGroup with size 2.  In lazy initialization mode, this will result in a new 2-rank NCCL communicator to be created. (function operator())
[36m(PiperActor pid=4034029)[0m [rank2]:[W311 17:34:03.718212031 ProcessGroupNCCL.cpp:4068] Warning: An unbatched P2P op (send/recv) was called on this ProcessGroup with size 2.  In lazy initialization mode, this will result in a new 2-rank NCCL communicator to be created. (function operator())
[36m(PiperActor pid=4034038)[0m [rank3]:[W311 17:34:03.017809408 ProcessGroupNCCL.cpp:4068] Warning: An unbatched P2P op (send/recv) was called on this ProcessGroup with size 2.  In lazy initialization mode, this will result in a new 2-rank NCCL communicator to be created. (function operator())
[36m(PiperActor pid=4034032)[0m [rank0]:[W311 17:34:05.838320263 ProcessGroupNCCL.cpp:4068] Warning: An unbatched P2P op (send/recv) was called on this ProcessGroup with size 2.  In lazy initialization mode, this will result in a new 2-rank NCCL communicator to be created. (function operator())
[36m(PiperActor pid=4034029)[0m /m-coriander/coriander/wxdeng/conda-envs/piper_ref/lib/python3.10/site-packages/torch/autograd/graph.py:865: UserWarning: Attempting to run cuBLAS, but there was no current CUDA context! Attempting to set the primary context... (Triggered internally at /pytorch/aten/src/ATen/cuda/CublasHandlePool.cpp:330.)
[36m(PiperActor pid=4034029)[0m   return Variable._execution_engine.run_backward(  # Calls into the C++ engine to run the backward pass
[36m(PiperActor pid=4034044)[0m [rank1]:[W311 17:34:05.134825782 ProcessGroupNCCL.cpp:4068] Warning: An unbatched P2P op (send/recv) was called on this ProcessGroup with size 2.  In lazy initialization mode, this will result in a new 2-rank NCCL communicator to be created. (function operator())
[36m(PiperActor pid=4034032)[0m /m-coriander/coriander/wxdeng/conda-envs/piper_ref/lib/python3.10/site-packages/torch/autograd/graph.py:865: UserWarning: Attempting to run cuBLAS, but there was no current CUDA context! Attempting to set the primary context... (Triggered internally at /pytorch/aten/src/ATen/cuda/CublasHandlePool.cpp:330.)
[36m(PiperActor pid=4034032)[0m   return Variable._execution_engine.run_backward(  # Calls into the C++ engine to run the backward pass
[36m(run_dp_rank pid=4034042)[0m Warmup 0 completed
[36m(run_dp_rank pid=4034041)[0m Warmup 0 completed
[36m(run_dp_rank pid=4034042)[0m Warmup 1 completed
[36m(run_dp_rank pid=4034041)[0m Warmup 1 completed
[36m(run_dp_rank pid=4034042)[0m Warmup 2 completed
[36m(run_dp_rank pid=4034041)[0m Warmup 2 completed
[36m(run_dp_rank pid=4034042)[0m Warmup 3 completed
[36m(run_dp_rank pid=4034041)[0m Warmup 3 completed
[36m(run_dp_rank pid=4034042)[0m Warmup 4 completed
[36m(run_dp_rank pid=4034042)[0m Running 10 timed iterations...
[36m(run_dp_rank pid=4034041)[0m Warmup 4 completed
[36m(run_dp_rank pid=4034041)[0m Running 10 timed iterations...
[36m(run_dp_rank pid=4034042)[0m rank 1 iter time= 0.158 ± 0.005 s (10 samples)
[36m(run_dp_rank pid=4034042)[0m rank 1 throughput= 103772.089 tokens/sec (10 samples)
[36m(run_dp_rank pid=4034041)[0m rank 0 iter time= 0.158 ± 0.005 s (10 samples)
[36m(run_dp_rank pid=4034041)[0m rank 0 throughput= 103752.690 tokens/sec (10 samples)
[36m(run_dp_rank pid=4034042)[0m Ray timeline saved to: out/debug-pp2-dp2-interleaved-1f1b.json
[36m(run_dp_rank pid=4034041)[0m Ray timeline saved to: out/debug-pp2-dp2-interleaved-1f1b.json
