2026-03-09 14:57:25,301	INFO worker.py:2007 -- Started a local Ray instance.
/m-coriander/coriander/wxdeng/conda-envs/piper_ref/lib/python3.10/site-packages/ray/_private/worker.py:2046: FutureWarning: Tip: In future versions of Ray, Ray will no longer override accelerator visible devices env var if num_gpus=0 or num_gpus=None (default). To enable this behavior and turn off this error message, set RAY_ACCEL_ENV_VAR_OVERRIDE_ON_ZERO=0
  warnings.warn(
[33m(raylet)[0m [2026-03-09 14:57:34,292 E 2687383 2687424] (raylet) file_system_monitor.cc:116: /tmp/ray/ray/session_2026-03-09_14-57-18_705671_2685485 is over 95% full, available space: 1.66463 GB; capacity: 69.9375 GB. Object creation will fail if spilling is required.
[36m(run_dp_rank pid=2687594)[0m Namespace(model='debug', schedule='interleaved-1f1b', dp=1, pp=2, batch_size=16, mbs=4, seq_len=256, warmup=5, iters=10, tracing=False, naive_gradient_sync=False, zero_stage=1)
[36m(run_dp_rank pid=2687594)[0m Schedule:
[36m(run_dp_rank pid=2687594)[0m 0:0:f    	0:1:f    	2:0:f    	2:1:f    	0:2:f    	0:3:f    	2:0:b    	 ------ 	2:1:b    	2:2:f    	0:0:b    	2:3:f    	0:1:b    	 ------ 	2:2:b    	2:3:b    	0:2:b    	0:3:b    	   u        	
[36m(run_dp_rank pid=2687594)[0m  ------ 	1:0:f    	1:1:f    	3:0:f    	3:0:b    	3:1:f    	3:1:b    	1:2:f    	1:0:b    	1:3:f    	1:1:b    	3:2:f    	3:2:b    	3:3:f    	3:3:b    	1:2:b    	1:3:b    	   u        	 ------ 	
[36m(PiperActor pid=2687577)[0m 2026-03-09 14:57:43,760 - piper_actor - INFO - Initializing Ray actor 1 GPU 2
[36m(PiperActor pid=2687579)[0m 2026-03-09 14:57:43,832 - piper_actor - INFO - Initializing Ray actor 0 GPU 1
[33m(raylet)[0m [2026-03-09 14:57:44,307 E 2687383 2687424] (raylet) file_system_monitor.cc:116: /tmp/ray/ray/session_2026-03-09_14-57-18_705671_2685485 is over 95% full, available space: 1.66446 GB; capacity: 69.9375 GB. Object creation will fail if spilling is required.
[36m(run_dp_rank pid=2687594)[0m 2026-03-09 14:57:46,381 - piper_compile - INFO - DP rank 1 compiling...
[36m(run_dp_rank pid=2687594)[0m Stage 0 time measured on controller: 4.06 ms
[36m(run_dp_rank pid=2687594)[0m Stage 1 time measured on controller: 4.02 ms
[36m(run_dp_rank pid=2687594)[0m Stage 2 time measured on controller: 2.70 ms
[36m(run_dp_rank pid=2687594)[0m Stage 3 time measured on controller: 0.19 ms
[36m(run_dp_rank pid=2687594)[0m 2026-03-09 14:57:51,188 - piper_backend - WARNING - Should not directly call compiled module, running non-distributed execution
[36m(run_dp_rank pid=2687594)[0m 2026-03-09 14:57:51,188 - piper_compile - INFO - DP rank 1 done.
[36m(run_dp_rank pid=2687594)[0m Running 5 warmup iterations...
[36m(PiperActor pid=2687577)[0m [rank1]:[W309 14:57:51.031928771 ProcessGroupNCCL.cpp:4068] Warning: An unbatched P2P op (send/recv) was called on this ProcessGroup with size 2.  In lazy initialization mode, this will result in a new 2-rank NCCL communicator to be created. (function operator())
[36m(PiperActor pid=2687579)[0m [rank0]:[W309 14:57:51.293357587 ProcessGroupNCCL.cpp:4068] Warning: An unbatched P2P op (send/recv) was called on this ProcessGroup with size 2.  In lazy initialization mode, this will result in a new 2-rank NCCL communicator to be created. (function operator())
[36m(PiperActor pid=2687579)[0m [rank0]:[W309 14:57:53.799416879 ProcessGroupNCCL.cpp:4068] Warning: An unbatched P2P op (send/recv) was called on this ProcessGroup with size 2.  In lazy initialization mode, this will result in a new 2-rank NCCL communicator to be created. (function operator())
[36m(PiperActor pid=2687577)[0m [rank1]:[W309 14:57:53.989258762 ProcessGroupNCCL.cpp:4068] Warning: An unbatched P2P op (send/recv) was called on this ProcessGroup with size 2.  In lazy initialization mode, this will result in a new 2-rank NCCL communicator to be created. (function operator())
[36m(PiperActor pid=2687579)[0m /m-coriander/coriander/wxdeng/conda-envs/piper_ref/lib/python3.10/site-packages/torch/autograd/graph.py:865: UserWarning: Attempting to run cuBLAS, but there was no current CUDA context! Attempting to set the primary context... (Triggered internally at /pytorch/aten/src/ATen/cuda/CublasHandlePool.cpp:330.)
[36m(PiperActor pid=2687579)[0m   return Variable._execution_engine.run_backward(  # Calls into the C++ engine to run the backward pass
[33m(raylet)[0m [2026-03-09 14:57:54,325 E 2687383 2687424] (raylet) file_system_monitor.cc:116: /tmp/ray/ray/session_2026-03-09_14-57-18_705671_2685485 is over 95% full, available space: 1.66444 GB; capacity: 69.9375 GB. Object creation will fail if spilling is required.
[36m(run_dp_rank pid=2687594)[0m Warmup 0 completed
[36m(run_dp_rank pid=2687594)[0m Warmup 1 completed
[36m(run_dp_rank pid=2687594)[0m Warmup 2 completed
[36m(run_dp_rank pid=2687594)[0m Warmup 3 completed
[36m(run_dp_rank pid=2687594)[0m Warmup 4 completed
[36m(run_dp_rank pid=2687594)[0m Running 10 timed iterations...
[36m(run_dp_rank pid=2687594)[0m rank 0 iter time= 0.141 ± 0.004 s (10 samples)
[36m(run_dp_rank pid=2687594)[0m rank 0 throughput= 116525.096 tokens/sec (10 samples)
[36m(run_dp_rank pid=2687594)[0m Ray timeline saved to: out/debug-pp2-dp1-interleaved-1f1b.json
