2026-03-09 21:58:07,111	INFO worker.py:2007 -- Started a local Ray instance.
/m-coriander/coriander/wxdeng/conda-envs/piper_ref/lib/python3.10/site-packages/ray/_private/worker.py:2046: FutureWarning: Tip: In future versions of Ray, Ray will no longer override accelerator visible devices env var if num_gpus=0 or num_gpus=None (default). To enable this behavior and turn off this error message, set RAY_ACCEL_ENV_VAR_OVERRIDE_ON_ZERO=0
  warnings.warn(
[33m(raylet)[0m [2026-03-09 21:58:17,050 E 2103369 2103496] (raylet) file_system_monitor.cc:116: /tmp/ray/ray/session_2026-03-09_21-58-01_435280_2082542 is over 95% full, available space: 1.39233 GB; capacity: 69.9375 GB. Object creation will fail if spilling is required.
[36m(run_dp_rank pid=2104175)[0m Namespace(model='3b', schedule='interleaved-1f1b', dp=1, pp=2, batch_size=16, mbs=4, seq_len=256, warmup=5, iters=10, tracing=False, naive_gradient_sync=False, zero_stage=1)
[33m(raylet)[0m [2026-03-09 21:58:27,062 E 2103369 2103496] (raylet) file_system_monitor.cc:116: /tmp/ray/ray/session_2026-03-09_21-58-01_435280_2082542 is over 95% full, available space: 1.39219 GB; capacity: 69.9375 GB. Object creation will fail if spilling is required.
[33m(raylet)[0m [2026-03-09 21:58:37,074 E 2103369 2103496] (raylet) file_system_monitor.cc:116: /tmp/ray/ray/session_2026-03-09_21-58-01_435280_2082542 is over 95% full, available space: 1.39219 GB; capacity: 69.9375 GB. Object creation will fail if spilling is required.
[33m(raylet)[0m [2026-03-09 21:58:47,089 E 2103369 2103496] (raylet) file_system_monitor.cc:116: /tmp/ray/ray/session_2026-03-09_21-58-01_435280_2082542 is over 95% full, available space: 1.39672 GB; capacity: 69.9375 GB. Object creation will fail if spilling is required.
[36m(run_dp_rank pid=2104175)[0m Schedule:
[36m(run_dp_rank pid=2104175)[0m 0:0:f    	0:1:f    	2:0:f    	2:1:f    	0:2:f    	0:3:f    	2:0:b    	 ------ 	2:1:b    	2:2:f    	0:0:b    	2:3:f    	0:1:b    	 ------ 	2:2:b    	2:3:b    	0:2:b    	0:3:b    	   u        	
[36m(run_dp_rank pid=2104175)[0m  ------ 	1:0:f    	1:1:f    	3:0:f    	3:0:b    	3:1:f    	3:1:b    	1:2:f    	1:0:b    	1:3:f    	1:1:b    	3:2:f    	3:2:b    	3:3:f    	3:3:b    	1:2:b    	1:3:b    	   u        	 ------ 	
[36m(PiperActor pid=2103889)[0m 2026-03-09 21:58:54,673 - piper_actor - INFO - Initializing Ray actor 0 GPU 1
[36m(PiperActor pid=2104562)[0m 2026-03-09 21:58:54,700 - piper_actor - INFO - Initializing Ray actor 1 GPU 2
[33m(raylet)[0m [2026-03-09 21:58:57,114 E 2103369 2103496] (raylet) file_system_monitor.cc:116: /tmp/ray/ray/session_2026-03-09_21-58-01_435280_2082542 is over 95% full, available space: 1.39722 GB; capacity: 69.9375 GB. Object creation will fail if spilling is required.
[36m(run_dp_rank pid=2104175)[0m 2026-03-09 21:59:02,110 - piper_compile - INFO - DP rank 1 compiling...
[33m(raylet)[0m [2026-03-09 21:59:07,143 E 2103369 2103496] (raylet) file_system_monitor.cc:116: /tmp/ray/ray/session_2026-03-09_21-58-01_435280_2082542 is over 95% full, available space: 1.39717 GB; capacity: 69.9375 GB. Object creation will fail if spilling is required.
[36m(run_dp_rank pid=2104175)[0m Stage 0 time measured on controller: 139.14 ms
[33m(raylet)[0m [2026-03-09 21:59:17,156 E 2103369 2103496] (raylet) file_system_monitor.cc:116: /tmp/ray/ray/session_2026-03-09_21-58-01_435280_2082542 is over 95% full, available space: 1.39128 GB; capacity: 69.9375 GB. Object creation will fail if spilling is required.
[36m(run_dp_rank pid=2104175)[0m Stage 1 time measured on controller: 139.16 ms
[33m(raylet)[0m [2026-03-09 21:59:27,168 E 2103369 2103496] (raylet) file_system_monitor.cc:116: /tmp/ray/ray/session_2026-03-09_21-58-01_435280_2082542 is over 95% full, available space: 1.39614 GB; capacity: 69.9375 GB. Object creation will fail if spilling is required.
[36m(run_dp_rank pid=2104175)[0m Stage 2 time measured on controller: 139.19 ms
[36m(run_dp_rank pid=2104175)[0m Stage 3 time measured on controller: 130.44 ms
[33m(raylet)[0m [2026-03-09 21:59:37,181 E 2103369 2103496] (raylet) file_system_monitor.cc:116: /tmp/ray/ray/session_2026-03-09_21-58-01_435280_2082542 is over 95% full, available space: 1.39616 GB; capacity: 69.9375 GB. Object creation will fail if spilling is required.
[36m(run_dp_rank pid=2104175)[0m 2026-03-09 21:59:40,227 - piper_backend - WARNING - Should not directly call compiled module, running non-distributed execution
[36m(run_dp_rank pid=2104175)[0m 2026-03-09 21:59:40,228 - piper_compile - INFO - DP rank 1 done.
[36m(run_dp_rank pid=2104175)[0m Running 5 warmup iterations...
[36m(PiperActor pid=2104562)[0m [rank1]:[W309 21:59:40.080240337 ProcessGroupNCCL.cpp:4068] Warning: An unbatched P2P op (send/recv) was called on this ProcessGroup with size 2.  In lazy initialization mode, this will result in a new 2-rank NCCL communicator to be created. (function operator())
[36m(PiperActor pid=2103889)[0m [rank0]:[W309 21:59:41.541619488 ProcessGroupNCCL.cpp:4068] Warning: An unbatched P2P op (send/recv) was called on this ProcessGroup with size 2.  In lazy initialization mode, this will result in a new 2-rank NCCL communicator to be created. (function operator())
[36m(PiperActor pid=2103889)[0m [rank0]:[W309 21:59:42.156095816 ProcessGroupNCCL.cpp:4068] Warning: An unbatched P2P op (send/recv) was called on this ProcessGroup with size 2.  In lazy initialization mode, this will result in a new 2-rank NCCL communicator to be created. (function operator())
[36m(PiperActor pid=2104562)[0m [rank1]:[W309 21:59:42.264797203 ProcessGroupNCCL.cpp:4068] Warning: An unbatched P2P op (send/recv) was called on this ProcessGroup with size 2.  In lazy initialization mode, this will result in a new 2-rank NCCL communicator to be created. (function operator())
[33m(raylet)[0m [2026-03-09 21:59:47,195 E 2103369 2103496] (raylet) file_system_monitor.cc:116: /tmp/ray/ray/session_2026-03-09_21-58-01_435280_2082542 is over 95% full, available space: 1.39615 GB; capacity: 69.9375 GB. Object creation will fail if spilling is required.
[36m(run_dp_rank pid=2104175)[0m Warmup 0 completed
[36m(run_dp_rank pid=2104175)[0m Warmup 1 completed
[36m(run_dp_rank pid=2104175)[0m Warmup 2 completed
[33m(raylet)[0m [2026-03-09 21:59:57,209 E 2103369 2103496] (raylet) file_system_monitor.cc:116: /tmp/ray/ray/session_2026-03-09_21-58-01_435280_2082542 is over 95% full, available space: 1.39614 GB; capacity: 69.9375 GB. Object creation will fail if spilling is required.
[36m(run_dp_rank pid=2104175)[0m Warmup 3 completed
[36m(run_dp_rank pid=2104175)[0m Warmup 4 completed
[36m(run_dp_rank pid=2104175)[0m Running 10 timed iterations...
[33m(raylet)[0m [2026-03-09 22:00:07,223 E 2103369 2103496] (raylet) file_system_monitor.cc:116: /tmp/ray/ray/session_2026-03-09_21-58-01_435280_2082542 is over 95% full, available space: 1.39604 GB; capacity: 69.9375 GB. Object creation will fail if spilling is required.
[33m(raylet)[0m [2026-03-09 22:00:17,236 E 2103369 2103496] (raylet) file_system_monitor.cc:116: /tmp/ray/ray/session_2026-03-09_21-58-01_435280_2082542 is over 95% full, available space: 1.39409 GB; capacity: 69.9375 GB. Object creation will fail if spilling is required.
[33m(raylet)[0m [2026-03-09 22:00:27,249 E 2103369 2103496] (raylet) file_system_monitor.cc:116: /tmp/ray/ray/session_2026-03-09_21-58-01_435280_2082542 is over 95% full, available space: 1.3941 GB; capacity: 69.9375 GB. Object creation will fail if spilling is required.
[33m(raylet)[0m [2026-03-09 22:00:37,261 E 2103369 2103496] (raylet) file_system_monitor.cc:116: /tmp/ray/ray/session_2026-03-09_21-58-01_435280_2082542 is over 95% full, available space: 1.3941 GB; capacity: 69.9375 GB. Object creation will fail if spilling is required.
[36m(run_dp_rank pid=2104175)[0m rank 0 iter time= 4.044 ± 0.003 s (10 samples)
[36m(run_dp_rank pid=2104175)[0m rank 0 throughput= 4051.131 tokens/sec (10 samples)
[36m(run_dp_rank pid=2104175)[0m Ray timeline saved to: out/3b-pp2-dp1-interleaved-1f1b.json
[33m(raylet)[0m [2026-03-09 22:00:47,277 E 2103369 2103496] (raylet) file_system_monitor.cc:116: /tmp/ray/ray/session_2026-03-09_21-58-01_435280_2082542 is over 95% full, available space: 1.39404 GB; capacity: 69.9375 GB. Object creation will fail if spilling is required.
