2026-03-09 22:42:05,154	INFO worker.py:2007 -- Started a local Ray instance.
/m-coriander/coriander/wxdeng/conda-envs/piper_ref/lib/python3.10/site-packages/ray/_private/worker.py:2046: FutureWarning: Tip: In future versions of Ray, Ray will no longer override accelerator visible devices env var if num_gpus=0 or num_gpus=None (default). To enable this behavior and turn off this error message, set RAY_ACCEL_ENV_VAR_OVERRIDE_ON_ZERO=0
  warnings.warn(
[33m(raylet)[0m [2026-03-09 22:42:15,095 E 2875194 2875230] (raylet) file_system_monitor.cc:116: /tmp/ray/ray/session_2026-03-09_22-41-59_542505_2873013 is over 95% full, available space: 1.47324 GB; capacity: 69.9375 GB. Object creation will fail if spilling is required.
[36m(run_dp_rank pid=2875347)[0m Namespace(model='3b', schedule='interleaved-1f1b', dp=2, pp=2, batch_size=16, mbs=4, seq_len=256, warmup=5, iters=10, tracing=False, naive_gradient_sync=False, zero_stage=1)
[36m(run_dp_rank pid=2875351)[0m Namespace(model='3b', schedule='interleaved-1f1b', dp=2, pp=2, batch_size=16, mbs=4, seq_len=256, warmup=5, iters=10, tracing=False, naive_gradient_sync=False, zero_stage=1)
[33m(raylet)[0m [2026-03-09 22:42:25,109 E 2875194 2875230] (raylet) file_system_monitor.cc:116: /tmp/ray/ray/session_2026-03-09_22-41-59_542505_2873013 is over 95% full, available space: 1.47821 GB; capacity: 69.9375 GB. Object creation will fail if spilling is required.
[33m(raylet)[0m [2026-03-09 22:42:35,124 E 2875194 2875230] (raylet) file_system_monitor.cc:116: /tmp/ray/ray/session_2026-03-09_22-41-59_542505_2873013 is over 95% full, available space: 1.47819 GB; capacity: 69.9375 GB. Object creation will fail if spilling is required.
[33m(raylet)[0m [2026-03-09 22:42:45,139 E 2875194 2875230] (raylet) file_system_monitor.cc:116: /tmp/ray/ray/session_2026-03-09_22-41-59_542505_2873013 is over 95% full, available space: 1.4782 GB; capacity: 69.9375 GB. Object creation will fail if spilling is required.
[36m(run_dp_rank pid=2875351)[0m Schedule:
[36m(run_dp_rank pid=2875351)[0m 0:0:f    	0:1:f    	2:0:f    	2:1:f    	0:2:f    	0:3:f    	2:0:b    	 ------ 	2:1:b    	2:2:f    	0:0:b    	2:3:f    	0:1:b    	 ------ 	2:2:b    	2:3:b    	0:2:b    	0:3:b    	   u        	
[36m(run_dp_rank pid=2875351)[0m  ------ 	1:0:f    	1:1:f    	3:0:f    	3:0:b    	3:1:f    	3:1:b    	1:2:f    	1:0:b    	1:3:f    	1:1:b    	3:2:f    	3:2:b    	3:3:f    	3:3:b    	1:2:b    	1:3:b    	   u        	 ------ 	
[36m(run_dp_rank pid=2875347)[0m Schedule:
[36m(run_dp_rank pid=2875347)[0m 0:0:f    	0:1:f    	2:0:f    	2:1:f    	0:2:f    	0:3:f    	2:0:b    	 ------ 	2:1:b    	2:2:f    	0:0:b    	2:3:f    	0:1:b    	 ------ 	2:2:b    	2:3:b    	0:2:b    	0:3:b    	   u        	
[36m(run_dp_rank pid=2875347)[0m  ------ 	1:0:f    	1:1:f    	3:0:f    	3:0:b    	3:1:f    	3:1:b    	1:2:f    	1:0:b    	1:3:f    	1:1:b    	3:2:f    	3:2:b    	3:3:f    	3:3:b    	1:2:b    	1:3:b    	   u        	 ------ 	
[36m(PiperActor pid=2875383)[0m 2026-03-09 22:42:52,618 - piper_actor - INFO - Initializing Ray actor 0 GPU 1
[36m(PiperActor pid=2875392)[0m 2026-03-09 22:42:52,713 - piper_actor - INFO - Initializing Ray actor 1 GPU 2
[36m(PiperActor pid=2875350)[0m 2026-03-09 22:42:52,729 - piper_actor - INFO - Initializing Ray actor 3 GPU 4
[36m(PiperActor pid=2875389)[0m 2026-03-09 22:42:52,729 - piper_actor - INFO - Initializing Ray actor 2 GPU 3
[33m(raylet)[0m [2026-03-09 22:42:55,154 E 2875194 2875230] (raylet) file_system_monitor.cc:116: /tmp/ray/ray/session_2026-03-09_22-41-59_542505_2873013 is over 95% full, available space: 1.47817 GB; capacity: 69.9375 GB. Object creation will fail if spilling is required.
[36m(run_dp_rank pid=2875347)[0m 2026-03-09 22:43:04,908 - piper_compile - INFO - DP rank 2 compiling...
[36m(run_dp_rank pid=2875351)[0m 2026-03-09 22:43:04,907 - piper_compile - INFO - DP rank 1 compiling...
[33m(raylet)[0m [2026-03-09 22:43:05,170 E 2875194 2875230] (raylet) file_system_monitor.cc:116: /tmp/ray/ray/session_2026-03-09_22-41-59_542505_2873013 is over 95% full, available space: 1.47808 GB; capacity: 69.9375 GB. Object creation will fail if spilling is required.
[36m(run_dp_rank pid=2875347)[0m Stage 0 time measured on controller: 307.10 ms
[36m(run_dp_rank pid=2875351)[0m Stage 0 time measured on controller: 308.00 ms
[33m(raylet)[0m [2026-03-09 22:43:15,185 E 2875194 2875230] (raylet) file_system_monitor.cc:116: /tmp/ray/ray/session_2026-03-09_22-41-59_542505_2873013 is over 95% full, available space: 1.47709 GB; capacity: 69.9375 GB. Object creation will fail if spilling is required.
[36m(run_dp_rank pid=2875347)[0m Stage 1 time measured on controller: 139.19 ms
[36m(run_dp_rank pid=2875351)[0m Stage 1 time measured on controller: 139.20 ms
[33m(raylet)[0m [2026-03-09 22:43:25,200 E 2875194 2875230] (raylet) file_system_monitor.cc:116: /tmp/ray/ray/session_2026-03-09_22-41-59_542505_2873013 is over 95% full, available space: 1.47702 GB; capacity: 69.9375 GB. Object creation will fail if spilling is required.
[36m(run_dp_rank pid=2875347)[0m Stage 2 time measured on controller: 139.17 ms
[36m(run_dp_rank pid=2875351)[0m Stage 2 time measured on controller: 159.96 ms
[36m(run_dp_rank pid=2875347)[0m Stage 3 time measured on controller: 130.45 ms
[36m(run_dp_rank pid=2875351)[0m Stage 3 time measured on controller: 130.44 ms
[33m(raylet)[0m [2026-03-09 22:43:35,215 E 2875194 2875230] (raylet) file_system_monitor.cc:116: /tmp/ray/ray/session_2026-03-09_22-41-59_542505_2873013 is over 95% full, available space: 1.47704 GB; capacity: 69.9375 GB. Object creation will fail if spilling is required.
[36m(run_dp_rank pid=2875347)[0m 2026-03-09 22:43:40,820 - piper_backend - WARNING - Should not directly call compiled module, running non-distributed execution
[36m(run_dp_rank pid=2875347)[0m 2026-03-09 22:43:40,820 - piper_compile - INFO - DP rank 2 done.
[36m(run_dp_rank pid=2875347)[0m Running 5 warmup iterations...
[36m(PiperActor pid=2875350)[0m [rank3]:[W309 22:43:41.798146621 ProcessGroupNCCL.cpp:4068] Warning: An unbatched P2P op (send/recv) was called on this ProcessGroup with size 2.  In lazy initialization mode, this will result in a new 2-rank NCCL communicator to be created. (function operator())
[36m(PiperActor pid=2875389)[0m [rank2]:[W309 22:43:42.757082704 ProcessGroupNCCL.cpp:4068] Warning: An unbatched P2P op (send/recv) was called on this ProcessGroup with size 2.  In lazy initialization mode, this will result in a new 2-rank NCCL communicator to be created. (function operator())
[36m(run_dp_rank pid=2875351)[0m 2026-03-09 22:43:44,807 - piper_backend - WARNING - Should not directly call compiled module, running non-distributed execution
[36m(run_dp_rank pid=2875351)[0m 2026-03-09 22:43:44,808 - piper_compile - INFO - DP rank 1 done.
[33m(raylet)[0m [2026-03-09 22:43:45,230 E 2875194 2875230] (raylet) file_system_monitor.cc:116: /tmp/ray/ray/session_2026-03-09_22-41-59_542505_2873013 is over 95% full, available space: 1.47703 GB; capacity: 69.9375 GB. Object creation will fail if spilling is required.
[36m(run_dp_rank pid=2875351)[0m Running 5 warmup iterations...
[36m(PiperActor pid=2875392)[0m [rank1]:[W309 22:43:45.885325467 ProcessGroupNCCL.cpp:4068] Warning: An unbatched P2P op (send/recv) was called on this ProcessGroup with size 2.  In lazy initialization mode, this will result in a new 2-rank NCCL communicator to be created. (function operator())
[36m(PiperActor pid=2875383)[0m [rank0]:[W309 22:43:46.907987648 ProcessGroupNCCL.cpp:4068] Warning: An unbatched P2P op (send/recv) was called on this ProcessGroup with size 2.  In lazy initialization mode, this will result in a new 2-rank NCCL communicator to be created. (function operator())
[36m(PiperActor pid=2875383)[0m [rank0]:[W309 22:43:50.874415843 ProcessGroupNCCL.cpp:4068] Warning: An unbatched P2P op (send/recv) was called on this ProcessGroup with size 2.  In lazy initialization mode, this will result in a new 2-rank NCCL communicator to be created. (function operator())
[36m(PiperActor pid=2875392)[0m [rank1]:[W309 22:43:50.264331469 ProcessGroupNCCL.cpp:4068] Warning: An unbatched P2P op (send/recv) was called on this ProcessGroup with size 2.  In lazy initialization mode, this will result in a new 2-rank NCCL communicator to be created. (function operator())
[36m(PiperActor pid=2875389)[0m [rank2]:[W309 22:43:54.931219822 ProcessGroupNCCL.cpp:4068] Warning: An unbatched P2P op (send/recv) was called on this ProcessGroup with size 2.  In lazy initialization mode, this will result in a new 2-rank NCCL communicator to be created. (function operator())
[33m(raylet)[0m [2026-03-09 22:43:55,246 E 2875194 2875230] (raylet) file_system_monitor.cc:116: /tmp/ray/ray/session_2026-03-09_22-41-59_542505_2873013 is over 95% full, available space: 1.47702 GB; capacity: 69.9375 GB. Object creation will fail if spilling is required.
[36m(PiperActor pid=2875350)[0m [rank3]:[W309 22:43:55.821927540 ProcessGroupNCCL.cpp:4068] Warning: An unbatched P2P op (send/recv) was called on this ProcessGroup with size 2.  In lazy initialization mode, this will result in a new 2-rank NCCL communicator to be created. (function operator())
[33m(raylet)[0m [2026-03-09 22:44:05,262 E 2875194 2875230] (raylet) file_system_monitor.cc:116: /tmp/ray/ray/session_2026-03-09_22-41-59_542505_2873013 is over 95% full, available space: 1.47699 GB; capacity: 69.9375 GB. Object creation will fail if spilling is required.
[33m(raylet)[0m [2026-03-09 22:44:15,282 E 2875194 2875230] (raylet) file_system_monitor.cc:116: /tmp/ray/ray/session_2026-03-09_22-41-59_542505_2873013 is over 95% full, available space: 1.47501 GB; capacity: 69.9375 GB. Object creation will fail if spilling is required.
[36m(run_dp_rank pid=2875347)[0m Warmup 0 completed
[36m(run_dp_rank pid=2875351)[0m Warmup 0 completed
[33m(raylet)[0m [2026-03-09 22:44:25,297 E 2875194 2875230] (raylet) file_system_monitor.cc:116: /tmp/ray/ray/session_2026-03-09_22-41-59_542505_2873013 is over 95% full, available space: 1.47503 GB; capacity: 69.9375 GB. Object creation will fail if spilling is required.
[36m(run_dp_rank pid=2875347)[0m Warmup 1 completed
[36m(run_dp_rank pid=2875351)[0m Warmup 1 completed
[36m(run_dp_rank pid=2875347)[0m Warmup 2 completed
[36m(run_dp_rank pid=2875351)[0m Warmup 2 completed
[36m(run_dp_rank pid=2875347)[0m Warmup 3 completed
[36m(run_dp_rank pid=2875351)[0m Warmup 3 completed
[33m(raylet)[0m [2026-03-09 22:44:35,312 E 2875194 2875230] (raylet) file_system_monitor.cc:116: /tmp/ray/ray/session_2026-03-09_22-41-59_542505_2873013 is over 95% full, available space: 1.47501 GB; capacity: 69.9375 GB. Object creation will fail if spilling is required.
[36m(run_dp_rank pid=2875347)[0m Warmup 4 completed
[36m(run_dp_rank pid=2875347)[0m Running 10 timed iterations...
[36m(run_dp_rank pid=2875351)[0m Warmup 4 completed
[36m(run_dp_rank pid=2875351)[0m Running 10 timed iterations...
[33m(raylet)[0m [2026-03-09 22:44:45,329 E 2875194 2875230] (raylet) file_system_monitor.cc:116: /tmp/ray/ray/session_2026-03-09_22-41-59_542505_2873013 is over 95% full, available space: 1.47501 GB; capacity: 69.9375 GB. Object creation will fail if spilling is required.
[33m(raylet)[0m [2026-03-09 22:44:55,344 E 2875194 2875230] (raylet) file_system_monitor.cc:116: /tmp/ray/ray/session_2026-03-09_22-41-59_542505_2873013 is over 95% full, available space: 1.47501 GB; capacity: 69.9375 GB. Object creation will fail if spilling is required.
[33m(raylet)[0m [2026-03-09 22:45:05,396 E 2875194 2875230] (raylet) file_system_monitor.cc:116: /tmp/ray/ray/session_2026-03-09_22-41-59_542505_2873013 is over 95% full, available space: 1.47491 GB; capacity: 69.9375 GB. Object creation will fail if spilling is required.
[33m(raylet)[0m [2026-03-09 22:45:15,411 E 2875194 2875230] (raylet) file_system_monitor.cc:116: /tmp/ray/ray/session_2026-03-09_22-41-59_542505_2873013 is over 95% full, available space: 1.47386 GB; capacity: 69.9375 GB. Object creation will fail if spilling is required.
[36m(run_dp_rank pid=2875347)[0m rank 1 iter time= 4.109 ± 0.021 s (10 samples)
[36m(run_dp_rank pid=2875347)[0m rank 1 throughput= 3987.090 tokens/sec (10 samples)
[36m(run_dp_rank pid=2875351)[0m rank 0 iter time= 4.110 ± 0.022 s (10 samples)
[36m(run_dp_rank pid=2875351)[0m rank 0 throughput= 3986.833 tokens/sec (10 samples)
[36m(run_dp_rank pid=2875347)[0m Ray timeline saved to: out/3b-pp2-dp2-interleaved-1f1b.json
[36m(run_dp_rank pid=2875351)[0m Ray timeline saved to: out/3b-pp2-dp2-interleaved-1f1b.json
[33m(raylet)[0m [2026-03-09 22:45:25,427 E 2875194 2875230] (raylet) file_system_monitor.cc:116: /tmp/ray/ray/session_2026-03-09_22-41-59_542505_2873013 is over 95% full, available space: 1.47376 GB; capacity: 69.9375 GB. Object creation will fail if spilling is required.
