2026-02-02 22:59:36,279	INFO worker.py:2007 -- Started a local Ray instance.
/m-coriander/coriander/wxdeng/conda-envs/piper_ref/lib/python3.10/site-packages/ray/_private/worker.py:2046: FutureWarning: Tip: In future versions of Ray, Ray will no longer override accelerator visible devices env var if num_gpus=0 or num_gpus=None (default). To enable this behavior and turn off this error message, set RAY_ACCEL_ENV_VAR_OVERRIDE_ON_ZERO=0
  warnings.warn(
session_dir = /home/wxdeng/ray_tmp/ray/session_2026-02-02_22-59-30_857546_863028
logs_dir    = /home/wxdeng/ray_tmp/ray/session_2026-02-02_22-59-30_857546_863028/logs
trigger_out_of_band_tensor_transfer called
[36m(PiperProgramCoordinator pid=863769)[0m 2026-02-02 22:59:46,099 - piper_coordinator - INFO - Running program with 1 DP ranks and 2 PP ranks
[36m(run_dp_rank pid=863768)[0m Namespace(model='LLAMA_3B', schedule='interleaved-1f1b', num_stages=4, dp_degree=1, pp_degree=2, batch_size=16, num_mbs=4, seq_len=256, warmup=1, iters=1, tracing=False, verify_weights=False)
[36m(run_dp_rank pid=863768)[0m 2026-02-02 23:00:15,986 - piper_compile - INFO - DP rank 0 compiling 4 stages...
[36m(run_dp_rank pid=863768)[0m trigger_out_of_band_tensor_transfer called
[33m(raylet)[0m WARNING: Device-side CUDA Event completion trace is currently enabled.
[33m(raylet)[0m          This may increase runtime overhead and the likelihood of false
[33m(raylet)[0m          dependencies across CUDA Streams. If you wish to avoid this, please
[33m(raylet)[0m          disable the feature with --cuda-event-trace=false.
[36m(PiperActor pid=880935)[0m 2026-02-02 23:00:41,521 - piper_actor - INFO - Initializing Ray actor 0 global rank 0 with PID: 880935
[36m(run_dp_rank pid=863768)[0m trigger_out_of_band_tensor_transfer called
[33m(raylet)[0m WARNING: Device-side CUDA Event completion trace is currently enabled.
[33m(raylet)[0m          This may increase runtime overhead and the likelihood of false
[33m(raylet)[0m          dependencies across CUDA Streams. If you wish to avoid this, please
[33m(raylet)[0m          disable the feature with --cuda-event-trace=false.
[36m(run_dp_rank pid=863768)[0m trigger_out_of_band_tensor_transfer called
[36m(PiperActor pid=881834)[0m 2026-02-02 23:01:01,572 - piper_actor - INFO - Initializing Ray actor 1 global rank 1 with PID: 881834
[36m(run_dp_rank pid=863768)[0m trigger_out_of_band_tensor_transfer called
[36m(run_dp_rank pid=863768)[0m trigger_out_of_band_tensor_transfer called
[36m(run_dp_rank pid=863768)[0m trigger_out_of_band_tensor_transfer called
[36m(run_dp_rank pid=863768)[0m trigger_out_of_band_tensor_transfer called
[36m(run_dp_rank pid=863768)[0m trigger_out_of_band_tensor_transfer called
[36m(run_dp_rank pid=863768)[0m trigger_out_of_band_tensor_transfer called
[36m(run_dp_rank pid=863768)[0m trigger_out_of_band_tensor_transfer called
[36m(run_dp_rank pid=863768)[0m 2026-02-02 23:01:31,083 - piper_compile - INFO - DP rank 0 joining process groups
[36m(run_dp_rank pid=863768)[0m 2026-02-02 23:01:31,105 - piper_compile - INFO - DP rank 0 completed setup for 2 actors
[36m(run_dp_rank pid=863768)[0m trigger_out_of_band_tensor_transfer called
[36m(run_dp_rank pid=863768)[0m trigger_out_of_band_tensor_transfer called
[36m(run_dp_rank pid=863768)[0m SCHEDULE:
[36m(run_dp_rank pid=863768)[0m 0:0:f	0:1:f	2:0:f	2:1:f	0:2:f	0:3:f	2:0:b	 -- 	2:1:b	2:2:f	0:0:b	2:3:f	0:1:b	 -- 	2:2:b	2:3:b	0:2:b	0:3:b	0:0:u	
[36m(run_dp_rank pid=863768)[0m  -- 	1:0:f	1:1:f	3:0:f	3:0:b	3:1:f	3:1:b	1:2:f	1:0:b	1:3:f	1:1:b	3:2:f	3:2:b	3:3:f	3:3:b	1:2:b	1:3:b	1:0:u	 -- 	
[36m(run_dp_rank pid=863768)[0m trigger_out_of_band_tensor_transfer called
[36m(run_dp_rank pid=863768)[0m trigger_out_of_band_tensor_transfer called
[36m(run_dp_rank pid=863768)[0m 2026-02-02 23:01:31,865 - piper_compile - INFO - DP rank 0 Started NCCL group with 2 actors
[36m(run_dp_rank pid=863768)[0m trigger_out_of_band_tensor_transfer called
[36m(run_dp_rank pid=863768)[0m trigger_out_of_band_tensor_transfer called
[36m(run_dp_rank pid=863768)[0m Running 1 warmup iterations...
[36m(run_dp_rank pid=863768)[0m trigger_out_of_band_tensor_transfer called
[36m(run_dp_rank pid=863768)[0m trigger_out_of_band_tensor_transfer called
[36m(run_dp_rank pid=863768)[0m trigger_out_of_band_tensor_transfer called
[36m(run_dp_rank pid=863768)[0m trigger_out_of_band_tensor_transfer called
[36m(run_dp_rank pid=863768)[0m trigger_out_of_band_tensor_transfer called
[36m(run_dp_rank pid=863768)[0m trigger_out_of_band_tensor_transfer called
[36m(run_dp_rank pid=863768)[0m trigger_out_of_band_tensor_transfer called
[36m(run_dp_rank pid=863768)[0m trigger_out_of_band_tensor_transfer called
[36m(run_dp_rank pid=863768)[0m trigger_out_of_band_tensor_transfer called
[36m(run_dp_rank pid=863768)[0m trigger_out_of_band_tensor_transfer called
[36m(run_dp_rank pid=863768)[0m trigger_out_of_band_tensor_transfer called
[36m(run_dp_rank pid=863768)[0m trigger_out_of_band_tensor_transfer called
[36m(run_dp_rank pid=863768)[0m trigger_out_of_band_tensor_transfer called
[36m(run_dp_rank pid=863768)[0m trigger_out_of_band_tensor_transfer called
[36m(run_dp_rank pid=863768)[0m trigger_out_of_band_tensor_transfer called
[36m(run_dp_rank pid=863768)[0m trigger_out_of_band_tensor_transfer called
[36m(run_dp_rank pid=863768)[0m trigger_out_of_band_tensor_transfer called
[36m(run_dp_rank pid=863768)[0m trigger_out_of_band_tensor_transfer called
[36m(run_dp_rank pid=863768)[0m trigger_out_of_band_tensor_transfer called
[36m(run_dp_rank pid=863768)[0m trigger_out_of_band_tensor_transfer called
[36m(run_dp_rank pid=863768)[0m trigger_out_of_band_tensor_transfer called
[36m(run_dp_rank pid=863768)[0m trigger_out_of_band_tensor_transfer called
[36m(run_dp_rank pid=863768)[0m trigger_out_of_band_tensor_transfer called
[36m(run_dp_rank pid=863768)[0m trigger_out_of_band_tensor_transfer called
[36m(run_dp_rank pid=863768)[0m trigger_out_of_band_tensor_transfer called
[36m(run_dp_rank pid=863768)[0m trigger_out_of_band_tensor_transfer called
[36m(run_dp_rank pid=863768)[0m trigger_out_of_band_tensor_transfer called
[36m(run_dp_rank pid=863768)[0m trigger_out_of_band_tensor_transfer called
[36m(run_dp_rank pid=863768)[0m trigger_out_of_band_tensor_transfer called
[36m(run_dp_rank pid=863768)[0m trigger_out_of_band_tensor_transfer called
[36m(run_dp_rank pid=863768)[0m trigger_out_of_band_tensor_transfer called
[36m(run_dp_rank pid=863768)[0m trigger_out_of_band_tensor_transfer called
[36m(run_dp_rank pid=863768)[0m trigger_out_of_band_tensor_transfer called
[36m(run_dp_rank pid=863768)[0m trigger_out_of_band_tensor_transfer called
[36m(run_dp_rank pid=863768)[0m trigger_out_of_band_tensor_transfer called
[36m(run_dp_rank pid=863768)[0m trigger_out_of_band_tensor_transfer called
[36m(run_dp_rank pid=863768)[0m trigger_out_of_band_tensor_transfer called
[36m(run_dp_rank pid=863768)[0m trigger_out_of_band_tensor_transfer called
[36m(run_dp_rank pid=863768)[0m trigger_out_of_band_tensor_transfer called
[36m(run_dp_rank pid=863768)[0m trigger_out_of_band_tensor_transfer called
[36m(run_dp_rank pid=863768)[0m trigger_out_of_band_tensor_transfer called
[36m(run_dp_rank pid=863768)[0m trigger_out_of_band_tensor_transfer called
[36m(run_dp_rank pid=863768)[0m trigger_out_of_band_tensor_transfer called
[36m(run_dp_rank pid=863768)[0m trigger_out_of_band_tensor_transfer called
[36m(run_dp_rank pid=863768)[0m trigger_out_of_band_tensor_transfer called
[36m(run_dp_rank pid=863768)[0m trigger_out_of_band_tensor_transfer called
[36m(run_dp_rank pid=863768)[0m trigger_out_of_band_tensor_transfer called
[36m(run_dp_rank pid=863768)[0m trigger_out_of_band_tensor_transfer called
[36m(run_dp_rank pid=863768)[0m trigger_out_of_band_tensor_transfer called
[36m(run_dp_rank pid=863768)[0m trigger_out_of_band_tensor_transfer called
[36m(run_dp_rank pid=863768)[0m trigger_out_of_band_tensor_transfer called
[36m(run_dp_rank pid=863768)[0m trigger_out_of_band_tensor_transfer called
[36m(run_dp_rank pid=863768)[0m trigger_out_of_band_tensor_transfer called
[36m(run_dp_rank pid=863768)[0m trigger_out_of_band_tensor_transfer called
[36m(run_dp_rank pid=863768)[0m trigger_out_of_band_tensor_transfer called
[36m(run_dp_rank pid=863768)[0m trigger_out_of_band_tensor_transfer called
[36m(run_dp_rank pid=863768)[0m trigger_out_of_band_tensor_transfer called
[36m(run_dp_rank pid=863768)[0m trigger_out_of_band_tensor_transfer called
[36m(run_dp_rank pid=863768)[0m trigger_out_of_band_tensor_transfer called
[36m(run_dp_rank pid=863768)[0m trigger_out_of_band_tensor_transfer called
[36m(run_dp_rank pid=863768)[0m trigger_out_of_band_tensor_transfer called
[36m(run_dp_rank pid=863768)[0m trigger_out_of_band_tensor_transfer called
[36m(run_dp_rank pid=863768)[0m trigger_out_of_band_tensor_transfer called
[36m(run_dp_rank pid=863768)[0m trigger_out_of_band_tensor_transfer called
[36m(run_dp_rank pid=863768)[0m trigger_out_of_band_tensor_transfer called
[36m(run_dp_rank pid=863768)[0m trigger_out_of_band_tensor_transfer called
[36m(run_dp_rank pid=863768)[0m trigger_out_of_band_tensor_transfer called
[36m(run_dp_rank pid=863768)[0m trigger_out_of_band_tensor_transfer called
[36m(run_dp_rank pid=863768)[0m trigger_out_of_band_tensor_transfer called
[36m(run_dp_rank pid=863768)[0m trigger_out_of_band_tensor_transfer called
[36m(run_dp_rank pid=863768)[0m trigger_out_of_band_tensor_transfer called
[36m(run_dp_rank pid=863768)[0m trigger_out_of_band_tensor_transfer called
[36m(run_dp_rank pid=863768)[0m trigger_out_of_band_tensor_transfer called
[36m(run_dp_rank pid=863768)[0m trigger_out_of_band_tensor_transfer called
[36m(run_dp_rank pid=863768)[0m trigger_out_of_band_tensor_transfer called
[36m(run_dp_rank pid=863768)[0m trigger_out_of_band_tensor_transfer called
[36m(run_dp_rank pid=863768)[0m trigger_out_of_band_tensor_transfer called
[36m(run_dp_rank pid=863768)[0m trigger_out_of_band_tensor_transfer called
[36m(run_dp_rank pid=863768)[0m trigger_out_of_band_tensor_transfer called
[36m(run_dp_rank pid=863768)[0m trigger_out_of_band_tensor_transfer called
[36m(run_dp_rank pid=863768)[0m trigger_out_of_band_tensor_transfer called
[36m(run_dp_rank pid=863768)[0m trigger_out_of_band_tensor_transfer called
[36m(run_dp_rank pid=863768)[0m trigger_out_of_band_tensor_transfer called
[36m(run_dp_rank pid=863768)[0m trigger_out_of_band_tensor_transfer called
[36m(run_dp_rank pid=863768)[0m trigger_out_of_band_tensor_transfer called
[36m(run_dp_rank pid=863768)[0m trigger_out_of_band_tensor_transfer called
[36m(run_dp_rank pid=863768)[0m trigger_out_of_band_tensor_transfer called
[36m(run_dp_rank pid=863768)[0m trigger_out_of_band_tensor_transfer called
[36m(run_dp_rank pid=863768)[0m trigger_out_of_band_tensor_transfer called
[36m(run_dp_rank pid=863768)[0m trigger_out_of_band_tensor_transfer called
[36m(run_dp_rank pid=863768)[0m trigger_out_of_band_tensor_transfer called
[36m(run_dp_rank pid=863768)[0m trigger_out_of_band_tensor_transfer called
[36m(run_dp_rank pid=863768)[0m trigger_out_of_band_tensor_transfer called
[36m(run_dp_rank pid=863768)[0m trigger_out_of_band_tensor_transfer called
[36m(run_dp_rank pid=863768)[0m trigger_out_of_band_tensor_transfer called
[36m(run_dp_rank pid=863768)[0m trigger_out_of_band_tensor_transfer called
[36m(run_dp_rank pid=863768)[0m trigger_out_of_band_tensor_transfer called
[36m(run_dp_rank pid=863768)[0m trigger_out_of_band_tensor_transfer called
[36m(run_dp_rank pid=863768)[0m trigger_out_of_band_tensor_transfer called
[36m(run_dp_rank pid=863768)[0m trigger_out_of_band_tensor_transfer called
[36m(run_dp_rank pid=863768)[0m trigger_out_of_band_tensor_transfer called
[36m(run_dp_rank pid=863768)[0m trigger_out_of_band_tensor_transfer called
[36m(run_dp_rank pid=863768)[0m trigger_out_of_band_tensor_transfer called
[36m(run_dp_rank pid=863768)[0m trigger_out_of_band_tensor_transfer called
[36m(run_dp_rank pid=863768)[0m trigger_out_of_band_tensor_transfer called
[36m(run_dp_rank pid=863768)[0m trigger_out_of_band_tensor_transfer called
[36m(run_dp_rank pid=863768)[0m trigger_out_of_band_tensor_transfer called
[36m(run_dp_rank pid=863768)[0m trigger_out_of_band_tensor_transfer called
[36m(run_dp_rank pid=863768)[0m trigger_out_of_band_tensor_transfer called
[36m(run_dp_rank pid=863768)[0m trigger_out_of_band_tensor_transfer called
[36m(run_dp_rank pid=863768)[0m trigger_out_of_band_tensor_transfer called
[36m(run_dp_rank pid=863768)[0m trigger_out_of_band_tensor_transfer called
[36m(run_dp_rank pid=863768)[0m trigger_out_of_band_tensor_transfer called
[36m(run_dp_rank pid=863768)[0m trigger_out_of_band_tensor_transfer called
[36m(run_dp_rank pid=863768)[0m trigger_out_of_band_tensor_transfer called
[36m(run_dp_rank pid=863768)[0m trigger_out_of_band_tensor_transfer called
[36m(run_dp_rank pid=863768)[0m trigger_out_of_band_tensor_transfer called
[36m(run_dp_rank pid=863768)[0m trigger_out_of_band_tensor_transfer called
[36m(run_dp_rank pid=863768)[0m trigger_out_of_band_tensor_transfer called
[36m(run_dp_rank pid=863768)[0m trigger_out_of_band_tensor_transfer called
[36m(run_dp_rank pid=863768)[0m trigger_out_of_band_tensor_transfer called
[36m(run_dp_rank pid=863768)[0m trigger_out_of_band_tensor_transfer called
[36m(run_dp_rank pid=863768)[0m trigger_out_of_band_tensor_transfer called
[36m(run_dp_rank pid=863768)[0m trigger_out_of_band_tensor_transfer called
[36m(run_dp_rank pid=863768)[0m trigger_out_of_band_tensor_transfer called
[36m(run_dp_rank pid=863768)[0m trigger_out_of_band_tensor_transfer called
[36m(run_dp_rank pid=863768)[0m trigger_out_of_band_tensor_transfer called
[36m(run_dp_rank pid=863768)[0m trigger_out_of_band_tensor_transfer called
[36m(run_dp_rank pid=863768)[0m trigger_out_of_band_tensor_transfer called
[36m(run_dp_rank pid=863768)[0m trigger_out_of_band_tensor_transfer called
[36m(run_dp_rank pid=863768)[0m trigger_out_of_band_tensor_transfer called
[36m(run_dp_rank pid=863768)[0m trigger_out_of_band_tensor_transfer called
[36m(run_dp_rank pid=863768)[0m trigger_out_of_band_tensor_transfer called
[36m(run_dp_rank pid=863768)[0m trigger_out_of_band_tensor_transfer called
[36m(run_dp_rank pid=863768)[0m trigger_out_of_band_tensor_transfer called
[36m(run_dp_rank pid=863768)[0m trigger_out_of_band_tensor_transfer called
[36m(run_dp_rank pid=863768)[0m trigger_out_of_band_tensor_transfer called
[36m(run_dp_rank pid=863768)[0m trigger_out_of_band_tensor_transfer called
[36m(run_dp_rank pid=863768)[0m trigger_out_of_band_tensor_transfer called
[36m(run_dp_rank pid=863768)[0m trigger_out_of_band_tensor_transfer called
[36m(run_dp_rank pid=863768)[0m trigger_out_of_band_tensor_transfer called
[36m(run_dp_rank pid=863768)[0m trigger_out_of_band_tensor_transfer called
[36m(PiperActor pid=880935)[0m 2026-02-02 23:01:31,906 - piper_actor - INFO - Actor 0: Tracing disabled
[36m(PiperActor pid=881834)[0m get_gpu_object called
[33m(raylet)[0m WARNING: Device-side CUDA Event completion trace is currently enabled.
[33m(raylet)[0m          This may increase runtime overhead and the likelihood of false
[33m(raylet)[0m          dependencies across CUDA Streams. If you wish to avoid this, please
[33m(raylet)[0m          disable the feature with --cuda-event-trace=false.
[36m(run_dp_rank pid=863768)[0m trigger_out_of_band_tensor_transfer called[32m [repeated 3x across cluster] (Ray deduplicates logs by default. Set RAY_DEDUP_LOGS=0 to disable log deduplication, or see https://docs.ray.io/en/master/ray-observability/user-guides/configure-logging.html#log-deduplication for more options.)[0m
[36m(PiperActor pid=880935)[0m get_gpu_object called
[36m(run_dp_rank pid=863768)[0m trigger_out_of_band_tensor_transfer called[32m [repeated 18x across cluster][0m
[36m(PiperActor pid=880935)[0m get_gpu_object called[32m [repeated 18x across cluster][0m
[36m(run_dp_rank pid=863768)[0m Running 1 timed iterations...
[36m(run_dp_rank pid=863768)[0m trigger_out_of_band_tensor_transfer called[32m [repeated 172x across cluster][0m
[36m(PiperActor pid=881834)[0m get_gpu_object called[32m [repeated 26x across cluster][0m
[36m(run_dp_rank pid=863768)[0m Iteration time: 6697 ms
[36m(run_dp_rank pid=863768)[0m interleaved-1f1b throughput: 2447 tokens/sec
[36m(run_dp_rank pid=863768)[0m (Force sync) trace data from Actor 0:
[36m(run_dp_rank pid=863768)[0m {
[36m(run_dp_rank pid=863768)[0m     "update": {
[36m(run_dp_rank pid=863768)[0m         "total": [],
[36m(run_dp_rank pid=863768)[0m         "peak_memory_delta": [],
[36m(run_dp_rank pid=863768)[0m         "peak_memory": []
[36m(run_dp_rank pid=863768)[0m     },
[36m(run_dp_rank pid=863768)[0m     "0": {
[36m(run_dp_rank pid=863768)[0m         "forward": {
[36m(run_dp_rank pid=863768)[0m             "forward": [
[36m(run_dp_rank pid=863768)[0m                 122.93087768554688,
[36m(run_dp_rank pid=863768)[0m                 123.1845474243164,
[36m(run_dp_rank pid=863768)[0m                 175.78355407714844,
[36m(run_dp_rank pid=863768)[0m                 124.72259521484375
[36m(run_dp_rank pid=863768)[0m             ],
[36m(run_dp_rank pid=863768)[0m             "forward_ref": [
[36m(run_dp_rank pid=863768)[0m                 123.13883402384818,
[36m(run_dp_rank pid=863768)[0m                 123.55984887108207,
[36m(run_dp_rank pid=863768)[0m                 175.93904491513968,
[36m(run_dp_rank pid=863768)[0m                 124.9461998231709
[36m(run_dp_rank pid=863768)[0m             ],
[36m(run_dp_rank pid=863768)[0m             "total": [
[36m(run_dp_rank pid=863768)[0m                 124.49840386398137,
[36m(run_dp_rank pid=863768)[0m                 124.07364300452173,
[36m(run_dp_rank pid=863768)[0m                 176.26028298400342,
[36m(run_dp_rank pid=863768)[0m                 125.22253999486566
[36m(run_dp_rank pid=863768)[0m             ],
[36m(run_dp_rank pid=863768)[0m             "peak_memory_delta": [],
[36m(run_dp_rank pid=863768)[0m             "peak_memory": []
[36m(run_dp_rank pid=863768)[0m         },
[36m(run_dp_rank pid=863768)[0m         "backward": {
[36m(run_dp_rank pid=863768)[0m             "backward": [
[36m(run_dp_rank pid=863768)[0m                 243.2908172607422,
[36m(run_dp_rank pid=863768)[0m                 246.44444274902344,
[36m(run_dp_rank pid=863768)[0m                 246.44281005859375,
[36m(run_dp_rank pid=863768)[0m                 248.49856567382812
[36m(run_dp_rank pid=863768)[0m             ],
[36m(run_dp_rank pid=863768)[0m             "backward_ref": [
[36m(run_dp_rank pid=863768)[0m                 405.1467371173203,
[36m(run_dp_rank pid=863768)[0m                 500.55628502741456,
[36m(run_dp_rank pid=863768)[0m                 493.8507699407637,
[36m(run_dp_rank pid=863768)[0m                 248.76204901374876
[36m(run_dp_rank pid=863768)[0m             ],
[36m(run_dp_rank pid=863768)[0m             "total": [
[36m(run_dp_rank pid=863768)[0m                 405.18740681000054,
[36m(run_dp_rank pid=863768)[0m                 500.5991489160806,
[36m(run_dp_rank pid=863768)[0m                 493.9070241525769,
[36m(run_dp_rank pid=863768)[0m                 248.8085189834237
[36m(run_dp_rank pid=863768)[0m             ],
[36m(run_dp_rank pid=863768)[0m             "peak_memory_delta": [],
[36m(run_dp_rank pid=863768)[0m             "peak_memory": []
[36m(run_dp_rank pid=863768)[0m         }
[36m(run_dp_rank pid=863768)[0m     },
[36m(run_dp_rank pid=863768)[0m     "2": {
[36m(run_dp_rank pid=863768)[0m         "forward": {
[36m(run_dp_rank pid=863768)[0m             "forward": [
[36m(run_dp_rank pid=863768)[0m                 123.02281951904297,
[36m(run_dp_rank pid=863768)[0m                 122.70851135253906,
[36m(run_dp_rank pid=863768)[0m                 122.13030242919922,
[36m(run_dp_rank pid=863768)[0m                 122.09382629394531
[36m(run_dp_rank pid=863768)[0m             ],
[36m(run_dp_rank pid=863768)[0m             "forward_ref": [
[36m(run_dp_rank pid=863768)[0m                 123.39545483700931,
[36m(run_dp_rank pid=863768)[0m                 122.98931204713881,
[36m(run_dp_rank pid=863768)[0m                 243.12110687606037,
[36m(run_dp_rank pid=863768)[0m                 304.5056739356369
[36m(run_dp_rank pid=863768)[0m             ],
[36m(run_dp_rank pid=863768)[0m             "total": [
[36m(run_dp_rank pid=863768)[0m                 124.13574499078095,
[36m(run_dp_rank pid=863768)[0m                 123.88520292006433,
[36m(run_dp_rank pid=863768)[0m                 243.8717819750309,
[36m(run_dp_rank pid=863768)[0m                 305.2848430816084
[36m(run_dp_rank pid=863768)[0m             ],
[36m(run_dp_rank pid=863768)[0m             "peak_memory_delta": [],
[36m(run_dp_rank pid=863768)[0m             "peak_memory": []
[36m(run_dp_rank pid=863768)[0m         },
[36m(run_dp_rank pid=863768)[0m         "backward": {
[36m(run_dp_rank pid=863768)[0m             "backward": [
[36m(run_dp_rank pid=863768)[0m                 242.6455078125,
[36m(run_dp_rank pid=863768)[0m                 244.6395263671875,
[36m(run_dp_rank pid=863768)[0m                 244.5265350341797,
[36m(run_dp_rank pid=863768)[0m                 244.6994171142578
[36m(run_dp_rank pid=863768)[0m             ],
[36m(run_dp_rank pid=863768)[0m             "backward_ref": [
[36m(run_dp_rank pid=863768)[0m                 1229.532320983708,
[36m(run_dp_rank pid=863768)[0m                 616.5353099349886,
[36m(run_dp_rank pid=863768)[0m                 810.9317219350487,
[36m(run_dp_rank pid=863768)[0m                 492.07158712670207
[36m(run_dp_rank pid=863768)[0m             ],
[36m(run_dp_rank pid=863768)[0m             "total": [
[36m(run_dp_rank pid=863768)[0m                 1229.5954241417348,
[36m(run_dp_rank pid=863768)[0m                 616.5779421571642,
[36m(run_dp_rank pid=863768)[0m                 810.9761271625757,
[36m(run_dp_rank pid=863768)[0m                 492.12478613480926
[36m(run_dp_rank pid=863768)[0m             ],
[36m(run_dp_rank pid=863768)[0m             "peak_memory_delta": [],
[36m(run_dp_rank pid=863768)[0m             "peak_memory": []
[36m(run_dp_rank pid=863768)[0m         }
[36m(run_dp_rank pid=863768)[0m     }
[36m(run_dp_rank pid=863768)[0m }
[36m(run_dp_rank pid=863768)[0m ========================================
[36m(run_dp_rank pid=863768)[0m 
[36m(run_dp_rank pid=863768)[0m Timing and Memory statistics for Actor 0:
[36m(run_dp_rank pid=863768)[0m   Update:
[36m(run_dp_rank pid=863768)[0m     total: nan ms
[36m(run_dp_rank pid=863768)[0m     peak_memory_delta: nan GB
[36m(run_dp_rank pid=863768)[0m     peak_memory: nan GB
[36m(run_dp_rank pid=863768)[0m   Stage 0:
[36m(run_dp_rank pid=863768)[0m     Forward:
[36m(run_dp_rank pid=863768)[0m       forward: 136.655 ms
[36m(run_dp_rank pid=863768)[0m       forward_ref: 136.896 ms
[36m(run_dp_rank pid=863768)[0m       total: 137.514 ms
[36m(run_dp_rank pid=863768)[0m       peak_memory_delta: nan GB
[36m(run_dp_rank pid=863768)[0m       peak_memory: nan GB
[36m(run_dp_rank pid=863768)[0m     Backward:
[36m(run_dp_rank pid=863768)[0m       backward: 246.169 ms
[36m(run_dp_rank pid=863768)[0m       backward_ref: 412.079 ms
[36m(run_dp_rank pid=863768)[0m       total: 412.126 ms
[36m(run_dp_rank pid=863768)[0m       peak_memory_delta: nan GB
[36m(run_dp_rank pid=863768)[0m       peak_memory: nan GB
[36m(run_dp_rank pid=863768)[0m   Stage 2:
[36m(run_dp_rank pid=863768)[0m     Forward:
[36m(run_dp_rank pid=863768)[0m       forward: 122.489 ms
[36m(run_dp_rank pid=863768)[0m       forward_ref: 198.503 ms
[36m(run_dp_rank pid=863768)[0m       total: 199.294 ms
[36m(run_dp_rank pid=863768)[0m       peak_memory_delta: nan GB
[36m(run_dp_rank pid=863768)[0m       peak_memory: nan GB
[36m(run_dp_rank pid=863768)[0m     Backward:
[36m(run_dp_rank pid=863768)[0m       backward: 244.128 ms
[36m(run_dp_rank pid=863768)[0m       backward_ref: 787.268 ms
[36m(run_dp_rank pid=863768)[0m       total: 787.319 ms
[36m(run_dp_rank pid=863768)[0m       peak_memory_delta: nan GB
[36m(run_dp_rank pid=863768)[0m       peak_memory: nan GB
[36m(run_dp_rank pid=863768)[0m (Force sync) trace data from Actor 1:
[36m(run_dp_rank pid=863768)[0m {
[36m(run_dp_rank pid=863768)[0m     "update": {
[36m(run_dp_rank pid=863768)[0m         "total": [],
[36m(run_dp_rank pid=863768)[0m         "peak_memory_delta": [],
[36m(run_dp_rank pid=863768)[0m         "peak_memory": []
[36m(run_dp_rank pid=863768)[0m     },
[36m(run_dp_rank pid=863768)[0m     "1": {
[36m(run_dp_rank pid=863768)[0m         "forward": {
[36m(run_dp_rank pid=863768)[0m             "forward": [
[36m(run_dp_rank pid=863768)[0m                 122.87907409667969,
[36m(run_dp_rank pid=863768)[0m                 122.64463806152344,
[36m(run_dp_rank pid=863768)[0m                 122.00067138671875,
[36m(run_dp_rank pid=863768)[0m                 122.00396728515625
[36m(run_dp_rank pid=863768)[0m             ],
[36m(run_dp_rank pid=863768)[0m             "forward_ref": [
[36m(run_dp_rank pid=863768)[0m                 123.03724302910268,
[36m(run_dp_rank pid=863768)[0m                 122.81242897734046,
[36m(run_dp_rank pid=863768)[0m                 365.9346969798207,
[36m(run_dp_rank pid=863768)[0m                 368.35977202281356
[36m(run_dp_rank pid=863768)[0m             ],
[36m(run_dp_rank pid=863768)[0m             "total": [
[36m(run_dp_rank pid=863768)[0m                 123.63601289689541,
[36m(run_dp_rank pid=863768)[0m                 123.35896119475365,
[36m(run_dp_rank pid=863768)[0m                 366.4820708800107,
[36m(run_dp_rank pid=863768)[0m                 368.83066198788583
[36m(run_dp_rank pid=863768)[0m             ],
[36m(run_dp_rank pid=863768)[0m             "peak_memory_delta": [],
[36m(run_dp_rank pid=863768)[0m             "peak_memory": []
[36m(run_dp_rank pid=863768)[0m         },
[36m(run_dp_rank pid=863768)[0m         "backward": {
[36m(run_dp_rank pid=863768)[0m             "backward": [
[36m(run_dp_rank pid=863768)[0m                 243.70962524414062,
[36m(run_dp_rank pid=863768)[0m                 246.0660858154297,
[36m(run_dp_rank pid=863768)[0m                 246.09628295898438,
[36m(run_dp_rank pid=863768)[0m                 245.7533416748047
[36m(run_dp_rank pid=863768)[0m             ],
[36m(run_dp_rank pid=863768)[0m             "backward_ref": [
[36m(run_dp_rank pid=863768)[0m                 243.91545704565942,
[36m(run_dp_rank pid=863768)[0m                 246.3038358837366,
[36m(run_dp_rank pid=863768)[0m                 246.29708705469966,
[36m(run_dp_rank pid=863768)[0m                 245.94911001622677
[36m(run_dp_rank pid=863768)[0m             ],
[36m(run_dp_rank pid=863768)[0m             "total": [
[36m(run_dp_rank pid=863768)[0m                 243.95382404327393,
[36m(run_dp_rank pid=863768)[0m                 246.34693982079625,
[36m(run_dp_rank pid=863768)[0m                 246.3347129523754,
[36m(run_dp_rank pid=863768)[0m                 245.98859786055982
[36m(run_dp_rank pid=863768)[0m             ],
[36m(run_dp_rank pid=863768)[0m             "peak_memory_delta": [],
[36m(run_dp_rank pid=863768)[0m             "peak_memory": []
[36m(run_dp_rank pid=863768)[0m         }
[36m(run_dp_rank pid=863768)[0m     },
[36m(run_dp_rank pid=863768)[0m     "3": {
[36m(run_dp_rank pid=863768)[0m         "forward": {
[36m(run_dp_rank pid=863768)[0m             "forward": [
[36m(run_dp_rank pid=863768)[0m                 183.32591247558594,
[36m(run_dp_rank pid=863768)[0m                 183.67791748046875,
[36m(run_dp_rank pid=863768)[0m                 182.89334106445312,
[36m(run_dp_rank pid=863768)[0m                 183.00146484375
[36m(run_dp_rank pid=863768)[0m             ],
[36m(run_dp_rank pid=863768)[0m             "forward_ref": [
[36m(run_dp_rank pid=863768)[0m                 183.76246001571417,
[36m(run_dp_rank pid=863768)[0m                 183.8389339391142,
[36m(run_dp_rank pid=863768)[0m                 428.7725139874965,
[36m(run_dp_rank pid=863768)[0m                 430.83778279833496
[36m(run_dp_rank pid=863768)[0m             ],
[36m(run_dp_rank pid=863768)[0m             "total": [
[36m(run_dp_rank pid=863768)[0m                 184.26009989343584,
[36m(run_dp_rank pid=863768)[0m                 184.3622021842748,
[36m(run_dp_rank pid=863768)[0m                 429.2669699061662,
[36m(run_dp_rank pid=863768)[0m                 431.35050614364445
[36m(run_dp_rank pid=863768)[0m             ],
[36m(run_dp_rank pid=863768)[0m             "peak_memory_delta": [],
[36m(run_dp_rank pid=863768)[0m             "peak_memory": []
[36m(run_dp_rank pid=863768)[0m         },
[36m(run_dp_rank pid=863768)[0m         "backward": {
[36m(run_dp_rank pid=863768)[0m             "backward": [
[36m(run_dp_rank pid=863768)[0m                 441.5867614746094,
[36m(run_dp_rank pid=863768)[0m                 794.69091796875,
[36m(run_dp_rank pid=863768)[0m                 377.5918273925781,
[36m(run_dp_rank pid=863768)[0m                 378.3480529785156
[36m(run_dp_rank pid=863768)[0m             ],
[36m(run_dp_rank pid=863768)[0m             "backward_ref": [
[36m(run_dp_rank pid=863768)[0m                 441.7344960384071,
[36m(run_dp_rank pid=863768)[0m                 794.8659178800881,
[36m(run_dp_rank pid=863768)[0m                 377.75025493465364,
[36m(run_dp_rank pid=863768)[0m                 378.50917293690145
[36m(run_dp_rank pid=863768)[0m             ],
[36m(run_dp_rank pid=863768)[0m             "total": [
[36m(run_dp_rank pid=863768)[0m                 441.77414500154555,
[36m(run_dp_rank pid=863768)[0m                 794.9031929019839,
[36m(run_dp_rank pid=863768)[0m                 377.780380891636,
[36m(run_dp_rank pid=863768)[0m                 378.5408800467849
[36m(run_dp_rank pid=863768)[0m             ],
[36m(run_dp_rank pid=863768)[0m             "peak_memory_delta": [],
[36m(run_dp_rank pid=863768)[0m             "peak_memory": []
[36m(run_dp_rank pid=863768)[0m         }
[36m(run_dp_rank pid=863768)[0m     }
[36m(run_dp_rank pid=863768)[0m }
[36m(run_dp_rank pid=863768)[0m ========================================
[36m(run_dp_rank pid=863768)[0m 
[36m(run_dp_rank pid=863768)[0m Timing and Memory statistics for Actor 1:
[36m(run_dp_rank pid=863768)[0m   Update:
[36m(run_dp_rank pid=863768)[0m     total: nan ms
[36m(run_dp_rank pid=863768)[0m     peak_memory_delta: nan GB
[36m(run_dp_rank pid=863768)[0m     peak_memory: nan GB
[36m(run_dp_rank pid=863768)[0m   Stage 1:
[36m(run_dp_rank pid=863768)[0m     Forward:
[36m(run_dp_rank pid=863768)[0m       forward: 122.382 ms
[36m(run_dp_rank pid=863768)[0m       forward_ref: 245.036 ms
[36m(run_dp_rank pid=863768)[0m       total: 245.577 ms
[36m(run_dp_rank pid=863768)[0m       peak_memory_delta: nan GB
[36m(run_dp_rank pid=863768)[0m       peak_memory: nan GB
[36m(run_dp_rank pid=863768)[0m     Backward:
[36m(run_dp_rank pid=863768)[0m       backward: 245.406 ms
[36m(run_dp_rank pid=863768)[0m       backward_ref: 245.616 ms
[36m(run_dp_rank pid=863768)[0m       total: 245.656 ms
[36m(run_dp_rank pid=863768)[0m       peak_memory_delta: nan GB
[36m(run_dp_rank pid=863768)[0m       peak_memory: nan GB
[36m(run_dp_rank pid=863768)[0m   Stage 3:
[36m(run_dp_rank pid=863768)[0m     Forward:
[36m(run_dp_rank pid=863768)[0m       forward: 183.225 ms
[36m(run_dp_rank pid=863768)[0m       forward_ref: 306.803 ms
[36m(run_dp_rank pid=863768)[0m       total: 307.310 ms
[36m(run_dp_rank pid=863768)[0m       peak_memory_delta: nan GB
[36m(run_dp_rank pid=863768)[0m       peak_memory: nan GB
[36m(run_dp_rank pid=863768)[0m     Backward:
[36m(run_dp_rank pid=863768)[0m       backward: 498.054 ms
[36m(run_dp_rank pid=863768)[0m       backward_ref: 498.215 ms
[36m(run_dp_rank pid=863768)[0m       total: 498.250 ms
[36m(run_dp_rank pid=863768)[0m       peak_memory_delta: nan GB
[36m(run_dp_rank pid=863768)[0m       peak_memory: nan GB
[36m(run_dp_rank pid=863768)[0m trigger_out_of_band_tensor_transfer called[32m [repeated 31x across cluster][0m
[36m(PiperActor pid=880935)[0m get_gpu_object called[32m [repeated 26x across cluster][0m
[36m(PiperActor pid=881834)[0m 2026-02-02 23:01:31,906 - piper_actor - INFO - Actor 1: Tracing disabled
